<?xml version="1.0" encoding="UTF-8"?>
<!-- Generated by org.testng.reporters.JUnitXMLReporter -->
<testsuite ignored="0" hostname="Daniels-MacBook-Pro.local" failures="0" tests="111" name="ArraySet" time="0.303" errors="0" timestamp="2019-09-13T15:05:09 MDT">
  <testcase classname="TestSimpleSet_1" name="testAdd_element" time="0.005"/>
  <testcase classname="TestSimpleSet_1" name="testContains_invalidElement" time="0.002"/>
  <testcase classname="TestSimpleSet_1" name="testIsEmpty" time="0.001"/>
  <testcase classname="TestSimpleSet_1" name="testRemove_invalidElement" time="0.001"/>
  <testcase classname="TestSimpleSet_1" name="testSize" time="0.001"/>
  <testcase classname="TestSimpleSet_1" name="testToString" time="0.002"/>
  <testcase classname="TestSimpleSet_2" name="testAdd_element" time="0.001"/>
  <testcase classname="TestSimpleSet_2" name="testContains_invalidElement" time="0.001"/>
  <testcase classname="TestSimpleSet_2" name="testIsEmpty" time="0.001"/>
  <testcase classname="TestSimpleSet_2" name="testRemove_invalidElement" time="0.001"/>
  <testcase classname="TestSimpleSet_2" name="testSize" time="0.001"/>
  <testcase classname="TestSimpleSet_2" name="testToString" time="0.001"/>
  <testcase classname="TestSimpleSet_3" name="testAdd_element" time="0.001"/>
  <testcase classname="TestSimpleSet_3" name="testAdd_validElement" time="0.001"/>
  <testcase classname="TestSimpleSet_3" name="testAdd_validElement" time="0.001"/>
  <testcase classname="TestSimpleSet_3" name="testContains_invalidElement" time="0.001"/>
  <testcase classname="TestSimpleSet_3" name="testContains_validElement" time="0.002"/>
  <testcase classname="TestSimpleSet_3" name="testContains_validElement" time="0.001"/>
  <testcase classname="TestSimpleSet_3" name="testIsEmpty" time="0.001"/>
  <testcase classname="TestSimpleSet_3" name="testRemove_invalidElement" time="0.001"/>
  <testcase classname="TestSimpleSet_3" name="testRemove_validElements" time="0.001"/>
  <testcase classname="TestSimpleSet_3" name="testRemove_validElements" time="0.001"/>
  <testcase classname="TestSimpleSet_3" name="testSize" time="0.001"/>
  <testcase classname="TestSimpleSet_3" name="testToString" time="0.0"/>
  <testcase classname="TestSimpleSet_4" name="testAdd_A" time="0.001"/>
  <testcase classname="TestSimpleSet_4" name="testAdd_element" time="0.003"/>
  <testcase classname="TestSimpleSet_4" name="testContains_A" time="0.001"/>
  <testcase classname="TestSimpleSet_4" name="testContains_invalidElement" time="0.001"/>
  <testcase classname="TestSimpleSet_4" name="testIsEmpty" time="0.0"/>
  <testcase classname="TestSimpleSet_4" name="testRemove_A" time="0.001"/>
  <testcase classname="TestSimpleSet_4" name="testRemove_invalidElement" time="0.001"/>
  <testcase classname="TestSimpleSet_4" name="testSize" time="0.001"/>
  <testcase classname="TestSimpleSet_4" name="testToString" time="0.001"/>
  <testcase classname="TestSimpleSet_5" name="testAdd_A" time="0.0"/>
  <testcase classname="TestSimpleSet_5" name="testAdd_element" time="0.002"/>
  <testcase classname="TestSimpleSet_5" name="testContains_A" time="0.001"/>
  <testcase classname="TestSimpleSet_5" name="testContains_invalidElement" time="0.001"/>
  <testcase classname="TestSimpleSet_5" name="testIsEmpty" time="0.001"/>
  <testcase classname="TestSimpleSet_5" name="testRemove_A" time="0.001"/>
  <testcase classname="TestSimpleSet_5" name="testRemove_invalidElement" time="0.001"/>
  <testcase classname="TestSimpleSet_5" name="testSize" time="0.001"/>
  <testcase classname="TestSimpleSet_5" name="testToString" time="0.0"/>
  <testcase classname="TestSimpleSet_6" name="testAdd_B" time="0.001"/>
  <testcase classname="TestSimpleSet_6" name="testAdd_element" time="0.001"/>
  <testcase classname="TestSimpleSet_6" name="testContains_B" time="0.001"/>
  <testcase classname="TestSimpleSet_6" name="testContains_invalidElement" time="0.001"/>
  <testcase classname="TestSimpleSet_6" name="testIsEmpty" time="0.0"/>
  <testcase classname="TestSimpleSet_6" name="testRemove_B" time="0.0"/>
  <testcase classname="TestSimpleSet_6" name="testRemove_invalidElement" time="0.001"/>
  <testcase classname="TestSimpleSet_6" name="testSize" time="0.001"/>
  <testcase classname="TestSimpleSet_6" name="testToString" time="0.001"/>
  <testcase classname="TestSimpleSet_7" name="testAdd_A" time="0.0"/>
  <testcase classname="TestSimpleSet_7" name="testAdd_element" time="0.001"/>
  <testcase classname="TestSimpleSet_7" name="testContains_A" time="0.001"/>
  <testcase classname="TestSimpleSet_7" name="testContains_invalidElement" time="0.0"/>
  <testcase classname="TestSimpleSet_7" name="testIsEmpty" time="0.001"/>
  <testcase classname="TestSimpleSet_7" name="testRemove_A" time="0.0"/>
  <testcase classname="TestSimpleSet_7" name="testRemove_invalidElement" time="0.001"/>
  <testcase classname="TestSimpleSet_7" name="testSize" time="0.0"/>
  <testcase classname="TestSimpleSet_7" name="testToString" time="0.001"/>
  <testcase classname="TestSimpleSet_8" name="testAdd_element" time="0.001"/>
  <testcase classname="TestSimpleSet_8" name="testAdd_validElement" time="0.001"/>
  <testcase classname="TestSimpleSet_8" name="testAdd_validElement" time="0.0"/>
  <testcase classname="TestSimpleSet_8" name="testAdd_validElement" time="0.001"/>
  <testcase classname="TestSimpleSet_8" name="testContains_invalidElement" time="0.0"/>
  <testcase classname="TestSimpleSet_8" name="testContains_validElement" time="0.0"/>
  <testcase classname="TestSimpleSet_8" name="testContains_validElement" time="0.0"/>
  <testcase classname="TestSimpleSet_8" name="testContains_validElement" time="0.001"/>
  <testcase classname="TestSimpleSet_8" name="testIsEmpty" time="0.0"/>
  <testcase classname="TestSimpleSet_8" name="testRemove_invalidElement" time="0.0"/>
  <testcase classname="TestSimpleSet_8" name="testRemove_validElements" time="0.0"/>
  <testcase classname="TestSimpleSet_8" name="testRemove_validElements" time="0.001"/>
  <testcase classname="TestSimpleSet_8" name="testRemove_validElements" time="0.001"/>
  <testcase classname="TestSimpleSet_8" name="testSize" time="0.001"/>
  <testcase classname="TestSimpleSet_8" name="testToString" time="0.0"/>
  <testcase classname="TestSimpleSet_9" name="testAdd_element" time="0.001"/>
  <testcase classname="TestSimpleSet_9" name="testAdd_validElement" time="0.001"/>
  <testcase classname="TestSimpleSet_9" name="testAdd_validElement" time="0.0"/>
  <testcase classname="TestSimpleSet_9" name="testContains_invalidElement" time="0.0"/>
  <testcase classname="TestSimpleSet_9" name="testContains_validElement" time="0.001"/>
  <testcase classname="TestSimpleSet_9" name="testContains_validElement" time="0.0"/>
  <testcase classname="TestSimpleSet_9" name="testIsEmpty" time="0.001"/>
  <testcase classname="TestSimpleSet_9" name="testRemove_invalidElement" time="0.001"/>
  <testcase classname="TestSimpleSet_9" name="testRemove_validElements" time="0.0"/>
  <testcase classname="TestSimpleSet_9" name="testRemove_validElements" time="0.001"/>
  <testcase classname="TestSimpleSet_9" name="testSize" time="0.003"/>
  <testcase classname="TestSimpleSet_9" name="testToString" time="0.0"/>
  <testcase classname="TestSimpleSet_10" name="testAdd_element" time="0.001"/>
  <testcase classname="TestSimpleSet_10" name="testAdd_validElement" time="0.0"/>
  <testcase classname="TestSimpleSet_10" name="testAdd_validElement" time="0.0"/>
  <testcase classname="TestSimpleSet_10" name="testContains_invalidElement" time="0.0"/>
  <testcase classname="TestSimpleSet_10" name="testContains_validElement" time="0.001"/>
  <testcase classname="TestSimpleSet_10" name="testContains_validElement" time="0.001"/>
  <testcase classname="TestSimpleSet_10" name="testIsEmpty" time="0.001"/>
  <testcase classname="TestSimpleSet_10" name="testRemove_invalidElement" time="0.003"/>
  <testcase classname="TestSimpleSet_10" name="testRemove_validElements" time="0.001"/>
  <testcase classname="TestSimpleSet_10" name="testRemove_validElements" time="0.0"/>
  <testcase classname="TestSimpleSet_10" name="testSize" time="0.001"/>
  <testcase classname="TestSimpleSet_10" name="testToString" time="0.001"/>
  <testcase classname="TestSimpleSet_11" name="testAdd_element" time="0.001"/>
  <testcase classname="TestSimpleSet_11" name="testAdd_validElement" time="0.0"/>
  <testcase classname="TestSimpleSet_11" name="testAdd_validElement" time="0.0"/>
  <testcase classname="TestSimpleSet_11" name="testContains_invalidElement" time="0.0"/>
  <testcase classname="TestSimpleSet_11" name="testContains_validElement" time="0.001"/>
  <testcase classname="TestSimpleSet_11" name="testContains_validElement" time="0.001"/>
  <testcase classname="TestSimpleSet_11" name="testIsEmpty" time="0.001"/>
  <testcase classname="TestSimpleSet_11" name="testRemove_invalidElement" time="0.0"/>
  <testcase classname="TestSimpleSet_11" name="testRemove_validElements" time="0.001"/>
  <testcase classname="TestSimpleSet_11" name="testRemove_validElements" time="0.001"/>
  <testcase classname="TestSimpleSet_11" name="testSize" time="0.0"/>
  <testcase classname="TestSimpleSet_11" name="testToString" time="0.0"/>
</testsuite> <!-- ArraySet -->
