<?xml version="1.0" encoding="UTF-8"?>
<!-- Generated by org.testng.reporters.JUnitXMLReporter -->
<testsuite ignored="0" hostname="daniels-mbp.boisestate.edu" failures="24" tests="894" name="IUArrayList" time="1.803" errors="0" timestamp="2019-11-01T20:10:07 MDT">
  <testcase classname="Test_2_addToFrontA_A" name="@BeforeMethod initialize" time="0.001">
    <failure type="java.lang.NullPointerException">
      <![CDATA[java.lang.NullPointerException
at Test_2_addToFrontA_A.initialize(Test_2_addToFrontA_A.java:57)
at java.base/jdk.internal.reflect.NativeMethodAccessorImpl.invoke0(Native Method)
at java.base/jdk.internal.reflect.NativeMethodAccessorImpl.invoke(NativeMethodAccessorImpl.java:62)
at java.base/jdk.internal.reflect.DelegatingMethodAccessorImpl.invoke(DelegatingMethodAccessorImpl.java:43)
at java.base/java.lang.reflect.Method.invoke(Method.java:564)
at org.testng.internal.MethodInvocationHelper.invokeMethod(MethodInvocationHelper.java:133)
at org.testng.internal.MethodInvocationHelper.invokeMethodConsideringTimeout(MethodInvocationHelper.java:62)
at org.testng.internal.ConfigInvoker.invokeConfigurationMethod(ConfigInvoker.java:340)
at org.testng.internal.ConfigInvoker.invokeConfigurations(ConfigInvoker.java:294)
at org.testng.internal.TestInvoker.runConfigMethods(TestInvoker.java:683)
at org.testng.internal.TestInvoker.invokeMethod(TestInvoker.java:510)
at org.testng.internal.TestInvoker.invokeTestMethod(TestInvoker.java:172)
at org.testng.internal.MethodRunner.runInSequence(MethodRunner.java:46)
at org.testng.internal.TestInvoker$MethodInvocationAgent.invoke(TestInvoker.java:804)
at org.testng.internal.TestInvoker.invokeTestMethods(TestInvoker.java:145)
at org.testng.internal.TestMethodWorker.invokeTestMethods(TestMethodWorker.java:146)
at org.testng.internal.TestMethodWorker.run(TestMethodWorker.java:128)
at java.base/java.util.ArrayList.forEach(ArrayList.java:1378)
at org.testng.TestRunner.privateRun(TestRunner.java:770)
at org.testng.TestRunner.run(TestRunner.java:591)
at org.testng.SuiteRunner.runTest(SuiteRunner.java:402)
at org.testng.SuiteRunner.runSequentially(SuiteRunner.java:396)
at org.testng.SuiteRunner.privateRun(SuiteRunner.java:355)
at org.testng.SuiteRunner.run(SuiteRunner.java:304)
at org.testng.SuiteRunnerWorker.runSuite(SuiteRunnerWorker.java:53)
at org.testng.SuiteRunnerWorker.run(SuiteRunnerWorker.java:96)
at org.testng.TestNG.runSuitesSequentially(TestNG.java:1180)
at org.testng.TestNG.runSuitesLocally(TestNG.java:1102)
at org.testng.TestNG.runSuites(TestNG.java:1032)
at org.testng.TestNG.run(TestNG.java:1000)
at org.testng.remote.AbstractRemoteTestNG.run(AbstractRemoteTestNG.java:115)
at org.testng.remote.RemoteTestNG.initAndRun(RemoteTestNG.java:251)
at org.testng.remote.RemoteTestNG.main(RemoteTestNG.java:77)
]]>
    </failure>
  </testcase> <!-- @BeforeMethod initialize -->
  <testcase classname="Test_2_addToFrontA_A" name="@BeforeMethod initialize" time="-1.572660605223E9">
    <skipped/>
  </testcase> <!-- @BeforeMethod initialize -->
  <testcase classname="Test_2_addToFrontA_A" name="@BeforeMethod initialize" time="-1.572660605226E9">
    <skipped/>
  </testcase> <!-- @BeforeMethod initialize -->
  <testcase classname="Test_2_addToFrontA_A" name="@BeforeMethod initialize" time="-1.572660605228E9">
    <skipped/>
  </testcase> <!-- @BeforeMethod initialize -->
  <testcase classname="Test_2_addToFrontA_A" name="@BeforeMethod initialize" time="-1.57266060523E9">
    <skipped/>
  </testcase> <!-- @BeforeMethod initialize -->
  <testcase classname="Test_2_addToFrontA_A" name="@BeforeMethod initialize" time="-1.572660605232E9">
    <skipped/>
  </testcase> <!-- @BeforeMethod initialize -->
  <testcase classname="Test_2_addToFrontA_A" name="@BeforeMethod initialize" time="-1.572660605235E9">
    <skipped/>
  </testcase> <!-- @BeforeMethod initialize -->
  <testcase classname="Test_2_addToFrontA_A" name="@BeforeMethod initialize" time="-1.572660605237E9">
    <skipped/>
  </testcase> <!-- @BeforeMethod initialize -->
  <testcase classname="Test_2_addToFrontA_A" name="@BeforeMethod initialize" time="-1.572660605239E9">
    <skipped/>
  </testcase> <!-- @BeforeMethod initialize -->
  <testcase classname="Test_2_addToFrontA_A" name="@BeforeMethod initialize" time="-1.572660605243E9">
    <skipped/>
  </testcase> <!-- @BeforeMethod initialize -->
  <testcase classname="Test_2_addToFrontA_A" name="@BeforeMethod initialize" time="-1.572660605246E9">
    <skipped/>
  </testcase> <!-- @BeforeMethod initialize -->
  <testcase classname="Test_2_addToFrontA_A" name="@BeforeMethod initialize" time="-1.572660605249E9">
    <skipped/>
  </testcase> <!-- @BeforeMethod initialize -->
  <testcase classname="Test_2_addToFrontA_A" name="@BeforeMethod initialize" time="-1.572660605251E9">
    <skipped/>
  </testcase> <!-- @BeforeMethod initialize -->
  <testcase classname="Test_2_addToFrontA_A" name="@BeforeMethod initialize" time="-1.572660605253E9">
    <skipped/>
  </testcase> <!-- @BeforeMethod initialize -->
  <testcase classname="Test_2_addToFrontA_A" name="@BeforeMethod initialize" time="-1.572660605256E9">
    <skipped/>
  </testcase> <!-- @BeforeMethod initialize -->
  <testcase classname="Test_2_addToFrontA_A" name="@BeforeMethod initialize" time="-1.572660605258E9">
    <skipped/>
  </testcase> <!-- @BeforeMethod initialize -->
  <testcase classname="Test_2_addToFrontA_A" name="@BeforeMethod initialize" time="-1.572660605261E9">
    <skipped/>
  </testcase> <!-- @BeforeMethod initialize -->
  <testcase classname="Test_2_addToFrontA_A" name="@BeforeMethod initialize" time="-1.572660605264E9">
    <skipped/>
  </testcase> <!-- @BeforeMethod initialize -->
  <testcase classname="Test_2_addToFrontA_A" name="@BeforeMethod initialize" time="-1.572660605269E9">
    <skipped/>
  </testcase> <!-- @BeforeMethod initialize -->
  <testcase classname="Test_2_addToFrontA_A" name="@BeforeMethod initialize" time="-1.572660605272E9">
    <skipped/>
  </testcase> <!-- @BeforeMethod initialize -->
  <testcase classname="Test_2_addToFrontA_A" name="@BeforeMethod initialize" time="-1.572660605274E9">
    <skipped/>
  </testcase> <!-- @BeforeMethod initialize -->
  <testcase classname="Test_2_addToFrontA_A" name="@BeforeMethod initialize" time="-1.572660605276E9">
    <skipped/>
  </testcase> <!-- @BeforeMethod initialize -->
  <testcase classname="Test_2_addToFrontA_A" name="@BeforeMethod initialize" time="-1.572660605278E9">
    <skipped/>
  </testcase> <!-- @BeforeMethod initialize -->
  <testcase classname="Test_2_addToFrontA_A" name="@BeforeMethod initialize" time="-1.572660605281E9">
    <skipped/>
  </testcase> <!-- @BeforeMethod initialize -->
  <testcase classname="Test_2_addToFrontA_A" name="@BeforeMethod initialize" time="-1.572660605283E9">
    <skipped/>
  </testcase> <!-- @BeforeMethod initialize -->
  <testcase classname="Test_2_addToFrontA_A" name="@BeforeMethod initialize" time="-1.572660605285E9">
    <skipped/>
  </testcase> <!-- @BeforeMethod initialize -->
  <testcase classname="Test_2_addToFrontA_A" name="@BeforeMethod initialize" time="-1.572660605288E9">
    <skipped/>
  </testcase> <!-- @BeforeMethod initialize -->
  <testcase classname="Test_2_addToFrontA_A" name="@BeforeMethod initialize" time="-1.57266060529E9">
    <skipped/>
  </testcase> <!-- @BeforeMethod initialize -->
  <testcase classname="Test_2_addToFrontA_A" name="@BeforeMethod initialize" time="-1.572660605293E9">
    <skipped/>
  </testcase> <!-- @BeforeMethod initialize -->
  <testcase classname="Test_2_addToFrontA_A" name="@BeforeMethod initialize" time="-1.572660605295E9">
    <skipped/>
  </testcase> <!-- @BeforeMethod initialize -->
  <testcase classname="Test_2_addToFrontA_A" name="@BeforeMethod initialize" time="-1.572660605297E9">
    <skipped/>
  </testcase> <!-- @BeforeMethod initialize -->
  <testcase classname="Test_2_addToFrontA_A" name="@BeforeMethod initialize" time="-1.572660605299E9">
    <skipped/>
  </testcase> <!-- @BeforeMethod initialize -->
  <testcase classname="Test_2_addToFrontA_A" name="@BeforeMethod initialize" time="-1.572660605301E9">
    <skipped/>
  </testcase> <!-- @BeforeMethod initialize -->
  <testcase classname="Test_2_addToFrontA_A" name="@BeforeMethod initialize" time="-1.572660605303E9">
    <skipped/>
  </testcase> <!-- @BeforeMethod initialize -->
  <testcase classname="Test_2_addToFrontA_A" name="@BeforeMethod initialize" time="-1.572660605306E9">
    <skipped/>
  </testcase> <!-- @BeforeMethod initialize -->
  <testcase classname="Test_2_addToFrontA_A" name="@BeforeMethod initialize" time="-1.572660605307E9">
    <skipped/>
  </testcase> <!-- @BeforeMethod initialize -->
  <testcase classname="Test_3_addToRearA_A" name="@BeforeMethod initialize" time="0.0">
    <failure type="java.lang.NullPointerException">
      <![CDATA[java.lang.NullPointerException
at Test_3_addToRearA_A.initialize(Test_3_addToRearA_A.java:57)
at java.base/jdk.internal.reflect.NativeMethodAccessorImpl.invoke0(Native Method)
at java.base/jdk.internal.reflect.NativeMethodAccessorImpl.invoke(NativeMethodAccessorImpl.java:62)
at java.base/jdk.internal.reflect.DelegatingMethodAccessorImpl.invoke(DelegatingMethodAccessorImpl.java:43)
at java.base/java.lang.reflect.Method.invoke(Method.java:564)
at org.testng.internal.MethodInvocationHelper.invokeMethod(MethodInvocationHelper.java:133)
at org.testng.internal.MethodInvocationHelper.invokeMethodConsideringTimeout(MethodInvocationHelper.java:62)
at org.testng.internal.ConfigInvoker.invokeConfigurationMethod(ConfigInvoker.java:340)
at org.testng.internal.ConfigInvoker.invokeConfigurations(ConfigInvoker.java:294)
at org.testng.internal.TestInvoker.runConfigMethods(TestInvoker.java:683)
at org.testng.internal.TestInvoker.invokeMethod(TestInvoker.java:510)
at org.testng.internal.TestInvoker.invokeTestMethod(TestInvoker.java:172)
at org.testng.internal.MethodRunner.runInSequence(MethodRunner.java:46)
at org.testng.internal.TestInvoker$MethodInvocationAgent.invoke(TestInvoker.java:804)
at org.testng.internal.TestInvoker.invokeTestMethods(TestInvoker.java:145)
at org.testng.internal.TestMethodWorker.invokeTestMethods(TestMethodWorker.java:146)
at org.testng.internal.TestMethodWorker.run(TestMethodWorker.java:128)
at java.base/java.util.ArrayList.forEach(ArrayList.java:1378)
at org.testng.TestRunner.privateRun(TestRunner.java:770)
at org.testng.TestRunner.run(TestRunner.java:591)
at org.testng.SuiteRunner.runTest(SuiteRunner.java:402)
at org.testng.SuiteRunner.runSequentially(SuiteRunner.java:396)
at org.testng.SuiteRunner.privateRun(SuiteRunner.java:355)
at org.testng.SuiteRunner.run(SuiteRunner.java:304)
at org.testng.SuiteRunnerWorker.runSuite(SuiteRunnerWorker.java:53)
at org.testng.SuiteRunnerWorker.run(SuiteRunnerWorker.java:96)
at org.testng.TestNG.runSuitesSequentially(TestNG.java:1180)
at org.testng.TestNG.runSuitesLocally(TestNG.java:1102)
at org.testng.TestNG.runSuites(TestNG.java:1032)
at org.testng.TestNG.run(TestNG.java:1000)
at org.testng.remote.AbstractRemoteTestNG.run(AbstractRemoteTestNG.java:115)
at org.testng.remote.RemoteTestNG.initAndRun(RemoteTestNG.java:251)
at org.testng.remote.RemoteTestNG.main(RemoteTestNG.java:77)
]]>
    </failure>
  </testcase> <!-- @BeforeMethod initialize -->
  <testcase classname="Test_3_addToRearA_A" name="@BeforeMethod initialize" time="-1.572660605314E9">
    <skipped/>
  </testcase> <!-- @BeforeMethod initialize -->
  <testcase classname="Test_3_addToRearA_A" name="@BeforeMethod initialize" time="-1.572660605316E9">
    <skipped/>
  </testcase> <!-- @BeforeMethod initialize -->
  <testcase classname="Test_3_addToRearA_A" name="@BeforeMethod initialize" time="-1.572660605319E9">
    <skipped/>
  </testcase> <!-- @BeforeMethod initialize -->
  <testcase classname="Test_3_addToRearA_A" name="@BeforeMethod initialize" time="-1.572660605321E9">
    <skipped/>
  </testcase> <!-- @BeforeMethod initialize -->
  <testcase classname="Test_3_addToRearA_A" name="@BeforeMethod initialize" time="-1.572660605323E9">
    <skipped/>
  </testcase> <!-- @BeforeMethod initialize -->
  <testcase classname="Test_3_addToRearA_A" name="@BeforeMethod initialize" time="-1.572660605324E9">
    <skipped/>
  </testcase> <!-- @BeforeMethod initialize -->
  <testcase classname="Test_3_addToRearA_A" name="@BeforeMethod initialize" time="-1.572660605326E9">
    <skipped/>
  </testcase> <!-- @BeforeMethod initialize -->
  <testcase classname="Test_3_addToRearA_A" name="@BeforeMethod initialize" time="-1.572660605328E9">
    <skipped/>
  </testcase> <!-- @BeforeMethod initialize -->
  <testcase classname="Test_3_addToRearA_A" name="@BeforeMethod initialize" time="-1.57266060533E9">
    <skipped/>
  </testcase> <!-- @BeforeMethod initialize -->
  <testcase classname="Test_3_addToRearA_A" name="@BeforeMethod initialize" time="-1.572660605332E9">
    <skipped/>
  </testcase> <!-- @BeforeMethod initialize -->
  <testcase classname="Test_3_addToRearA_A" name="@BeforeMethod initialize" time="-1.572660605334E9">
    <skipped/>
  </testcase> <!-- @BeforeMethod initialize -->
  <testcase classname="Test_3_addToRearA_A" name="@BeforeMethod initialize" time="-1.572660605336E9">
    <skipped/>
  </testcase> <!-- @BeforeMethod initialize -->
  <testcase classname="Test_3_addToRearA_A" name="@BeforeMethod initialize" time="-1.572660605338E9">
    <skipped/>
  </testcase> <!-- @BeforeMethod initialize -->
  <testcase classname="Test_3_addToRearA_A" name="@BeforeMethod initialize" time="-1.572660605341E9">
    <skipped/>
  </testcase> <!-- @BeforeMethod initialize -->
  <testcase classname="Test_3_addToRearA_A" name="@BeforeMethod initialize" time="-1.572660605343E9">
    <skipped/>
  </testcase> <!-- @BeforeMethod initialize -->
  <testcase classname="Test_3_addToRearA_A" name="@BeforeMethod initialize" time="-1.572660605345E9">
    <skipped/>
  </testcase> <!-- @BeforeMethod initialize -->
  <testcase classname="Test_3_addToRearA_A" name="@BeforeMethod initialize" time="-1.572660605347E9">
    <skipped/>
  </testcase> <!-- @BeforeMethod initialize -->
  <testcase classname="Test_3_addToRearA_A" name="@BeforeMethod initialize" time="-1.57266060535E9">
    <skipped/>
  </testcase> <!-- @BeforeMethod initialize -->
  <testcase classname="Test_3_addToRearA_A" name="@BeforeMethod initialize" time="-1.572660605351E9">
    <skipped/>
  </testcase> <!-- @BeforeMethod initialize -->
  <testcase classname="Test_3_addToRearA_A" name="@BeforeMethod initialize" time="-1.572660605353E9">
    <skipped/>
  </testcase> <!-- @BeforeMethod initialize -->
  <testcase classname="Test_3_addToRearA_A" name="@BeforeMethod initialize" time="-1.572660605355E9">
    <skipped/>
  </testcase> <!-- @BeforeMethod initialize -->
  <testcase classname="Test_3_addToRearA_A" name="@BeforeMethod initialize" time="-1.572660605357E9">
    <skipped/>
  </testcase> <!-- @BeforeMethod initialize -->
  <testcase classname="Test_3_addToRearA_A" name="@BeforeMethod initialize" time="-1.572660605359E9">
    <skipped/>
  </testcase> <!-- @BeforeMethod initialize -->
  <testcase classname="Test_3_addToRearA_A" name="@BeforeMethod initialize" time="-1.572660605361E9">
    <skipped/>
  </testcase> <!-- @BeforeMethod initialize -->
  <testcase classname="Test_3_addToRearA_A" name="@BeforeMethod initialize" time="-1.572660605363E9">
    <skipped/>
  </testcase> <!-- @BeforeMethod initialize -->
  <testcase classname="Test_3_addToRearA_A" name="@BeforeMethod initialize" time="-1.572660605365E9">
    <skipped/>
  </testcase> <!-- @BeforeMethod initialize -->
  <testcase classname="Test_3_addToRearA_A" name="@BeforeMethod initialize" time="-1.572660605367E9">
    <skipped/>
  </testcase> <!-- @BeforeMethod initialize -->
  <testcase classname="Test_3_addToRearA_A" name="@BeforeMethod initialize" time="-1.57266060537E9">
    <skipped/>
  </testcase> <!-- @BeforeMethod initialize -->
  <testcase classname="Test_3_addToRearA_A" name="@BeforeMethod initialize" time="-1.572660605372E9">
    <skipped/>
  </testcase> <!-- @BeforeMethod initialize -->
  <testcase classname="Test_3_addToRearA_A" name="@BeforeMethod initialize" time="-1.572660605374E9">
    <skipped/>
  </testcase> <!-- @BeforeMethod initialize -->
  <testcase classname="Test_3_addToRearA_A" name="@BeforeMethod initialize" time="-1.572660605376E9">
    <skipped/>
  </testcase> <!-- @BeforeMethod initialize -->
  <testcase classname="Test_3_addToRearA_A" name="@BeforeMethod initialize" time="-1.572660605378E9">
    <skipped/>
  </testcase> <!-- @BeforeMethod initialize -->
  <testcase classname="Test_3_addToRearA_A" name="@BeforeMethod initialize" time="-1.57266060538E9">
    <skipped/>
  </testcase> <!-- @BeforeMethod initialize -->
  <testcase classname="Test_3_addToRearA_A" name="@BeforeMethod initialize" time="-1.572660605383E9">
    <skipped/>
  </testcase> <!-- @BeforeMethod initialize -->
  <testcase classname="Test_3_addToRearA_A" name="@BeforeMethod initialize" time="-1.572660605385E9">
    <skipped/>
  </testcase> <!-- @BeforeMethod initialize -->
  <testcase classname="Test_4_addA_A" name="@BeforeMethod initialize" time="0.0">
    <failure type="java.lang.NullPointerException">
      <![CDATA[java.lang.NullPointerException
at Test_4_addA_A.initialize(Test_4_addA_A.java:57)
at java.base/jdk.internal.reflect.NativeMethodAccessorImpl.invoke0(Native Method)
at java.base/jdk.internal.reflect.NativeMethodAccessorImpl.invoke(NativeMethodAccessorImpl.java:62)
at java.base/jdk.internal.reflect.DelegatingMethodAccessorImpl.invoke(DelegatingMethodAccessorImpl.java:43)
at java.base/java.lang.reflect.Method.invoke(Method.java:564)
at org.testng.internal.MethodInvocationHelper.invokeMethod(MethodInvocationHelper.java:133)
at org.testng.internal.MethodInvocationHelper.invokeMethodConsideringTimeout(MethodInvocationHelper.java:62)
at org.testng.internal.ConfigInvoker.invokeConfigurationMethod(ConfigInvoker.java:340)
at org.testng.internal.ConfigInvoker.invokeConfigurations(ConfigInvoker.java:294)
at org.testng.internal.TestInvoker.runConfigMethods(TestInvoker.java:683)
at org.testng.internal.TestInvoker.invokeMethod(TestInvoker.java:510)
at org.testng.internal.TestInvoker.invokeTestMethod(TestInvoker.java:172)
at org.testng.internal.MethodRunner.runInSequence(MethodRunner.java:46)
at org.testng.internal.TestInvoker$MethodInvocationAgent.invoke(TestInvoker.java:804)
at org.testng.internal.TestInvoker.invokeTestMethods(TestInvoker.java:145)
at org.testng.internal.TestMethodWorker.invokeTestMethods(TestMethodWorker.java:146)
at org.testng.internal.TestMethodWorker.run(TestMethodWorker.java:128)
at java.base/java.util.ArrayList.forEach(ArrayList.java:1378)
at org.testng.TestRunner.privateRun(TestRunner.java:770)
at org.testng.TestRunner.run(TestRunner.java:591)
at org.testng.SuiteRunner.runTest(SuiteRunner.java:402)
at org.testng.SuiteRunner.runSequentially(SuiteRunner.java:396)
at org.testng.SuiteRunner.privateRun(SuiteRunner.java:355)
at org.testng.SuiteRunner.run(SuiteRunner.java:304)
at org.testng.SuiteRunnerWorker.runSuite(SuiteRunnerWorker.java:53)
at org.testng.SuiteRunnerWorker.run(SuiteRunnerWorker.java:96)
at org.testng.TestNG.runSuitesSequentially(TestNG.java:1180)
at org.testng.TestNG.runSuitesLocally(TestNG.java:1102)
at org.testng.TestNG.runSuites(TestNG.java:1032)
at org.testng.TestNG.run(TestNG.java:1000)
at org.testng.remote.AbstractRemoteTestNG.run(AbstractRemoteTestNG.java:115)
at org.testng.remote.RemoteTestNG.initAndRun(RemoteTestNG.java:251)
at org.testng.remote.RemoteTestNG.main(RemoteTestNG.java:77)
]]>
    </failure>
  </testcase> <!-- @BeforeMethod initialize -->
  <testcase classname="Test_4_addA_A" name="@BeforeMethod initialize" time="-1.572660605392E9">
    <skipped/>
  </testcase> <!-- @BeforeMethod initialize -->
  <testcase classname="Test_4_addA_A" name="@BeforeMethod initialize" time="-1.572660605394E9">
    <skipped/>
  </testcase> <!-- @BeforeMethod initialize -->
  <testcase classname="Test_4_addA_A" name="@BeforeMethod initialize" time="-1.572660605396E9">
    <skipped/>
  </testcase> <!-- @BeforeMethod initialize -->
  <testcase classname="Test_4_addA_A" name="@BeforeMethod initialize" time="-1.572660605398E9">
    <skipped/>
  </testcase> <!-- @BeforeMethod initialize -->
  <testcase classname="Test_4_addA_A" name="@BeforeMethod initialize" time="-1.5726606054E9">
    <skipped/>
  </testcase> <!-- @BeforeMethod initialize -->
  <testcase classname="Test_4_addA_A" name="@BeforeMethod initialize" time="-1.572660605403E9">
    <skipped/>
  </testcase> <!-- @BeforeMethod initialize -->
  <testcase classname="Test_4_addA_A" name="@BeforeMethod initialize" time="-1.572660605405E9">
    <skipped/>
  </testcase> <!-- @BeforeMethod initialize -->
  <testcase classname="Test_4_addA_A" name="@BeforeMethod initialize" time="-1.572660605406E9">
    <skipped/>
  </testcase> <!-- @BeforeMethod initialize -->
  <testcase classname="Test_4_addA_A" name="@BeforeMethod initialize" time="-1.572660605408E9">
    <skipped/>
  </testcase> <!-- @BeforeMethod initialize -->
  <testcase classname="Test_4_addA_A" name="@BeforeMethod initialize" time="-1.57266060541E9">
    <skipped/>
  </testcase> <!-- @BeforeMethod initialize -->
  <testcase classname="Test_4_addA_A" name="@BeforeMethod initialize" time="-1.572660605413E9">
    <skipped/>
  </testcase> <!-- @BeforeMethod initialize -->
  <testcase classname="Test_4_addA_A" name="@BeforeMethod initialize" time="-1.572660605415E9">
    <skipped/>
  </testcase> <!-- @BeforeMethod initialize -->
  <testcase classname="Test_4_addA_A" name="@BeforeMethod initialize" time="-1.572660605417E9">
    <skipped/>
  </testcase> <!-- @BeforeMethod initialize -->
  <testcase classname="Test_4_addA_A" name="@BeforeMethod initialize" time="-1.572660605419E9">
    <skipped/>
  </testcase> <!-- @BeforeMethod initialize -->
  <testcase classname="Test_4_addA_A" name="@BeforeMethod initialize" time="-1.572660605421E9">
    <skipped/>
  </testcase> <!-- @BeforeMethod initialize -->
  <testcase classname="Test_4_addA_A" name="@BeforeMethod initialize" time="-1.572660605423E9">
    <skipped/>
  </testcase> <!-- @BeforeMethod initialize -->
  <testcase classname="Test_4_addA_A" name="@BeforeMethod initialize" time="-1.572660605425E9">
    <skipped/>
  </testcase> <!-- @BeforeMethod initialize -->
  <testcase classname="Test_4_addA_A" name="@BeforeMethod initialize" time="-1.572660605427E9">
    <skipped/>
  </testcase> <!-- @BeforeMethod initialize -->
  <testcase classname="Test_4_addA_A" name="@BeforeMethod initialize" time="-1.572660605429E9">
    <skipped/>
  </testcase> <!-- @BeforeMethod initialize -->
  <testcase classname="Test_4_addA_A" name="@BeforeMethod initialize" time="-1.572660605431E9">
    <skipped/>
  </testcase> <!-- @BeforeMethod initialize -->
  <testcase classname="Test_4_addA_A" name="@BeforeMethod initialize" time="-1.572660605433E9">
    <skipped/>
  </testcase> <!-- @BeforeMethod initialize -->
  <testcase classname="Test_4_addA_A" name="@BeforeMethod initialize" time="-1.572660605436E9">
    <skipped/>
  </testcase> <!-- @BeforeMethod initialize -->
  <testcase classname="Test_4_addA_A" name="@BeforeMethod initialize" time="-1.572660605438E9">
    <skipped/>
  </testcase> <!-- @BeforeMethod initialize -->
  <testcase classname="Test_4_addA_A" name="@BeforeMethod initialize" time="-1.572660605441E9">
    <skipped/>
  </testcase> <!-- @BeforeMethod initialize -->
  <testcase classname="Test_4_addA_A" name="@BeforeMethod initialize" time="-1.572660605442E9">
    <skipped/>
  </testcase> <!-- @BeforeMethod initialize -->
  <testcase classname="Test_4_addA_A" name="@BeforeMethod initialize" time="-1.572660605444E9">
    <skipped/>
  </testcase> <!-- @BeforeMethod initialize -->
  <testcase classname="Test_4_addA_A" name="@BeforeMethod initialize" time="-1.572660605445E9">
    <skipped/>
  </testcase> <!-- @BeforeMethod initialize -->
  <testcase classname="Test_4_addA_A" name="@BeforeMethod initialize" time="-1.572660605447E9">
    <skipped/>
  </testcase> <!-- @BeforeMethod initialize -->
  <testcase classname="Test_4_addA_A" name="@BeforeMethod initialize" time="-1.572660605448E9">
    <skipped/>
  </testcase> <!-- @BeforeMethod initialize -->
  <testcase classname="Test_4_addA_A" name="@BeforeMethod initialize" time="-1.57266060545E9">
    <skipped/>
  </testcase> <!-- @BeforeMethod initialize -->
  <testcase classname="Test_4_addA_A" name="@BeforeMethod initialize" time="-1.572660605452E9">
    <skipped/>
  </testcase> <!-- @BeforeMethod initialize -->
  <testcase classname="Test_4_addA_A" name="@BeforeMethod initialize" time="-1.572660605454E9">
    <skipped/>
  </testcase> <!-- @BeforeMethod initialize -->
  <testcase classname="Test_4_addA_A" name="@BeforeMethod initialize" time="-1.572660605455E9">
    <skipped/>
  </testcase> <!-- @BeforeMethod initialize -->
  <testcase classname="Test_4_addA_A" name="@BeforeMethod initialize" time="-1.572660605457E9">
    <skipped/>
  </testcase> <!-- @BeforeMethod initialize -->
  <testcase classname="Test_4_addA_A" name="@BeforeMethod initialize" time="-1.572660605458E9">
    <skipped/>
  </testcase> <!-- @BeforeMethod initialize -->
  <testcase classname="Test_5_add0A_A" name="@BeforeMethod initialize" time="0.0">
    <failure type="java.lang.NullPointerException">
      <![CDATA[java.lang.NullPointerException
at Test_5_add0A_A.initialize(Test_5_add0A_A.java:57)
at java.base/jdk.internal.reflect.NativeMethodAccessorImpl.invoke0(Native Method)
at java.base/jdk.internal.reflect.NativeMethodAccessorImpl.invoke(NativeMethodAccessorImpl.java:62)
at java.base/jdk.internal.reflect.DelegatingMethodAccessorImpl.invoke(DelegatingMethodAccessorImpl.java:43)
at java.base/java.lang.reflect.Method.invoke(Method.java:564)
at org.testng.internal.MethodInvocationHelper.invokeMethod(MethodInvocationHelper.java:133)
at org.testng.internal.MethodInvocationHelper.invokeMethodConsideringTimeout(MethodInvocationHelper.java:62)
at org.testng.internal.ConfigInvoker.invokeConfigurationMethod(ConfigInvoker.java:340)
at org.testng.internal.ConfigInvoker.invokeConfigurations(ConfigInvoker.java:294)
at org.testng.internal.TestInvoker.runConfigMethods(TestInvoker.java:683)
at org.testng.internal.TestInvoker.invokeMethod(TestInvoker.java:510)
at org.testng.internal.TestInvoker.invokeTestMethod(TestInvoker.java:172)
at org.testng.internal.MethodRunner.runInSequence(MethodRunner.java:46)
at org.testng.internal.TestInvoker$MethodInvocationAgent.invoke(TestInvoker.java:804)
at org.testng.internal.TestInvoker.invokeTestMethods(TestInvoker.java:145)
at org.testng.internal.TestMethodWorker.invokeTestMethods(TestMethodWorker.java:146)
at org.testng.internal.TestMethodWorker.run(TestMethodWorker.java:128)
at java.base/java.util.ArrayList.forEach(ArrayList.java:1378)
at org.testng.TestRunner.privateRun(TestRunner.java:770)
at org.testng.TestRunner.run(TestRunner.java:591)
at org.testng.SuiteRunner.runTest(SuiteRunner.java:402)
at org.testng.SuiteRunner.runSequentially(SuiteRunner.java:396)
at org.testng.SuiteRunner.privateRun(SuiteRunner.java:355)
at org.testng.SuiteRunner.run(SuiteRunner.java:304)
at org.testng.SuiteRunnerWorker.runSuite(SuiteRunnerWorker.java:53)
at org.testng.SuiteRunnerWorker.run(SuiteRunnerWorker.java:96)
at org.testng.TestNG.runSuitesSequentially(TestNG.java:1180)
at org.testng.TestNG.runSuitesLocally(TestNG.java:1102)
at org.testng.TestNG.runSuites(TestNG.java:1032)
at org.testng.TestNG.run(TestNG.java:1000)
at org.testng.remote.AbstractRemoteTestNG.run(AbstractRemoteTestNG.java:115)
at org.testng.remote.RemoteTestNG.initAndRun(RemoteTestNG.java:251)
at org.testng.remote.RemoteTestNG.main(RemoteTestNG.java:77)
]]>
    </failure>
  </testcase> <!-- @BeforeMethod initialize -->
  <testcase classname="Test_5_add0A_A" name="@BeforeMethod initialize" time="-1.572660605463E9">
    <skipped/>
  </testcase> <!-- @BeforeMethod initialize -->
  <testcase classname="Test_5_add0A_A" name="@BeforeMethod initialize" time="-1.572660605465E9">
    <skipped/>
  </testcase> <!-- @BeforeMethod initialize -->
  <testcase classname="Test_5_add0A_A" name="@BeforeMethod initialize" time="-1.572660605467E9">
    <skipped/>
  </testcase> <!-- @BeforeMethod initialize -->
  <testcase classname="Test_5_add0A_A" name="@BeforeMethod initialize" time="-1.572660605468E9">
    <skipped/>
  </testcase> <!-- @BeforeMethod initialize -->
  <testcase classname="Test_5_add0A_A" name="@BeforeMethod initialize" time="-1.572660605469E9">
    <skipped/>
  </testcase> <!-- @BeforeMethod initialize -->
  <testcase classname="Test_5_add0A_A" name="@BeforeMethod initialize" time="-1.57266060547E9">
    <skipped/>
  </testcase> <!-- @BeforeMethod initialize -->
  <testcase classname="Test_5_add0A_A" name="@BeforeMethod initialize" time="-1.572660605472E9">
    <skipped/>
  </testcase> <!-- @BeforeMethod initialize -->
  <testcase classname="Test_5_add0A_A" name="@BeforeMethod initialize" time="-1.572660605474E9">
    <skipped/>
  </testcase> <!-- @BeforeMethod initialize -->
  <testcase classname="Test_5_add0A_A" name="@BeforeMethod initialize" time="-1.572660605475E9">
    <skipped/>
  </testcase> <!-- @BeforeMethod initialize -->
  <testcase classname="Test_5_add0A_A" name="@BeforeMethod initialize" time="-1.572660605476E9">
    <skipped/>
  </testcase> <!-- @BeforeMethod initialize -->
  <testcase classname="Test_5_add0A_A" name="@BeforeMethod initialize" time="-1.572660605477E9">
    <skipped/>
  </testcase> <!-- @BeforeMethod initialize -->
  <testcase classname="Test_5_add0A_A" name="@BeforeMethod initialize" time="-1.572660605479E9">
    <skipped/>
  </testcase> <!-- @BeforeMethod initialize -->
  <testcase classname="Test_5_add0A_A" name="@BeforeMethod initialize" time="-1.57266060548E9">
    <skipped/>
  </testcase> <!-- @BeforeMethod initialize -->
  <testcase classname="Test_5_add0A_A" name="@BeforeMethod initialize" time="-1.572660605482E9">
    <skipped/>
  </testcase> <!-- @BeforeMethod initialize -->
  <testcase classname="Test_5_add0A_A" name="@BeforeMethod initialize" time="-1.572660605483E9">
    <skipped/>
  </testcase> <!-- @BeforeMethod initialize -->
  <testcase classname="Test_5_add0A_A" name="@BeforeMethod initialize" time="-1.572660605485E9">
    <skipped/>
  </testcase> <!-- @BeforeMethod initialize -->
  <testcase classname="Test_5_add0A_A" name="@BeforeMethod initialize" time="-1.572660605486E9">
    <skipped/>
  </testcase> <!-- @BeforeMethod initialize -->
  <testcase classname="Test_5_add0A_A" name="@BeforeMethod initialize" time="-1.572660605487E9">
    <skipped/>
  </testcase> <!-- @BeforeMethod initialize -->
  <testcase classname="Test_5_add0A_A" name="@BeforeMethod initialize" time="-1.572660605488E9">
    <skipped/>
  </testcase> <!-- @BeforeMethod initialize -->
  <testcase classname="Test_5_add0A_A" name="@BeforeMethod initialize" time="-1.57266060549E9">
    <skipped/>
  </testcase> <!-- @BeforeMethod initialize -->
  <testcase classname="Test_5_add0A_A" name="@BeforeMethod initialize" time="-1.572660605491E9">
    <skipped/>
  </testcase> <!-- @BeforeMethod initialize -->
  <testcase classname="Test_5_add0A_A" name="@BeforeMethod initialize" time="-1.572660605493E9">
    <skipped/>
  </testcase> <!-- @BeforeMethod initialize -->
  <testcase classname="Test_5_add0A_A" name="@BeforeMethod initialize" time="-1.572660605494E9">
    <skipped/>
  </testcase> <!-- @BeforeMethod initialize -->
  <testcase classname="Test_5_add0A_A" name="@BeforeMethod initialize" time="-1.572660605495E9">
    <skipped/>
  </testcase> <!-- @BeforeMethod initialize -->
  <testcase classname="Test_5_add0A_A" name="@BeforeMethod initialize" time="-1.572660605497E9">
    <skipped/>
  </testcase> <!-- @BeforeMethod initialize -->
  <testcase classname="Test_5_add0A_A" name="@BeforeMethod initialize" time="-1.572660605498E9">
    <skipped/>
  </testcase> <!-- @BeforeMethod initialize -->
  <testcase classname="Test_5_add0A_A" name="@BeforeMethod initialize" time="-1.5726606055E9">
    <skipped/>
  </testcase> <!-- @BeforeMethod initialize -->
  <testcase classname="Test_5_add0A_A" name="@BeforeMethod initialize" time="-1.572660605502E9">
    <skipped/>
  </testcase> <!-- @BeforeMethod initialize -->
  <testcase classname="Test_5_add0A_A" name="@BeforeMethod initialize" time="-1.572660605503E9">
    <skipped/>
  </testcase> <!-- @BeforeMethod initialize -->
  <testcase classname="Test_5_add0A_A" name="@BeforeMethod initialize" time="-1.572660605505E9">
    <skipped/>
  </testcase> <!-- @BeforeMethod initialize -->
  <testcase classname="Test_5_add0A_A" name="@BeforeMethod initialize" time="-1.572660605506E9">
    <skipped/>
  </testcase> <!-- @BeforeMethod initialize -->
  <testcase classname="Test_5_add0A_A" name="@BeforeMethod initialize" time="-1.572660605508E9">
    <skipped/>
  </testcase> <!-- @BeforeMethod initialize -->
  <testcase classname="Test_5_add0A_A" name="@BeforeMethod initialize" time="-1.572660605509E9">
    <skipped/>
  </testcase> <!-- @BeforeMethod initialize -->
  <testcase classname="Test_5_add0A_A" name="@BeforeMethod initialize" time="-1.572660605511E9">
    <skipped/>
  </testcase> <!-- @BeforeMethod initialize -->
  <testcase classname="Test_5_add0A_A" name="@BeforeMethod initialize" time="-1.572660605512E9">
    <skipped/>
  </testcase> <!-- @BeforeMethod initialize -->
  <testcase classname="Test_6_A_addToFrontB_BA" name="@BeforeMethod initialize" time="0.0">
    <failure type="java.lang.NullPointerException">
      <![CDATA[java.lang.NullPointerException
at Test_6_A_addToFrontB_BA.initialize(Test_6_A_addToFrontB_BA.java:57)
at java.base/jdk.internal.reflect.NativeMethodAccessorImpl.invoke0(Native Method)
at java.base/jdk.internal.reflect.NativeMethodAccessorImpl.invoke(NativeMethodAccessorImpl.java:62)
at java.base/jdk.internal.reflect.DelegatingMethodAccessorImpl.invoke(DelegatingMethodAccessorImpl.java:43)
at java.base/java.lang.reflect.Method.invoke(Method.java:564)
at org.testng.internal.MethodInvocationHelper.invokeMethod(MethodInvocationHelper.java:133)
at org.testng.internal.MethodInvocationHelper.invokeMethodConsideringTimeout(MethodInvocationHelper.java:62)
at org.testng.internal.ConfigInvoker.invokeConfigurationMethod(ConfigInvoker.java:340)
at org.testng.internal.ConfigInvoker.invokeConfigurations(ConfigInvoker.java:294)
at org.testng.internal.TestInvoker.runConfigMethods(TestInvoker.java:683)
at org.testng.internal.TestInvoker.invokeMethod(TestInvoker.java:510)
at org.testng.internal.TestInvoker.invokeTestMethod(TestInvoker.java:172)
at org.testng.internal.MethodRunner.runInSequence(MethodRunner.java:46)
at org.testng.internal.TestInvoker$MethodInvocationAgent.invoke(TestInvoker.java:804)
at org.testng.internal.TestInvoker.invokeTestMethods(TestInvoker.java:145)
at org.testng.internal.TestMethodWorker.invokeTestMethods(TestMethodWorker.java:146)
at org.testng.internal.TestMethodWorker.run(TestMethodWorker.java:128)
at java.base/java.util.ArrayList.forEach(ArrayList.java:1378)
at org.testng.TestRunner.privateRun(TestRunner.java:770)
at org.testng.TestRunner.run(TestRunner.java:591)
at org.testng.SuiteRunner.runTest(SuiteRunner.java:402)
at org.testng.SuiteRunner.runSequentially(SuiteRunner.java:396)
at org.testng.SuiteRunner.privateRun(SuiteRunner.java:355)
at org.testng.SuiteRunner.run(SuiteRunner.java:304)
at org.testng.SuiteRunnerWorker.runSuite(SuiteRunnerWorker.java:53)
at org.testng.SuiteRunnerWorker.run(SuiteRunnerWorker.java:96)
at org.testng.TestNG.runSuitesSequentially(TestNG.java:1180)
at org.testng.TestNG.runSuitesLocally(TestNG.java:1102)
at org.testng.TestNG.runSuites(TestNG.java:1032)
at org.testng.TestNG.run(TestNG.java:1000)
at org.testng.remote.AbstractRemoteTestNG.run(AbstractRemoteTestNG.java:115)
at org.testng.remote.RemoteTestNG.initAndRun(RemoteTestNG.java:251)
at org.testng.remote.RemoteTestNG.main(RemoteTestNG.java:77)
]]>
    </failure>
  </testcase> <!-- @BeforeMethod initialize -->
  <testcase classname="Test_6_A_addToFrontB_BA" name="@BeforeMethod initialize" time="-1.572660605517E9">
    <skipped/>
  </testcase> <!-- @BeforeMethod initialize -->
  <testcase classname="Test_6_A_addToFrontB_BA" name="@BeforeMethod initialize" time="-1.572660605519E9">
    <skipped/>
  </testcase> <!-- @BeforeMethod initialize -->
  <testcase classname="Test_6_A_addToFrontB_BA" name="@BeforeMethod initialize" time="-1.57266060552E9">
    <skipped/>
  </testcase> <!-- @BeforeMethod initialize -->
  <testcase classname="Test_6_A_addToFrontB_BA" name="@BeforeMethod initialize" time="-1.572660605522E9">
    <skipped/>
  </testcase> <!-- @BeforeMethod initialize -->
  <testcase classname="Test_6_A_addToFrontB_BA" name="@BeforeMethod initialize" time="-1.572660605523E9">
    <skipped/>
  </testcase> <!-- @BeforeMethod initialize -->
  <testcase classname="Test_6_A_addToFrontB_BA" name="@BeforeMethod initialize" time="-1.572660605525E9">
    <skipped/>
  </testcase> <!-- @BeforeMethod initialize -->
  <testcase classname="Test_6_A_addToFrontB_BA" name="@BeforeMethod initialize" time="-1.572660605527E9">
    <skipped/>
  </testcase> <!-- @BeforeMethod initialize -->
  <testcase classname="Test_6_A_addToFrontB_BA" name="@BeforeMethod initialize" time="-1.572660605532E9">
    <skipped/>
  </testcase> <!-- @BeforeMethod initialize -->
  <testcase classname="Test_6_A_addToFrontB_BA" name="@BeforeMethod initialize" time="-1.572660605534E9">
    <skipped/>
  </testcase> <!-- @BeforeMethod initialize -->
  <testcase classname="Test_6_A_addToFrontB_BA" name="@BeforeMethod initialize" time="-1.572660605535E9">
    <skipped/>
  </testcase> <!-- @BeforeMethod initialize -->
  <testcase classname="Test_6_A_addToFrontB_BA" name="@BeforeMethod initialize" time="-1.572660605536E9">
    <skipped/>
  </testcase> <!-- @BeforeMethod initialize -->
  <testcase classname="Test_6_A_addToFrontB_BA" name="@BeforeMethod initialize" time="-1.572660605538E9">
    <skipped/>
  </testcase> <!-- @BeforeMethod initialize -->
  <testcase classname="Test_6_A_addToFrontB_BA" name="@BeforeMethod initialize" time="-1.572660605539E9">
    <skipped/>
  </testcase> <!-- @BeforeMethod initialize -->
  <testcase classname="Test_6_A_addToFrontB_BA" name="@BeforeMethod initialize" time="-1.57266060554E9">
    <skipped/>
  </testcase> <!-- @BeforeMethod initialize -->
  <testcase classname="Test_6_A_addToFrontB_BA" name="@BeforeMethod initialize" time="-1.572660605542E9">
    <skipped/>
  </testcase> <!-- @BeforeMethod initialize -->
  <testcase classname="Test_6_A_addToFrontB_BA" name="@BeforeMethod initialize" time="-1.572660605543E9">
    <skipped/>
  </testcase> <!-- @BeforeMethod initialize -->
  <testcase classname="Test_6_A_addToFrontB_BA" name="@BeforeMethod initialize" time="-1.572660605544E9">
    <skipped/>
  </testcase> <!-- @BeforeMethod initialize -->
  <testcase classname="Test_6_A_addToFrontB_BA" name="@BeforeMethod initialize" time="-1.572660605546E9">
    <skipped/>
  </testcase> <!-- @BeforeMethod initialize -->
  <testcase classname="Test_6_A_addToFrontB_BA" name="@BeforeMethod initialize" time="-1.572660605547E9">
    <skipped/>
  </testcase> <!-- @BeforeMethod initialize -->
  <testcase classname="Test_6_A_addToFrontB_BA" name="@BeforeMethod initialize" time="-1.572660605548E9">
    <skipped/>
  </testcase> <!-- @BeforeMethod initialize -->
  <testcase classname="Test_6_A_addToFrontB_BA" name="@BeforeMethod initialize" time="-1.572660605549E9">
    <skipped/>
  </testcase> <!-- @BeforeMethod initialize -->
  <testcase classname="Test_6_A_addToFrontB_BA" name="@BeforeMethod initialize" time="-1.57266060555E9">
    <skipped/>
  </testcase> <!-- @BeforeMethod initialize -->
  <testcase classname="Test_6_A_addToFrontB_BA" name="@BeforeMethod initialize" time="-1.572660605551E9">
    <skipped/>
  </testcase> <!-- @BeforeMethod initialize -->
  <testcase classname="Test_6_A_addToFrontB_BA" name="@BeforeMethod initialize" time="-1.572660605552E9">
    <skipped/>
  </testcase> <!-- @BeforeMethod initialize -->
  <testcase classname="Test_6_A_addToFrontB_BA" name="@BeforeMethod initialize" time="-1.572660605553E9">
    <skipped/>
  </testcase> <!-- @BeforeMethod initialize -->
  <testcase classname="Test_6_A_addToFrontB_BA" name="@BeforeMethod initialize" time="-1.572660605554E9">
    <skipped/>
  </testcase> <!-- @BeforeMethod initialize -->
  <testcase classname="Test_6_A_addToFrontB_BA" name="@BeforeMethod initialize" time="-1.572660605554E9">
    <skipped/>
  </testcase> <!-- @BeforeMethod initialize -->
  <testcase classname="Test_6_A_addToFrontB_BA" name="@BeforeMethod initialize" time="-1.572660605556E9">
    <skipped/>
  </testcase> <!-- @BeforeMethod initialize -->
  <testcase classname="Test_6_A_addToFrontB_BA" name="@BeforeMethod initialize" time="-1.572660605557E9">
    <skipped/>
  </testcase> <!-- @BeforeMethod initialize -->
  <testcase classname="Test_6_A_addToFrontB_BA" name="@BeforeMethod initialize" time="-1.572660605558E9">
    <skipped/>
  </testcase> <!-- @BeforeMethod initialize -->
  <testcase classname="Test_6_A_addToFrontB_BA" name="@BeforeMethod initialize" time="-1.572660605559E9">
    <skipped/>
  </testcase> <!-- @BeforeMethod initialize -->
  <testcase classname="Test_6_A_addToFrontB_BA" name="@BeforeMethod initialize" time="-1.572660605561E9">
    <skipped/>
  </testcase> <!-- @BeforeMethod initialize -->
  <testcase classname="Test_6_A_addToFrontB_BA" name="@BeforeMethod initialize" time="-1.572660605562E9">
    <skipped/>
  </testcase> <!-- @BeforeMethod initialize -->
  <testcase classname="Test_6_A_addToFrontB_BA" name="@BeforeMethod initialize" time="-1.572660605563E9">
    <skipped/>
  </testcase> <!-- @BeforeMethod initialize -->
  <testcase classname="Test_6_A_addToFrontB_BA" name="@BeforeMethod initialize" time="-1.572660605564E9">
    <skipped/>
  </testcase> <!-- @BeforeMethod initialize -->
  <testcase classname="Test_6_A_addToFrontB_BA" name="@BeforeMethod initialize" time="-1.572660605565E9">
    <skipped/>
  </testcase> <!-- @BeforeMethod initialize -->
  <testcase classname="Test_6_A_addToFrontB_BA" name="@BeforeMethod initialize" time="-1.572660605567E9">
    <skipped/>
  </testcase> <!-- @BeforeMethod initialize -->
  <testcase classname="Test_6_A_addToFrontB_BA" name="@BeforeMethod initialize" time="-1.572660605568E9">
    <skipped/>
  </testcase> <!-- @BeforeMethod initialize -->
  <testcase classname="Test_6_A_addToFrontB_BA" name="@BeforeMethod initialize" time="-1.572660605569E9">
    <skipped/>
  </testcase> <!-- @BeforeMethod initialize -->
  <testcase classname="Test_6_A_addToFrontB_BA" name="@BeforeMethod initialize" time="-1.57266060557E9">
    <skipped/>
  </testcase> <!-- @BeforeMethod initialize -->
  <testcase classname="Test_6_A_addToFrontB_BA" name="@BeforeMethod initialize" time="-1.572660605572E9">
    <skipped/>
  </testcase> <!-- @BeforeMethod initialize -->
  <testcase classname="Test_6_A_addToFrontB_BA" name="@BeforeMethod initialize" time="-1.572660605573E9">
    <skipped/>
  </testcase> <!-- @BeforeMethod initialize -->
  <testcase classname="Test_6_A_addToFrontB_BA" name="@BeforeMethod initialize" time="-1.572660605574E9">
    <skipped/>
  </testcase> <!-- @BeforeMethod initialize -->
  <testcase classname="Test_6_A_addToFrontB_BA" name="@BeforeMethod initialize" time="-1.572660605575E9">
    <skipped/>
  </testcase> <!-- @BeforeMethod initialize -->
  <testcase classname="Test_7_A_addToRearB_AB" name="@BeforeMethod initialize" time="0.001">
    <failure type="java.lang.NullPointerException">
      <![CDATA[java.lang.NullPointerException
at Test_7_A_addToRearB_AB.initialize(Test_7_A_addToRearB_AB.java:57)
at java.base/jdk.internal.reflect.NativeMethodAccessorImpl.invoke0(Native Method)
at java.base/jdk.internal.reflect.NativeMethodAccessorImpl.invoke(NativeMethodAccessorImpl.java:62)
at java.base/jdk.internal.reflect.DelegatingMethodAccessorImpl.invoke(DelegatingMethodAccessorImpl.java:43)
at java.base/java.lang.reflect.Method.invoke(Method.java:564)
at org.testng.internal.MethodInvocationHelper.invokeMethod(MethodInvocationHelper.java:133)
at org.testng.internal.MethodInvocationHelper.invokeMethodConsideringTimeout(MethodInvocationHelper.java:62)
at org.testng.internal.ConfigInvoker.invokeConfigurationMethod(ConfigInvoker.java:340)
at org.testng.internal.ConfigInvoker.invokeConfigurations(ConfigInvoker.java:294)
at org.testng.internal.TestInvoker.runConfigMethods(TestInvoker.java:683)
at org.testng.internal.TestInvoker.invokeMethod(TestInvoker.java:510)
at org.testng.internal.TestInvoker.invokeTestMethod(TestInvoker.java:172)
at org.testng.internal.MethodRunner.runInSequence(MethodRunner.java:46)
at org.testng.internal.TestInvoker$MethodInvocationAgent.invoke(TestInvoker.java:804)
at org.testng.internal.TestInvoker.invokeTestMethods(TestInvoker.java:145)
at org.testng.internal.TestMethodWorker.invokeTestMethods(TestMethodWorker.java:146)
at org.testng.internal.TestMethodWorker.run(TestMethodWorker.java:128)
at java.base/java.util.ArrayList.forEach(ArrayList.java:1378)
at org.testng.TestRunner.privateRun(TestRunner.java:770)
at org.testng.TestRunner.run(TestRunner.java:591)
at org.testng.SuiteRunner.runTest(SuiteRunner.java:402)
at org.testng.SuiteRunner.runSequentially(SuiteRunner.java:396)
at org.testng.SuiteRunner.privateRun(SuiteRunner.java:355)
at org.testng.SuiteRunner.run(SuiteRunner.java:304)
at org.testng.SuiteRunnerWorker.runSuite(SuiteRunnerWorker.java:53)
at org.testng.SuiteRunnerWorker.run(SuiteRunnerWorker.java:96)
at org.testng.TestNG.runSuitesSequentially(TestNG.java:1180)
at org.testng.TestNG.runSuitesLocally(TestNG.java:1102)
at org.testng.TestNG.runSuites(TestNG.java:1032)
at org.testng.TestNG.run(TestNG.java:1000)
at org.testng.remote.AbstractRemoteTestNG.run(AbstractRemoteTestNG.java:115)
at org.testng.remote.RemoteTestNG.initAndRun(RemoteTestNG.java:251)
at org.testng.remote.RemoteTestNG.main(RemoteTestNG.java:77)
]]>
    </failure>
  </testcase> <!-- @BeforeMethod initialize -->
  <testcase classname="Test_7_A_addToRearB_AB" name="@BeforeMethod initialize" time="-1.572660605579E9">
    <skipped/>
  </testcase> <!-- @BeforeMethod initialize -->
  <testcase classname="Test_7_A_addToRearB_AB" name="@BeforeMethod initialize" time="-1.57266060558E9">
    <skipped/>
  </testcase> <!-- @BeforeMethod initialize -->
  <testcase classname="Test_7_A_addToRearB_AB" name="@BeforeMethod initialize" time="-1.572660605581E9">
    <skipped/>
  </testcase> <!-- @BeforeMethod initialize -->
  <testcase classname="Test_7_A_addToRearB_AB" name="@BeforeMethod initialize" time="-1.572660605582E9">
    <skipped/>
  </testcase> <!-- @BeforeMethod initialize -->
  <testcase classname="Test_7_A_addToRearB_AB" name="@BeforeMethod initialize" time="-1.572660605583E9">
    <skipped/>
  </testcase> <!-- @BeforeMethod initialize -->
  <testcase classname="Test_7_A_addToRearB_AB" name="@BeforeMethod initialize" time="-1.572660605584E9">
    <skipped/>
  </testcase> <!-- @BeforeMethod initialize -->
  <testcase classname="Test_7_A_addToRearB_AB" name="@BeforeMethod initialize" time="-1.572660605585E9">
    <skipped/>
  </testcase> <!-- @BeforeMethod initialize -->
  <testcase classname="Test_7_A_addToRearB_AB" name="@BeforeMethod initialize" time="-1.572660605587E9">
    <skipped/>
  </testcase> <!-- @BeforeMethod initialize -->
  <testcase classname="Test_7_A_addToRearB_AB" name="@BeforeMethod initialize" time="-1.572660605588E9">
    <skipped/>
  </testcase> <!-- @BeforeMethod initialize -->
  <testcase classname="Test_7_A_addToRearB_AB" name="@BeforeMethod initialize" time="-1.572660605589E9">
    <skipped/>
  </testcase> <!-- @BeforeMethod initialize -->
  <testcase classname="Test_7_A_addToRearB_AB" name="@BeforeMethod initialize" time="-1.572660605591E9">
    <skipped/>
  </testcase> <!-- @BeforeMethod initialize -->
  <testcase classname="Test_7_A_addToRearB_AB" name="@BeforeMethod initialize" time="-1.572660605592E9">
    <skipped/>
  </testcase> <!-- @BeforeMethod initialize -->
  <testcase classname="Test_7_A_addToRearB_AB" name="@BeforeMethod initialize" time="-1.572660605593E9">
    <skipped/>
  </testcase> <!-- @BeforeMethod initialize -->
  <testcase classname="Test_7_A_addToRearB_AB" name="@BeforeMethod initialize" time="-1.572660605594E9">
    <skipped/>
  </testcase> <!-- @BeforeMethod initialize -->
  <testcase classname="Test_7_A_addToRearB_AB" name="@BeforeMethod initialize" time="-1.572660605595E9">
    <skipped/>
  </testcase> <!-- @BeforeMethod initialize -->
  <testcase classname="Test_7_A_addToRearB_AB" name="@BeforeMethod initialize" time="-1.572660605597E9">
    <skipped/>
  </testcase> <!-- @BeforeMethod initialize -->
  <testcase classname="Test_7_A_addToRearB_AB" name="@BeforeMethod initialize" time="-1.572660605598E9">
    <skipped/>
  </testcase> <!-- @BeforeMethod initialize -->
  <testcase classname="Test_7_A_addToRearB_AB" name="@BeforeMethod initialize" time="-1.572660605599E9">
    <skipped/>
  </testcase> <!-- @BeforeMethod initialize -->
  <testcase classname="Test_7_A_addToRearB_AB" name="@BeforeMethod initialize" time="-1.5726606056E9">
    <skipped/>
  </testcase> <!-- @BeforeMethod initialize -->
  <testcase classname="Test_7_A_addToRearB_AB" name="@BeforeMethod initialize" time="-1.572660605601E9">
    <skipped/>
  </testcase> <!-- @BeforeMethod initialize -->
  <testcase classname="Test_7_A_addToRearB_AB" name="@BeforeMethod initialize" time="-1.572660605602E9">
    <skipped/>
  </testcase> <!-- @BeforeMethod initialize -->
  <testcase classname="Test_7_A_addToRearB_AB" name="@BeforeMethod initialize" time="-1.572660605603E9">
    <skipped/>
  </testcase> <!-- @BeforeMethod initialize -->
  <testcase classname="Test_7_A_addToRearB_AB" name="@BeforeMethod initialize" time="-1.572660605604E9">
    <skipped/>
  </testcase> <!-- @BeforeMethod initialize -->
  <testcase classname="Test_7_A_addToRearB_AB" name="@BeforeMethod initialize" time="-1.572660605605E9">
    <skipped/>
  </testcase> <!-- @BeforeMethod initialize -->
  <testcase classname="Test_7_A_addToRearB_AB" name="@BeforeMethod initialize" time="-1.572660605606E9">
    <skipped/>
  </testcase> <!-- @BeforeMethod initialize -->
  <testcase classname="Test_7_A_addToRearB_AB" name="@BeforeMethod initialize" time="-1.572660605607E9">
    <skipped/>
  </testcase> <!-- @BeforeMethod initialize -->
  <testcase classname="Test_7_A_addToRearB_AB" name="@BeforeMethod initialize" time="-1.572660605608E9">
    <skipped/>
  </testcase> <!-- @BeforeMethod initialize -->
  <testcase classname="Test_7_A_addToRearB_AB" name="@BeforeMethod initialize" time="-1.57266060561E9">
    <skipped/>
  </testcase> <!-- @BeforeMethod initialize -->
  <testcase classname="Test_7_A_addToRearB_AB" name="@BeforeMethod initialize" time="-1.572660605611E9">
    <skipped/>
  </testcase> <!-- @BeforeMethod initialize -->
  <testcase classname="Test_7_A_addToRearB_AB" name="@BeforeMethod initialize" time="-1.572660605612E9">
    <skipped/>
  </testcase> <!-- @BeforeMethod initialize -->
  <testcase classname="Test_7_A_addToRearB_AB" name="@BeforeMethod initialize" time="-1.572660605613E9">
    <skipped/>
  </testcase> <!-- @BeforeMethod initialize -->
  <testcase classname="Test_7_A_addToRearB_AB" name="@BeforeMethod initialize" time="-1.572660605614E9">
    <skipped/>
  </testcase> <!-- @BeforeMethod initialize -->
  <testcase classname="Test_7_A_addToRearB_AB" name="@BeforeMethod initialize" time="-1.572660605615E9">
    <skipped/>
  </testcase> <!-- @BeforeMethod initialize -->
  <testcase classname="Test_7_A_addToRearB_AB" name="@BeforeMethod initialize" time="-1.572660605616E9">
    <skipped/>
  </testcase> <!-- @BeforeMethod initialize -->
  <testcase classname="Test_7_A_addToRearB_AB" name="@BeforeMethod initialize" time="-1.572660605616E9">
    <skipped/>
  </testcase> <!-- @BeforeMethod initialize -->
  <testcase classname="Test_7_A_addToRearB_AB" name="@BeforeMethod initialize" time="-1.572660605618E9">
    <skipped/>
  </testcase> <!-- @BeforeMethod initialize -->
  <testcase classname="Test_7_A_addToRearB_AB" name="@BeforeMethod initialize" time="-1.572660605619E9">
    <skipped/>
  </testcase> <!-- @BeforeMethod initialize -->
  <testcase classname="Test_7_A_addToRearB_AB" name="@BeforeMethod initialize" time="-1.57266060562E9">
    <skipped/>
  </testcase> <!-- @BeforeMethod initialize -->
  <testcase classname="Test_7_A_addToRearB_AB" name="@BeforeMethod initialize" time="-1.572660605621E9">
    <skipped/>
  </testcase> <!-- @BeforeMethod initialize -->
  <testcase classname="Test_7_A_addToRearB_AB" name="@BeforeMethod initialize" time="-1.572660605622E9">
    <skipped/>
  </testcase> <!-- @BeforeMethod initialize -->
  <testcase classname="Test_7_A_addToRearB_AB" name="@BeforeMethod initialize" time="-1.572660605623E9">
    <skipped/>
  </testcase> <!-- @BeforeMethod initialize -->
  <testcase classname="Test_7_A_addToRearB_AB" name="@BeforeMethod initialize" time="-1.572660605624E9">
    <skipped/>
  </testcase> <!-- @BeforeMethod initialize -->
  <testcase classname="Test_7_A_addToRearB_AB" name="@BeforeMethod initialize" time="-1.572660605625E9">
    <skipped/>
  </testcase> <!-- @BeforeMethod initialize -->
  <testcase classname="Test_7_A_addToRearB_AB" name="@BeforeMethod initialize" time="-1.572660605626E9">
    <skipped/>
  </testcase> <!-- @BeforeMethod initialize -->
  <testcase classname="Test_8_A_addAfterBA_AB" name="@BeforeMethod initialize" time="0.001">
    <failure type="java.lang.NullPointerException">
      <![CDATA[java.lang.NullPointerException
at Test_8_A_addAfterBA_AB.initialize(Test_8_A_addAfterBA_AB.java:56)
at java.base/jdk.internal.reflect.NativeMethodAccessorImpl.invoke0(Native Method)
at java.base/jdk.internal.reflect.NativeMethodAccessorImpl.invoke(NativeMethodAccessorImpl.java:62)
at java.base/jdk.internal.reflect.DelegatingMethodAccessorImpl.invoke(DelegatingMethodAccessorImpl.java:43)
at java.base/java.lang.reflect.Method.invoke(Method.java:564)
at org.testng.internal.MethodInvocationHelper.invokeMethod(MethodInvocationHelper.java:133)
at org.testng.internal.MethodInvocationHelper.invokeMethodConsideringTimeout(MethodInvocationHelper.java:62)
at org.testng.internal.ConfigInvoker.invokeConfigurationMethod(ConfigInvoker.java:340)
at org.testng.internal.ConfigInvoker.invokeConfigurations(ConfigInvoker.java:294)
at org.testng.internal.TestInvoker.runConfigMethods(TestInvoker.java:683)
at org.testng.internal.TestInvoker.invokeMethod(TestInvoker.java:510)
at org.testng.internal.TestInvoker.invokeTestMethod(TestInvoker.java:172)
at org.testng.internal.MethodRunner.runInSequence(MethodRunner.java:46)
at org.testng.internal.TestInvoker$MethodInvocationAgent.invoke(TestInvoker.java:804)
at org.testng.internal.TestInvoker.invokeTestMethods(TestInvoker.java:145)
at org.testng.internal.TestMethodWorker.invokeTestMethods(TestMethodWorker.java:146)
at org.testng.internal.TestMethodWorker.run(TestMethodWorker.java:128)
at java.base/java.util.ArrayList.forEach(ArrayList.java:1378)
at org.testng.TestRunner.privateRun(TestRunner.java:770)
at org.testng.TestRunner.run(TestRunner.java:591)
at org.testng.SuiteRunner.runTest(SuiteRunner.java:402)
at org.testng.SuiteRunner.runSequentially(SuiteRunner.java:396)
at org.testng.SuiteRunner.privateRun(SuiteRunner.java:355)
at org.testng.SuiteRunner.run(SuiteRunner.java:304)
at org.testng.SuiteRunnerWorker.runSuite(SuiteRunnerWorker.java:53)
at org.testng.SuiteRunnerWorker.run(SuiteRunnerWorker.java:96)
at org.testng.TestNG.runSuitesSequentially(TestNG.java:1180)
at org.testng.TestNG.runSuitesLocally(TestNG.java:1102)
at org.testng.TestNG.runSuites(TestNG.java:1032)
at org.testng.TestNG.run(TestNG.java:1000)
at org.testng.remote.AbstractRemoteTestNG.run(AbstractRemoteTestNG.java:115)
at org.testng.remote.RemoteTestNG.initAndRun(RemoteTestNG.java:251)
at org.testng.remote.RemoteTestNG.main(RemoteTestNG.java:77)
]]>
    </failure>
  </testcase> <!-- @BeforeMethod initialize -->
  <testcase classname="Test_8_A_addAfterBA_AB" name="@BeforeMethod initialize" time="-1.572660605629E9">
    <skipped/>
  </testcase> <!-- @BeforeMethod initialize -->
  <testcase classname="Test_8_A_addAfterBA_AB" name="@BeforeMethod initialize" time="-1.57266060563E9">
    <skipped/>
  </testcase> <!-- @BeforeMethod initialize -->
  <testcase classname="Test_8_A_addAfterBA_AB" name="@BeforeMethod initialize" time="-1.572660605631E9">
    <skipped/>
  </testcase> <!-- @BeforeMethod initialize -->
  <testcase classname="Test_8_A_addAfterBA_AB" name="@BeforeMethod initialize" time="-1.572660605631E9">
    <skipped/>
  </testcase> <!-- @BeforeMethod initialize -->
  <testcase classname="Test_8_A_addAfterBA_AB" name="@BeforeMethod initialize" time="-1.572660605632E9">
    <skipped/>
  </testcase> <!-- @BeforeMethod initialize -->
  <testcase classname="Test_8_A_addAfterBA_AB" name="@BeforeMethod initialize" time="-1.572660605633E9">
    <skipped/>
  </testcase> <!-- @BeforeMethod initialize -->
  <testcase classname="Test_8_A_addAfterBA_AB" name="@BeforeMethod initialize" time="-1.572660605634E9">
    <skipped/>
  </testcase> <!-- @BeforeMethod initialize -->
  <testcase classname="Test_8_A_addAfterBA_AB" name="@BeforeMethod initialize" time="-1.572660605636E9">
    <skipped/>
  </testcase> <!-- @BeforeMethod initialize -->
  <testcase classname="Test_8_A_addAfterBA_AB" name="@BeforeMethod initialize" time="-1.572660605637E9">
    <skipped/>
  </testcase> <!-- @BeforeMethod initialize -->
  <testcase classname="Test_8_A_addAfterBA_AB" name="@BeforeMethod initialize" time="-1.572660605638E9">
    <skipped/>
  </testcase> <!-- @BeforeMethod initialize -->
  <testcase classname="Test_8_A_addAfterBA_AB" name="@BeforeMethod initialize" time="-1.572660605639E9">
    <skipped/>
  </testcase> <!-- @BeforeMethod initialize -->
  <testcase classname="Test_8_A_addAfterBA_AB" name="@BeforeMethod initialize" time="-1.57266060564E9">
    <skipped/>
  </testcase> <!-- @BeforeMethod initialize -->
  <testcase classname="Test_8_A_addAfterBA_AB" name="@BeforeMethod initialize" time="-1.572660605641E9">
    <skipped/>
  </testcase> <!-- @BeforeMethod initialize -->
  <testcase classname="Test_8_A_addAfterBA_AB" name="@BeforeMethod initialize" time="-1.572660605642E9">
    <skipped/>
  </testcase> <!-- @BeforeMethod initialize -->
  <testcase classname="Test_8_A_addAfterBA_AB" name="@BeforeMethod initialize" time="-1.572660605643E9">
    <skipped/>
  </testcase> <!-- @BeforeMethod initialize -->
  <testcase classname="Test_8_A_addAfterBA_AB" name="@BeforeMethod initialize" time="-1.572660605644E9">
    <skipped/>
  </testcase> <!-- @BeforeMethod initialize -->
  <testcase classname="Test_8_A_addAfterBA_AB" name="@BeforeMethod initialize" time="-1.572660605645E9">
    <skipped/>
  </testcase> <!-- @BeforeMethod initialize -->
  <testcase classname="Test_8_A_addAfterBA_AB" name="@BeforeMethod initialize" time="-1.572660605646E9">
    <skipped/>
  </testcase> <!-- @BeforeMethod initialize -->
  <testcase classname="Test_8_A_addAfterBA_AB" name="@BeforeMethod initialize" time="-1.572660605647E9">
    <skipped/>
  </testcase> <!-- @BeforeMethod initialize -->
  <testcase classname="Test_8_A_addAfterBA_AB" name="@BeforeMethod initialize" time="-1.572660605648E9">
    <skipped/>
  </testcase> <!-- @BeforeMethod initialize -->
  <testcase classname="Test_8_A_addAfterBA_AB" name="@BeforeMethod initialize" time="-1.572660605648E9">
    <skipped/>
  </testcase> <!-- @BeforeMethod initialize -->
  <testcase classname="Test_8_A_addAfterBA_AB" name="@BeforeMethod initialize" time="-1.572660605649E9">
    <skipped/>
  </testcase> <!-- @BeforeMethod initialize -->
  <testcase classname="Test_8_A_addAfterBA_AB" name="@BeforeMethod initialize" time="-1.57266060565E9">
    <skipped/>
  </testcase> <!-- @BeforeMethod initialize -->
  <testcase classname="Test_8_A_addAfterBA_AB" name="@BeforeMethod initialize" time="-1.572660605651E9">
    <skipped/>
  </testcase> <!-- @BeforeMethod initialize -->
  <testcase classname="Test_8_A_addAfterBA_AB" name="@BeforeMethod initialize" time="-1.572660605652E9">
    <skipped/>
  </testcase> <!-- @BeforeMethod initialize -->
  <testcase classname="Test_8_A_addAfterBA_AB" name="@BeforeMethod initialize" time="-1.572660605653E9">
    <skipped/>
  </testcase> <!-- @BeforeMethod initialize -->
  <testcase classname="Test_8_A_addAfterBA_AB" name="@BeforeMethod initialize" time="-1.572660605654E9">
    <skipped/>
  </testcase> <!-- @BeforeMethod initialize -->
  <testcase classname="Test_8_A_addAfterBA_AB" name="@BeforeMethod initialize" time="-1.572660605655E9">
    <skipped/>
  </testcase> <!-- @BeforeMethod initialize -->
  <testcase classname="Test_8_A_addAfterBA_AB" name="@BeforeMethod initialize" time="-1.572660605655E9">
    <skipped/>
  </testcase> <!-- @BeforeMethod initialize -->
  <testcase classname="Test_8_A_addAfterBA_AB" name="@BeforeMethod initialize" time="-1.572660605656E9">
    <skipped/>
  </testcase> <!-- @BeforeMethod initialize -->
  <testcase classname="Test_8_A_addAfterBA_AB" name="@BeforeMethod initialize" time="-1.572660605657E9">
    <skipped/>
  </testcase> <!-- @BeforeMethod initialize -->
  <testcase classname="Test_8_A_addAfterBA_AB" name="@BeforeMethod initialize" time="-1.572660605658E9">
    <skipped/>
  </testcase> <!-- @BeforeMethod initialize -->
  <testcase classname="Test_8_A_addAfterBA_AB" name="@BeforeMethod initialize" time="-1.572660605659E9">
    <skipped/>
  </testcase> <!-- @BeforeMethod initialize -->
  <testcase classname="Test_8_A_addAfterBA_AB" name="@BeforeMethod initialize" time="-1.57266060566E9">
    <skipped/>
  </testcase> <!-- @BeforeMethod initialize -->
  <testcase classname="Test_8_A_addAfterBA_AB" name="@BeforeMethod initialize" time="-1.572660605661E9">
    <skipped/>
  </testcase> <!-- @BeforeMethod initialize -->
  <testcase classname="Test_8_A_addAfterBA_AB" name="@BeforeMethod initialize" time="-1.572660605662E9">
    <skipped/>
  </testcase> <!-- @BeforeMethod initialize -->
  <testcase classname="Test_8_A_addAfterBA_AB" name="@BeforeMethod initialize" time="-1.572660605663E9">
    <skipped/>
  </testcase> <!-- @BeforeMethod initialize -->
  <testcase classname="Test_8_A_addAfterBA_AB" name="@BeforeMethod initialize" time="-1.572660605664E9">
    <skipped/>
  </testcase> <!-- @BeforeMethod initialize -->
  <testcase classname="Test_8_A_addAfterBA_AB" name="@BeforeMethod initialize" time="-1.572660605665E9">
    <skipped/>
  </testcase> <!-- @BeforeMethod initialize -->
  <testcase classname="Test_8_A_addAfterBA_AB" name="@BeforeMethod initialize" time="-1.572660605666E9">
    <skipped/>
  </testcase> <!-- @BeforeMethod initialize -->
  <testcase classname="Test_8_A_addAfterBA_AB" name="@BeforeMethod initialize" time="-1.572660605667E9">
    <skipped/>
  </testcase> <!-- @BeforeMethod initialize -->
  <testcase classname="Test_8_A_addAfterBA_AB" name="@BeforeMethod initialize" time="-1.572660605668E9">
    <skipped/>
  </testcase> <!-- @BeforeMethod initialize -->
  <testcase classname="Test_8_A_addAfterBA_AB" name="@BeforeMethod initialize" time="-1.572660605669E9">
    <skipped/>
  </testcase> <!-- @BeforeMethod initialize -->
  <testcase classname="Test_8_A_addAfterBA_AB" name="@BeforeMethod initialize" time="-1.57266060567E9">
    <skipped/>
  </testcase> <!-- @BeforeMethod initialize -->
  <testcase classname="Test_9_A_addB_AB" name="@BeforeMethod initialize" time="0.001">
    <failure type="java.lang.NullPointerException">
      <![CDATA[java.lang.NullPointerException
at Test_9_A_addB_AB.initialize(Test_9_A_addB_AB.java:56)
at java.base/jdk.internal.reflect.NativeMethodAccessorImpl.invoke0(Native Method)
at java.base/jdk.internal.reflect.NativeMethodAccessorImpl.invoke(NativeMethodAccessorImpl.java:62)
at java.base/jdk.internal.reflect.DelegatingMethodAccessorImpl.invoke(DelegatingMethodAccessorImpl.java:43)
at java.base/java.lang.reflect.Method.invoke(Method.java:564)
at org.testng.internal.MethodInvocationHelper.invokeMethod(MethodInvocationHelper.java:133)
at org.testng.internal.MethodInvocationHelper.invokeMethodConsideringTimeout(MethodInvocationHelper.java:62)
at org.testng.internal.ConfigInvoker.invokeConfigurationMethod(ConfigInvoker.java:340)
at org.testng.internal.ConfigInvoker.invokeConfigurations(ConfigInvoker.java:294)
at org.testng.internal.TestInvoker.runConfigMethods(TestInvoker.java:683)
at org.testng.internal.TestInvoker.invokeMethod(TestInvoker.java:510)
at org.testng.internal.TestInvoker.invokeTestMethod(TestInvoker.java:172)
at org.testng.internal.MethodRunner.runInSequence(MethodRunner.java:46)
at org.testng.internal.TestInvoker$MethodInvocationAgent.invoke(TestInvoker.java:804)
at org.testng.internal.TestInvoker.invokeTestMethods(TestInvoker.java:145)
at org.testng.internal.TestMethodWorker.invokeTestMethods(TestMethodWorker.java:146)
at org.testng.internal.TestMethodWorker.run(TestMethodWorker.java:128)
at java.base/java.util.ArrayList.forEach(ArrayList.java:1378)
at org.testng.TestRunner.privateRun(TestRunner.java:770)
at org.testng.TestRunner.run(TestRunner.java:591)
at org.testng.SuiteRunner.runTest(SuiteRunner.java:402)
at org.testng.SuiteRunner.runSequentially(SuiteRunner.java:396)
at org.testng.SuiteRunner.privateRun(SuiteRunner.java:355)
at org.testng.SuiteRunner.run(SuiteRunner.java:304)
at org.testng.SuiteRunnerWorker.runSuite(SuiteRunnerWorker.java:53)
at org.testng.SuiteRunnerWorker.run(SuiteRunnerWorker.java:96)
at org.testng.TestNG.runSuitesSequentially(TestNG.java:1180)
at org.testng.TestNG.runSuitesLocally(TestNG.java:1102)
at org.testng.TestNG.runSuites(TestNG.java:1032)
at org.testng.TestNG.run(TestNG.java:1000)
at org.testng.remote.AbstractRemoteTestNG.run(AbstractRemoteTestNG.java:115)
at org.testng.remote.RemoteTestNG.initAndRun(RemoteTestNG.java:251)
at org.testng.remote.RemoteTestNG.main(RemoteTestNG.java:77)
]]>
    </failure>
  </testcase> <!-- @BeforeMethod initialize -->
  <testcase classname="Test_9_A_addB_AB" name="@BeforeMethod initialize" time="-1.572660605673E9">
    <skipped/>
  </testcase> <!-- @BeforeMethod initialize -->
  <testcase classname="Test_9_A_addB_AB" name="@BeforeMethod initialize" time="-1.572660605674E9">
    <skipped/>
  </testcase> <!-- @BeforeMethod initialize -->
  <testcase classname="Test_9_A_addB_AB" name="@BeforeMethod initialize" time="-1.572660605674E9">
    <skipped/>
  </testcase> <!-- @BeforeMethod initialize -->
  <testcase classname="Test_9_A_addB_AB" name="@BeforeMethod initialize" time="-1.572660605675E9">
    <skipped/>
  </testcase> <!-- @BeforeMethod initialize -->
  <testcase classname="Test_9_A_addB_AB" name="@BeforeMethod initialize" time="-1.572660605676E9">
    <skipped/>
  </testcase> <!-- @BeforeMethod initialize -->
  <testcase classname="Test_9_A_addB_AB" name="@BeforeMethod initialize" time="-1.572660605677E9">
    <skipped/>
  </testcase> <!-- @BeforeMethod initialize -->
  <testcase classname="Test_9_A_addB_AB" name="@BeforeMethod initialize" time="-1.572660605678E9">
    <skipped/>
  </testcase> <!-- @BeforeMethod initialize -->
  <testcase classname="Test_9_A_addB_AB" name="@BeforeMethod initialize" time="-1.572660605679E9">
    <skipped/>
  </testcase> <!-- @BeforeMethod initialize -->
  <testcase classname="Test_9_A_addB_AB" name="@BeforeMethod initialize" time="-1.57266060568E9">
    <skipped/>
  </testcase> <!-- @BeforeMethod initialize -->
  <testcase classname="Test_9_A_addB_AB" name="@BeforeMethod initialize" time="-1.57266060568E9">
    <skipped/>
  </testcase> <!-- @BeforeMethod initialize -->
  <testcase classname="Test_9_A_addB_AB" name="@BeforeMethod initialize" time="-1.572660605681E9">
    <skipped/>
  </testcase> <!-- @BeforeMethod initialize -->
  <testcase classname="Test_9_A_addB_AB" name="@BeforeMethod initialize" time="-1.572660605681E9">
    <skipped/>
  </testcase> <!-- @BeforeMethod initialize -->
  <testcase classname="Test_9_A_addB_AB" name="@BeforeMethod initialize" time="-1.572660605682E9">
    <skipped/>
  </testcase> <!-- @BeforeMethod initialize -->
  <testcase classname="Test_9_A_addB_AB" name="@BeforeMethod initialize" time="-1.572660605683E9">
    <skipped/>
  </testcase> <!-- @BeforeMethod initialize -->
  <testcase classname="Test_9_A_addB_AB" name="@BeforeMethod initialize" time="-1.572660605735E9">
    <skipped/>
  </testcase> <!-- @BeforeMethod initialize -->
  <testcase classname="Test_9_A_addB_AB" name="@BeforeMethod initialize" time="-1.572660605736E9">
    <skipped/>
  </testcase> <!-- @BeforeMethod initialize -->
  <testcase classname="Test_9_A_addB_AB" name="@BeforeMethod initialize" time="-1.572660605737E9">
    <skipped/>
  </testcase> <!-- @BeforeMethod initialize -->
  <testcase classname="Test_9_A_addB_AB" name="@BeforeMethod initialize" time="-1.572660605737E9">
    <skipped/>
  </testcase> <!-- @BeforeMethod initialize -->
  <testcase classname="Test_9_A_addB_AB" name="@BeforeMethod initialize" time="-1.572660605738E9">
    <skipped/>
  </testcase> <!-- @BeforeMethod initialize -->
  <testcase classname="Test_9_A_addB_AB" name="@BeforeMethod initialize" time="-1.572660605739E9">
    <skipped/>
  </testcase> <!-- @BeforeMethod initialize -->
  <testcase classname="Test_9_A_addB_AB" name="@BeforeMethod initialize" time="-1.57266060574E9">
    <skipped/>
  </testcase> <!-- @BeforeMethod initialize -->
  <testcase classname="Test_9_A_addB_AB" name="@BeforeMethod initialize" time="-1.572660605741E9">
    <skipped/>
  </testcase> <!-- @BeforeMethod initialize -->
  <testcase classname="Test_9_A_addB_AB" name="@BeforeMethod initialize" time="-1.572660605741E9">
    <skipped/>
  </testcase> <!-- @BeforeMethod initialize -->
  <testcase classname="Test_9_A_addB_AB" name="@BeforeMethod initialize" time="-1.572660605742E9">
    <skipped/>
  </testcase> <!-- @BeforeMethod initialize -->
  <testcase classname="Test_9_A_addB_AB" name="@BeforeMethod initialize" time="-1.572660605743E9">
    <skipped/>
  </testcase> <!-- @BeforeMethod initialize -->
  <testcase classname="Test_9_A_addB_AB" name="@BeforeMethod initialize" time="-1.572660605744E9">
    <skipped/>
  </testcase> <!-- @BeforeMethod initialize -->
  <testcase classname="Test_9_A_addB_AB" name="@BeforeMethod initialize" time="-1.572660605745E9">
    <skipped/>
  </testcase> <!-- @BeforeMethod initialize -->
  <testcase classname="Test_9_A_addB_AB" name="@BeforeMethod initialize" time="-1.572660605746E9">
    <skipped/>
  </testcase> <!-- @BeforeMethod initialize -->
  <testcase classname="Test_9_A_addB_AB" name="@BeforeMethod initialize" time="-1.572660605746E9">
    <skipped/>
  </testcase> <!-- @BeforeMethod initialize -->
  <testcase classname="Test_9_A_addB_AB" name="@BeforeMethod initialize" time="-1.572660605747E9">
    <skipped/>
  </testcase> <!-- @BeforeMethod initialize -->
  <testcase classname="Test_9_A_addB_AB" name="@BeforeMethod initialize" time="-1.572660605748E9">
    <skipped/>
  </testcase> <!-- @BeforeMethod initialize -->
  <testcase classname="Test_9_A_addB_AB" name="@BeforeMethod initialize" time="-1.572660605749E9">
    <skipped/>
  </testcase> <!-- @BeforeMethod initialize -->
  <testcase classname="Test_9_A_addB_AB" name="@BeforeMethod initialize" time="-1.572660605749E9">
    <skipped/>
  </testcase> <!-- @BeforeMethod initialize -->
  <testcase classname="Test_9_A_addB_AB" name="@BeforeMethod initialize" time="-1.572660605751E9">
    <skipped/>
  </testcase> <!-- @BeforeMethod initialize -->
  <testcase classname="Test_9_A_addB_AB" name="@BeforeMethod initialize" time="-1.572660605751E9">
    <skipped/>
  </testcase> <!-- @BeforeMethod initialize -->
  <testcase classname="Test_9_A_addB_AB" name="@BeforeMethod initialize" time="-1.572660605752E9">
    <skipped/>
  </testcase> <!-- @BeforeMethod initialize -->
  <testcase classname="Test_9_A_addB_AB" name="@BeforeMethod initialize" time="-1.572660605753E9">
    <skipped/>
  </testcase> <!-- @BeforeMethod initialize -->
  <testcase classname="Test_9_A_addB_AB" name="@BeforeMethod initialize" time="-1.572660605754E9">
    <skipped/>
  </testcase> <!-- @BeforeMethod initialize -->
  <testcase classname="Test_9_A_addB_AB" name="@BeforeMethod initialize" time="-1.572660605755E9">
    <skipped/>
  </testcase> <!-- @BeforeMethod initialize -->
  <testcase classname="Test_9_A_addB_AB" name="@BeforeMethod initialize" time="-1.572660605756E9">
    <skipped/>
  </testcase> <!-- @BeforeMethod initialize -->
  <testcase classname="Test_9_A_addB_AB" name="@BeforeMethod initialize" time="-1.572660605756E9">
    <skipped/>
  </testcase> <!-- @BeforeMethod initialize -->
  <testcase classname="Test_9_A_addB_AB" name="@BeforeMethod initialize" time="-1.572660605757E9">
    <skipped/>
  </testcase> <!-- @BeforeMethod initialize -->
  <testcase classname="Test_9_A_addB_AB" name="@BeforeMethod initialize" time="-1.572660605757E9">
    <skipped/>
  </testcase> <!-- @BeforeMethod initialize -->
  <testcase classname="Test_9_A_addB_AB" name="@BeforeMethod initialize" time="-1.572660605758E9">
    <skipped/>
  </testcase> <!-- @BeforeMethod initialize -->
  <testcase classname="Test_11_A_add1B_AB" name="@BeforeMethod initialize" time="0.001">
    <failure type="java.lang.NullPointerException">
      <![CDATA[java.lang.NullPointerException
at Test_11_A_add1B_AB.initialize(Test_11_A_add1B_AB.java:56)
at java.base/jdk.internal.reflect.NativeMethodAccessorImpl.invoke0(Native Method)
at java.base/jdk.internal.reflect.NativeMethodAccessorImpl.invoke(NativeMethodAccessorImpl.java:62)
at java.base/jdk.internal.reflect.DelegatingMethodAccessorImpl.invoke(DelegatingMethodAccessorImpl.java:43)
at java.base/java.lang.reflect.Method.invoke(Method.java:564)
at org.testng.internal.MethodInvocationHelper.invokeMethod(MethodInvocationHelper.java:133)
at org.testng.internal.MethodInvocationHelper.invokeMethodConsideringTimeout(MethodInvocationHelper.java:62)
at org.testng.internal.ConfigInvoker.invokeConfigurationMethod(ConfigInvoker.java:340)
at org.testng.internal.ConfigInvoker.invokeConfigurations(ConfigInvoker.java:294)
at org.testng.internal.TestInvoker.runConfigMethods(TestInvoker.java:683)
at org.testng.internal.TestInvoker.invokeMethod(TestInvoker.java:510)
at org.testng.internal.TestInvoker.invokeTestMethod(TestInvoker.java:172)
at org.testng.internal.MethodRunner.runInSequence(MethodRunner.java:46)
at org.testng.internal.TestInvoker$MethodInvocationAgent.invoke(TestInvoker.java:804)
at org.testng.internal.TestInvoker.invokeTestMethods(TestInvoker.java:145)
at org.testng.internal.TestMethodWorker.invokeTestMethods(TestMethodWorker.java:146)
at org.testng.internal.TestMethodWorker.run(TestMethodWorker.java:128)
at java.base/java.util.ArrayList.forEach(ArrayList.java:1378)
at org.testng.TestRunner.privateRun(TestRunner.java:770)
at org.testng.TestRunner.run(TestRunner.java:591)
at org.testng.SuiteRunner.runTest(SuiteRunner.java:402)
at org.testng.SuiteRunner.runSequentially(SuiteRunner.java:396)
at org.testng.SuiteRunner.privateRun(SuiteRunner.java:355)
at org.testng.SuiteRunner.run(SuiteRunner.java:304)
at org.testng.SuiteRunnerWorker.runSuite(SuiteRunnerWorker.java:53)
at org.testng.SuiteRunnerWorker.run(SuiteRunnerWorker.java:96)
at org.testng.TestNG.runSuitesSequentially(TestNG.java:1180)
at org.testng.TestNG.runSuitesLocally(TestNG.java:1102)
at org.testng.TestNG.runSuites(TestNG.java:1032)
at org.testng.TestNG.run(TestNG.java:1000)
at org.testng.remote.AbstractRemoteTestNG.run(AbstractRemoteTestNG.java:115)
at org.testng.remote.RemoteTestNG.initAndRun(RemoteTestNG.java:251)
at org.testng.remote.RemoteTestNG.main(RemoteTestNG.java:77)
]]>
    </failure>
  </testcase> <!-- @BeforeMethod initialize -->
  <testcase classname="Test_11_A_add1B_AB" name="@BeforeMethod initialize" time="-1.572660605761E9">
    <skipped/>
  </testcase> <!-- @BeforeMethod initialize -->
  <testcase classname="Test_11_A_add1B_AB" name="@BeforeMethod initialize" time="-1.572660605761E9">
    <skipped/>
  </testcase> <!-- @BeforeMethod initialize -->
  <testcase classname="Test_11_A_add1B_AB" name="@BeforeMethod initialize" time="-1.572660605762E9">
    <skipped/>
  </testcase> <!-- @BeforeMethod initialize -->
  <testcase classname="Test_11_A_add1B_AB" name="@BeforeMethod initialize" time="-1.572660605763E9">
    <skipped/>
  </testcase> <!-- @BeforeMethod initialize -->
  <testcase classname="Test_11_A_add1B_AB" name="@BeforeMethod initialize" time="-1.572660605763E9">
    <skipped/>
  </testcase> <!-- @BeforeMethod initialize -->
  <testcase classname="Test_11_A_add1B_AB" name="@BeforeMethod initialize" time="-1.572660605764E9">
    <skipped/>
  </testcase> <!-- @BeforeMethod initialize -->
  <testcase classname="Test_11_A_add1B_AB" name="@BeforeMethod initialize" time="-1.572660605765E9">
    <skipped/>
  </testcase> <!-- @BeforeMethod initialize -->
  <testcase classname="Test_11_A_add1B_AB" name="@BeforeMethod initialize" time="-1.572660605766E9">
    <skipped/>
  </testcase> <!-- @BeforeMethod initialize -->
  <testcase classname="Test_11_A_add1B_AB" name="@BeforeMethod initialize" time="-1.572660605766E9">
    <skipped/>
  </testcase> <!-- @BeforeMethod initialize -->
  <testcase classname="Test_11_A_add1B_AB" name="@BeforeMethod initialize" time="-1.572660605767E9">
    <skipped/>
  </testcase> <!-- @BeforeMethod initialize -->
  <testcase classname="Test_11_A_add1B_AB" name="@BeforeMethod initialize" time="-1.572660605768E9">
    <skipped/>
  </testcase> <!-- @BeforeMethod initialize -->
  <testcase classname="Test_11_A_add1B_AB" name="@BeforeMethod initialize" time="-1.572660605769E9">
    <skipped/>
  </testcase> <!-- @BeforeMethod initialize -->
  <testcase classname="Test_11_A_add1B_AB" name="@BeforeMethod initialize" time="-1.572660605769E9">
    <skipped/>
  </testcase> <!-- @BeforeMethod initialize -->
  <testcase classname="Test_11_A_add1B_AB" name="@BeforeMethod initialize" time="-1.57266060577E9">
    <skipped/>
  </testcase> <!-- @BeforeMethod initialize -->
  <testcase classname="Test_11_A_add1B_AB" name="@BeforeMethod initialize" time="-1.572660605771E9">
    <skipped/>
  </testcase> <!-- @BeforeMethod initialize -->
  <testcase classname="Test_11_A_add1B_AB" name="@BeforeMethod initialize" time="-1.572660605772E9">
    <skipped/>
  </testcase> <!-- @BeforeMethod initialize -->
  <testcase classname="Test_11_A_add1B_AB" name="@BeforeMethod initialize" time="-1.572660605773E9">
    <skipped/>
  </testcase> <!-- @BeforeMethod initialize -->
  <testcase classname="Test_11_A_add1B_AB" name="@BeforeMethod initialize" time="-1.572660605834E9">
    <skipped/>
  </testcase> <!-- @BeforeMethod initialize -->
  <testcase classname="Test_11_A_add1B_AB" name="@BeforeMethod initialize" time="-1.572660605835E9">
    <skipped/>
  </testcase> <!-- @BeforeMethod initialize -->
  <testcase classname="Test_11_A_add1B_AB" name="@BeforeMethod initialize" time="-1.572660605836E9">
    <skipped/>
  </testcase> <!-- @BeforeMethod initialize -->
  <testcase classname="Test_11_A_add1B_AB" name="@BeforeMethod initialize" time="-1.572660605837E9">
    <skipped/>
  </testcase> <!-- @BeforeMethod initialize -->
  <testcase classname="Test_11_A_add1B_AB" name="@BeforeMethod initialize" time="-1.572660605838E9">
    <skipped/>
  </testcase> <!-- @BeforeMethod initialize -->
  <testcase classname="Test_11_A_add1B_AB" name="@BeforeMethod initialize" time="-1.572660605838E9">
    <skipped/>
  </testcase> <!-- @BeforeMethod initialize -->
  <testcase classname="Test_11_A_add1B_AB" name="@BeforeMethod initialize" time="-1.572660605839E9">
    <skipped/>
  </testcase> <!-- @BeforeMethod initialize -->
  <testcase classname="Test_11_A_add1B_AB" name="@BeforeMethod initialize" time="-1.57266060584E9">
    <skipped/>
  </testcase> <!-- @BeforeMethod initialize -->
  <testcase classname="Test_11_A_add1B_AB" name="@BeforeMethod initialize" time="-1.572660605841E9">
    <skipped/>
  </testcase> <!-- @BeforeMethod initialize -->
[...]
  <testcase classname="Test_28_AB_removeB_A" name="testGet_validIndex" time="0.0">
    <skipped/>
  </testcase> <!-- testGet_validIndex -->
  <testcase classname="Test_28_AB_removeB_A" name="testIndexOf_invalidElement" time="0.0">
    <skipped/>
  </testcase> <!-- testIndexOf_invalidElement -->
  <testcase classname="Test_28_AB_removeB_A" name="testIndexOf_validElement" time="0.0">
    <skipped/>
  </testcase> <!-- testIndexOf_validElement -->
  <testcase classname="Test_28_AB_removeB_A" name="testIsEmpty" time="0.0">
    <skipped/>
  </testcase> <!-- testIsEmpty -->
  <testcase classname="Test_28_AB_removeB_A" name="testIterator" time="0.0">
    <skipped/>
  </testcase> <!-- testIterator -->
  <testcase classname="Test_28_AB_removeB_A" name="testLast" time="0.0">
    <skipped/>
  </testcase> <!-- testLast -->
  <testcase classname="Test_28_AB_removeB_A" name="testListIterator" time="0.0">
    <skipped/>
  </testcase> <!-- testListIterator -->
  <testcase classname="Test_28_AB_removeB_A" name="testListIterator_invalidIndex" time="0.0">
    <skipped/>
  </testcase> <!-- testListIterator_invalidIndex -->
  <testcase classname="Test_28_AB_removeB_A" name="testListIterator_invalidIndex" time="0.0">
    <skipped/>
  </testcase> <!-- testListIterator_invalidIndex -->
  <testcase classname="Test_28_AB_removeB_A" name="testListIterator_validIndex" time="0.0">
    <skipped/>
  </testcase> <!-- testListIterator_validIndex -->
  <testcase classname="Test_28_AB_removeB_A" name="testListIterator_validIndex" time="0.0">
    <skipped/>
  </testcase> <!-- testListIterator_validIndex -->
  <testcase classname="Test_28_AB_removeB_A" name="testRemoveFirst" time="0.0">
    <skipped/>
  </testcase> <!-- testRemoveFirst -->
  <testcase classname="Test_28_AB_removeB_A" name="testRemoveLast" time="0.0">
    <skipped/>
  </testcase> <!-- testRemoveLast -->
  <testcase classname="Test_28_AB_removeB_A" name="testRemove_invalidElement" time="0.0">
    <skipped/>
  </testcase> <!-- testRemove_invalidElement -->
  <testcase classname="Test_28_AB_removeB_A" name="testRemove_invalidIndex" time="0.0">
    <skipped/>
  </testcase> <!-- testRemove_invalidIndex -->
  <testcase classname="Test_28_AB_removeB_A" name="testRemove_invalidIndex" time="0.0">
    <skipped/>
  </testcase> <!-- testRemove_invalidIndex -->
  <testcase classname="Test_28_AB_removeB_A" name="testRemove_validElement" time="0.0">
    <skipped/>
  </testcase> <!-- testRemove_validElement -->
  <testcase classname="Test_28_AB_removeB_A" name="testRemove_validIndex" time="0.0">
    <skipped/>
  </testcase> <!-- testRemove_validIndex -->
  <testcase classname="Test_28_AB_removeB_A" name="testSet_invalidIndex" time="0.0">
    <skipped/>
  </testcase> <!-- testSet_invalidIndex -->
  <testcase classname="Test_28_AB_removeB_A" name="testSet_invalidIndex" time="0.0">
    <skipped/>
  </testcase> <!-- testSet_invalidIndex -->
  <testcase classname="Test_28_AB_removeB_A" name="testSet_validIndex" time="0.0">
    <skipped/>
  </testcase> <!-- testSet_validIndex -->
  <testcase classname="Test_28_AB_removeB_A" name="testSize" time="0.0">
    <skipped/>
  </testcase> <!-- testSize -->
  <testcase classname="Test_29_AB_remove0_B" name="testAdd" time="0.0">
    <skipped/>
  </testcase> <!-- testAdd -->
  <testcase classname="Test_29_AB_remove0_B" name="testAddAfter_invalidElement" time="0.0">
    <skipped/>
  </testcase> <!-- testAddAfter_invalidElement -->
  <testcase classname="Test_29_AB_remove0_B" name="testAddAfter_validElement" time="0.0">
    <skipped/>
  </testcase> <!-- testAddAfter_validElement -->
  <testcase classname="Test_29_AB_remove0_B" name="testAddToFront" time="0.0">
    <skipped/>
  </testcase> <!-- testAddToFront -->
  <testcase classname="Test_29_AB_remove0_B" name="testAddToRear" time="0.0">
    <skipped/>
  </testcase> <!-- testAddToRear -->
  <testcase classname="Test_29_AB_remove0_B" name="testAdd_invalidIndex" time="0.0">
    <skipped/>
  </testcase> <!-- testAdd_invalidIndex -->
  <testcase classname="Test_29_AB_remove0_B" name="testAdd_invalidIndex" time="0.0">
    <skipped/>
  </testcase> <!-- testAdd_invalidIndex -->
  <testcase classname="Test_29_AB_remove0_B" name="testAdd_validIndex" time="0.0">
    <skipped/>
  </testcase> <!-- testAdd_validIndex -->
  <testcase classname="Test_29_AB_remove0_B" name="testAdd_validIndex" time="0.0">
    <skipped/>
  </testcase> <!-- testAdd_validIndex -->
  <testcase classname="Test_29_AB_remove0_B" name="testContains_invalidElement" time="0.0">
    <skipped/>
  </testcase> <!-- testContains_invalidElement -->
  <testcase classname="Test_29_AB_remove0_B" name="testContains_validElement" time="0.0">
    <skipped/>
  </testcase> <!-- testContains_validElement -->
  <testcase classname="Test_29_AB_remove0_B" name="testFirst" time="0.0">
    <skipped/>
  </testcase> <!-- testFirst -->
  <testcase classname="Test_29_AB_remove0_B" name="testGet_invalidIndex" time="0.0">
    <skipped/>
  </testcase> <!-- testGet_invalidIndex -->
  <testcase classname="Test_29_AB_remove0_B" name="testGet_invalidIndex" time="0.0">
    <skipped/>
  </testcase> <!-- testGet_invalidIndex -->
  <testcase classname="Test_29_AB_remove0_B" name="testGet_validIndex" time="0.0">
    <skipped/>
  </testcase> <!-- testGet_validIndex -->
  <testcase classname="Test_29_AB_remove0_B" name="testIndexOf_invalidElement" time="0.0">
    <skipped/>
  </testcase> <!-- testIndexOf_invalidElement -->
  <testcase classname="Test_29_AB_remove0_B" name="testIndexOf_validElement" time="0.0">
    <skipped/>
  </testcase> <!-- testIndexOf_validElement -->
  <testcase classname="Test_29_AB_remove0_B" name="testIsEmpty" time="0.0">
    <skipped/>
  </testcase> <!-- testIsEmpty -->
  <testcase classname="Test_29_AB_remove0_B" name="testIterator" time="0.0">
    <skipped/>
  </testcase> <!-- testIterator -->
  <testcase classname="Test_29_AB_remove0_B" name="testLast" time="0.0">
    <skipped/>
  </testcase> <!-- testLast -->
  <testcase classname="Test_29_AB_remove0_B" name="testListIterator" time="0.0">
    <skipped/>
  </testcase> <!-- testListIterator -->
  <testcase classname="Test_29_AB_remove0_B" name="testListIterator_invalidIndex" time="0.0">
    <skipped/>
  </testcase> <!-- testListIterator_invalidIndex -->
  <testcase classname="Test_29_AB_remove0_B" name="testListIterator_invalidIndex" time="0.0">
    <skipped/>
  </testcase> <!-- testListIterator_invalidIndex -->
  <testcase classname="Test_29_AB_remove0_B" name="testListIterator_validIndex" time="0.0">
    <skipped/>
  </testcase> <!-- testListIterator_validIndex -->
  <testcase classname="Test_29_AB_remove0_B" name="testListIterator_validIndex" time="0.0">
    <skipped/>
  </testcase> <!-- testListIterator_validIndex -->
  <testcase classname="Test_29_AB_remove0_B" name="testRemoveFirst" time="0.0">
    <skipped/>
  </testcase> <!-- testRemoveFirst -->
  <testcase classname="Test_29_AB_remove0_B" name="testRemoveLast" time="0.0">
    <skipped/>
  </testcase> <!-- testRemoveLast -->
  <testcase classname="Test_29_AB_remove0_B" name="testRemove_invalidElement" time="0.0">
    <skipped/>
  </testcase> <!-- testRemove_invalidElement -->
  <testcase classname="Test_29_AB_remove0_B" name="testRemove_invalidIndex" time="0.0">
    <skipped/>
  </testcase> <!-- testRemove_invalidIndex -->
  <testcase classname="Test_29_AB_remove0_B" name="testRemove_invalidIndex" time="0.0">
    <skipped/>
  </testcase> <!-- testRemove_invalidIndex -->
  <testcase classname="Test_29_AB_remove0_B" name="testRemove_validElement" time="0.0">
    <skipped/>
  </testcase> <!-- testRemove_validElement -->
  <testcase classname="Test_29_AB_remove0_B" name="testRemove_validIndex" time="0.0">
    <skipped/>
  </testcase> <!-- testRemove_validIndex -->
  <testcase classname="Test_29_AB_remove0_B" name="testSet_invalidIndex" time="0.0">
    <skipped/>
  </testcase> <!-- testSet_invalidIndex -->
  <testcase classname="Test_29_AB_remove0_B" name="testSet_invalidIndex" time="0.0">
    <skipped/>
  </testcase> <!-- testSet_invalidIndex -->
  <testcase classname="Test_29_AB_remove0_B" name="testSet_validIndex" time="0.0">
    <skipped/>
  </testcase> <!-- testSet_validIndex -->
  <testcase classname="Test_29_AB_remove0_B" name="testSize" time="0.0">
    <skipped/>
  </testcase> <!-- testSize -->
  <testcase classname="Test_30_AB_remove1_A" name="testAdd" time="0.0">
    <skipped/>
  </testcase> <!-- testAdd -->
  <testcase classname="Test_30_AB_remove1_A" name="testAddAfter_invalidElement" time="0.0">
    <skipped/>
  </testcase> <!-- testAddAfter_invalidElement -->
  <testcase classname="Test_30_AB_remove1_A" name="testAddAfter_validElement" time="0.0">
    <skipped/>
  </testcase> <!-- testAddAfter_validElement -->
  <testcase classname="Test_30_AB_remove1_A" name="testAddToFront" time="0.0">
    <skipped/>
  </testcase> <!-- testAddToFront -->
  <testcase classname="Test_30_AB_remove1_A" name="testAddToRear" time="0.0">
    <skipped/>
  </testcase> <!-- testAddToRear -->
  <testcase classname="Test_30_AB_remove1_A" name="testAdd_invalidIndex" time="0.0">
    <skipped/>
  </testcase> <!-- testAdd_invalidIndex -->
  <testcase classname="Test_30_AB_remove1_A" name="testAdd_invalidIndex" time="0.0">
    <skipped/>
  </testcase> <!-- testAdd_invalidIndex -->
  <testcase classname="Test_30_AB_remove1_A" name="testAdd_validIndex" time="0.0">
    <skipped/>
  </testcase> <!-- testAdd_validIndex -->
  <testcase classname="Test_30_AB_remove1_A" name="testAdd_validIndex" time="0.0">
    <skipped/>
  </testcase> <!-- testAdd_validIndex -->
  <testcase classname="Test_30_AB_remove1_A" name="testContains_invalidElement" time="0.0">
    <skipped/>
  </testcase> <!-- testContains_invalidElement -->
  <testcase classname="Test_30_AB_remove1_A" name="testContains_validElement" time="0.0">
    <skipped/>
  </testcase> <!-- testContains_validElement -->
  <testcase classname="Test_30_AB_remove1_A" name="testFirst" time="0.0">
    <skipped/>
  </testcase> <!-- testFirst -->
  <testcase classname="Test_30_AB_remove1_A" name="testGet_invalidIndex" time="0.0">
    <skipped/>
  </testcase> <!-- testGet_invalidIndex -->
  <testcase classname="Test_30_AB_remove1_A" name="testGet_invalidIndex" time="0.0">
    <skipped/>
  </testcase> <!-- testGet_invalidIndex -->
  <testcase classname="Test_30_AB_remove1_A" name="testGet_validIndex" time="0.0">
    <skipped/>
  </testcase> <!-- testGet_validIndex -->
  <testcase classname="Test_30_AB_remove1_A" name="testIndexOf_invalidElement" time="0.0">
    <skipped/>
  </testcase> <!-- testIndexOf_invalidElement -->
  <testcase classname="Test_30_AB_remove1_A" name="testIndexOf_validElement" time="0.0">
    <skipped/>
  </testcase> <!-- testIndexOf_validElement -->
  <testcase classname="Test_30_AB_remove1_A" name="testIsEmpty" time="0.0">
    <skipped/>
  </testcase> <!-- testIsEmpty -->
  <testcase classname="Test_30_AB_remove1_A" name="testIterator" time="0.0">
    <skipped/>
  </testcase> <!-- testIterator -->
  <testcase classname="Test_30_AB_remove1_A" name="testLast" time="0.0">
    <skipped/>
  </testcase> <!-- testLast -->
  <testcase classname="Test_30_AB_remove1_A" name="testListIterator" time="0.0">
    <skipped/>
  </testcase> <!-- testListIterator -->
  <testcase classname="Test_30_AB_remove1_A" name="testListIterator_invalidIndex" time="0.0">
    <skipped/>
  </testcase> <!-- testListIterator_invalidIndex -->
  <testcase classname="Test_30_AB_remove1_A" name="testListIterator_invalidIndex" time="0.0">
    <skipped/>
  </testcase> <!-- testListIterator_invalidIndex -->
  <testcase classname="Test_30_AB_remove1_A" name="testListIterator_validIndex" time="0.0">
    <skipped/>
  </testcase> <!-- testListIterator_validIndex -->
  <testcase classname="Test_30_AB_remove1_A" name="testListIterator_validIndex" time="0.0">
    <skipped/>
  </testcase> <!-- testListIterator_validIndex -->
  <testcase classname="Test_30_AB_remove1_A" name="testRemoveFirst" time="0.0">
    <skipped/>
  </testcase> <!-- testRemoveFirst -->
  <testcase classname="Test_30_AB_remove1_A" name="testRemoveLast" time="0.0">
    <skipped/>
  </testcase> <!-- testRemoveLast -->
  <testcase classname="Test_30_AB_remove1_A" name="testRemove_invalidElement" time="0.0">
    <skipped/>
  </testcase> <!-- testRemove_invalidElement -->
  <testcase classname="Test_30_AB_remove1_A" name="testRemove_invalidIndex" time="0.0">
    <skipped/>
  </testcase> <!-- testRemove_invalidIndex -->
  <testcase classname="Test_30_AB_remove1_A" name="testRemove_invalidIndex" time="0.0">
    <skipped/>
  </testcase> <!-- testRemove_invalidIndex -->
  <testcase classname="Test_30_AB_remove1_A" name="testRemove_validElement" time="0.0">
    <skipped/>
  </testcase> <!-- testRemove_validElement -->
  <testcase classname="Test_30_AB_remove1_A" name="testRemove_validIndex" time="0.0">
    <skipped/>
  </testcase> <!-- testRemove_validIndex -->
  <testcase classname="Test_30_AB_remove1_A" name="testSet_invalidIndex" time="0.0">
    <skipped/>
  </testcase> <!-- testSet_invalidIndex -->
  <testcase classname="Test_30_AB_remove1_A" name="testSet_invalidIndex" time="0.0">
    <skipped/>
  </testcase> <!-- testSet_invalidIndex -->
  <testcase classname="Test_30_AB_remove1_A" name="testSet_validIndex" time="0.0">
    <skipped/>
  </testcase> <!-- testSet_validIndex -->
  <testcase classname="Test_30_AB_remove1_A" name="testSize" time="0.0">
    <skipped/>
  </testcase> <!-- testSize -->
  <testcase classname="Test_39_ABC_remove1_AC" name="testAdd" time="0.0">
    <skipped/>
  </testcase> <!-- testAdd -->
  <testcase classname="Test_39_ABC_remove1_AC" name="testAddAfter_invalidElement" time="0.0">
    <skipped/>
  </testcase> <!-- testAddAfter_invalidElement -->
  <testcase classname="Test_39_ABC_remove1_AC" name="testAddAfter_validElement" time="0.0">
    <skipped/>
  </testcase> <!-- testAddAfter_validElement -->
  <testcase classname="Test_39_ABC_remove1_AC" name="testAddAfter_validElement" time="0.0">
    <skipped/>
  </testcase> <!-- testAddAfter_validElement -->
  <testcase classname="Test_39_ABC_remove1_AC" name="testAddToFront" time="0.0">
    <skipped/>
  </testcase> <!-- testAddToFront -->
  <testcase classname="Test_39_ABC_remove1_AC" name="testAddToRear" time="0.0">
    <skipped/>
  </testcase> <!-- testAddToRear -->
  <testcase classname="Test_39_ABC_remove1_AC" name="testAdd_invalidIndex" time="0.0">
    <skipped/>
  </testcase> <!-- testAdd_invalidIndex -->
  <testcase classname="Test_39_ABC_remove1_AC" name="testAdd_invalidIndex" time="0.0">
    <skipped/>
  </testcase> <!-- testAdd_invalidIndex -->
  <testcase classname="Test_39_ABC_remove1_AC" name="testAdd_validIndex" time="0.0">
    <skipped/>
  </testcase> <!-- testAdd_validIndex -->
  <testcase classname="Test_39_ABC_remove1_AC" name="testAdd_validIndex" time="0.0">
    <skipped/>
  </testcase> <!-- testAdd_validIndex -->
  <testcase classname="Test_39_ABC_remove1_AC" name="testAdd_validIndex" time="0.0">
    <skipped/>
  </testcase> <!-- testAdd_validIndex -->
  <testcase classname="Test_39_ABC_remove1_AC" name="testContains_invalidElement" time="0.0">
    <skipped/>
  </testcase> <!-- testContains_invalidElement -->
  <testcase classname="Test_39_ABC_remove1_AC" name="testContains_validElement" time="0.0">
    <skipped/>
  </testcase> <!-- testContains_validElement -->
  <testcase classname="Test_39_ABC_remove1_AC" name="testContains_validElement" time="0.0">
    <skipped/>
  </testcase> <!-- testContains_validElement -->
  <testcase classname="Test_39_ABC_remove1_AC" name="testFirst" time="0.0">
    <skipped/>
  </testcase> <!-- testFirst -->
  <testcase classname="Test_39_ABC_remove1_AC" name="testGet_invalidIndex" time="0.0">
    <skipped/>
  </testcase> <!-- testGet_invalidIndex -->
  <testcase classname="Test_39_ABC_remove1_AC" name="testGet_invalidIndex" time="0.0">
    <skipped/>
  </testcase> <!-- testGet_invalidIndex -->
  <testcase classname="Test_39_ABC_remove1_AC" name="testGet_validIndex" time="0.0">
    <skipped/>
  </testcase> <!-- testGet_validIndex -->
  <testcase classname="Test_39_ABC_remove1_AC" name="testGet_validIndex" time="0.0">
    <skipped/>
  </testcase> <!-- testGet_validIndex -->
  <testcase classname="Test_39_ABC_remove1_AC" name="testIndexOf" time="0.0">
    <skipped/>
  </testcase> <!-- testIndexOf -->
  <testcase classname="Test_39_ABC_remove1_AC" name="testIndexOf" time="0.0">
    <skipped/>
  </testcase> <!-- testIndexOf -->
  <testcase classname="Test_39_ABC_remove1_AC" name="testIndexOf" time="0.0">
    <skipped/>
  </testcase> <!-- testIndexOf -->
  <testcase classname="Test_39_ABC_remove1_AC" name="testIsEmpty" time="0.0">
    <skipped/>
  </testcase> <!-- testIsEmpty -->
  <testcase classname="Test_39_ABC_remove1_AC" name="testIterator" time="0.0">
    <skipped/>
  </testcase> <!-- testIterator -->
  <testcase classname="Test_39_ABC_remove1_AC" name="testLast" time="0.0">
    <skipped/>
  </testcase> <!-- testLast -->
  <testcase classname="Test_39_ABC_remove1_AC" name="testListIterator" time="0.0">
    <skipped/>
  </testcase> <!-- testListIterator -->
  <testcase classname="Test_39_ABC_remove1_AC" name="testListIterator_invalidIndex" time="0.0">
    <skipped/>
  </testcase> <!-- testListIterator_invalidIndex -->
  <testcase classname="Test_39_ABC_remove1_AC" name="testListIterator_invalidIndex" time="0.0">
    <skipped/>
  </testcase> <!-- testListIterator_invalidIndex -->
  <testcase classname="Test_39_ABC_remove1_AC" name="testListIterator_validIndex" time="0.0">
    <skipped/>
  </testcase> <!-- testListIterator_validIndex -->
  <testcase classname="Test_39_ABC_remove1_AC" name="testListIterator_validIndex" time="0.0">
    <skipped/>
  </testcase> <!-- testListIterator_validIndex -->
  <testcase classname="Test_39_ABC_remove1_AC" name="testListIterator_validIndex" time="0.0">
    <skipped/>
  </testcase> <!-- testListIterator_validIndex -->
  <testcase classname="Test_39_ABC_remove1_AC" name="testRemoveFirst" time="0.0">
    <skipped/>
  </testcase> <!-- testRemoveFirst -->
  <testcase classname="Test_39_ABC_remove1_AC" name="testRemoveLast" time="0.0">
    <skipped/>
  </testcase> <!-- testRemoveLast -->
  <testcase classname="Test_39_ABC_remove1_AC" name="testRemove_invalidElement" time="0.0">
    <skipped/>
  </testcase> <!-- testRemove_invalidElement -->
  <testcase classname="Test_39_ABC_remove1_AC" name="testRemove_invalidIndex" time="0.0">
    <skipped/>
  </testcase> <!-- testRemove_invalidIndex -->
  <testcase classname="Test_39_ABC_remove1_AC" name="testRemove_invalidIndex" time="0.0">
    <skipped/>
  </testcase> <!-- testRemove_invalidIndex -->
  <testcase classname="Test_39_ABC_remove1_AC" name="testRemove_validElement" time="0.0">
    <skipped/>
  </testcase> <!-- testRemove_validElement -->
  <testcase classname="Test_39_ABC_remove1_AC" name="testRemove_validElement" time="0.0">
    <skipped/>
  </testcase> <!-- testRemove_validElement -->
  <testcase classname="Test_39_ABC_remove1_AC" name="testRemove_validIndex" time="0.0">
    <skipped/>
  </testcase> <!-- testRemove_validIndex -->
  <testcase classname="Test_39_ABC_remove1_AC" name="testRemove_validIndex" time="0.0">
    <skipped/>
  </testcase> <!-- testRemove_validIndex -->
  <testcase classname="Test_39_ABC_remove1_AC" name="testSet_invalidIndex" time="0.0">
    <skipped/>
  </testcase> <!-- testSet_invalidIndex -->
  <testcase classname="Test_39_ABC_remove1_AC" name="testSet_invalidIndex" time="0.0">
    <skipped/>
  </testcase> <!-- testSet_invalidIndex -->
  <testcase classname="Test_39_ABC_remove1_AC" name="testSet_validIndex" time="0.0">
    <skipped/>
  </testcase> <!-- testSet_validIndex -->
  <testcase classname="Test_39_ABC_remove1_AC" name="testSet_validIndex" time="0.0">
    <skipped/>
  </testcase> <!-- testSet_validIndex -->
  <testcase classname="Test_39_ABC_remove1_AC" name="testSize" time="0.0">
    <skipped/>
  </testcase> <!-- testSize -->
</testsuite> <!-- IUArrayList -->
