<?xml version="1.0" encoding="UTF-8"?>
<!-- Generated by org.testng.reporters.JUnitXMLReporter -->
<testsuite ignored="0" hostname="daniels-mbp.boisestate.edu" failures="3" tests="681" name="IUSingleList" time="1.434" errors="0" timestamp="2019-11-19T11:12:05 MST">
  <testcase classname="ItrTest_10_A_addToRearB_AB" name="@BeforeMethod initList" time="0.001">
    <failure type="java.lang.NullPointerException">
      <![CDATA[java.lang.NullPointerException
at ItrTest_10_A_addToRearB_AB.initList(ItrTest_10_A_addToRearB_AB.java:42)
at java.base/jdk.internal.reflect.NativeMethodAccessorImpl.invoke0(Native Method)
at java.base/jdk.internal.reflect.NativeMethodAccessorImpl.invoke(NativeMethodAccessorImpl.java:62)
at java.base/jdk.internal.reflect.DelegatingMethodAccessorImpl.invoke(DelegatingMethodAccessorImpl.java:43)
at java.base/java.lang.reflect.Method.invoke(Method.java:564)
at org.testng.internal.MethodInvocationHelper.invokeMethod(MethodInvocationHelper.java:133)
at org.testng.internal.MethodInvocationHelper.invokeMethodConsideringTimeout(MethodInvocationHelper.java:62)
at org.testng.internal.ConfigInvoker.invokeConfigurationMethod(ConfigInvoker.java:340)
at org.testng.internal.ConfigInvoker.invokeConfigurations(ConfigInvoker.java:294)
at org.testng.internal.TestInvoker.runConfigMethods(TestInvoker.java:683)
at org.testng.internal.TestInvoker.invokeMethod(TestInvoker.java:510)
at org.testng.internal.TestInvoker.invokeTestMethod(TestInvoker.java:172)
at org.testng.internal.MethodRunner.runInSequence(MethodRunner.java:46)
at org.testng.internal.TestInvoker$MethodInvocationAgent.invoke(TestInvoker.java:804)
at org.testng.internal.TestInvoker.invokeTestMethods(TestInvoker.java:145)
at org.testng.internal.TestMethodWorker.invokeTestMethods(TestMethodWorker.java:146)
at org.testng.internal.TestMethodWorker.run(TestMethodWorker.java:128)
at java.base/java.util.ArrayList.forEach(ArrayList.java:1378)
at org.testng.TestRunner.privateRun(TestRunner.java:770)
at org.testng.TestRunner.run(TestRunner.java:591)
at org.testng.SuiteRunner.runTest(SuiteRunner.java:402)
at org.testng.SuiteRunner.runSequentially(SuiteRunner.java:396)
at org.testng.SuiteRunner.privateRun(SuiteRunner.java:355)
at org.testng.SuiteRunner.run(SuiteRunner.java:304)
at org.testng.SuiteRunnerWorker.runSuite(SuiteRunnerWorker.java:53)
at org.testng.SuiteRunnerWorker.run(SuiteRunnerWorker.java:96)
at org.testng.TestNG.runSuitesSequentially(TestNG.java:1180)
at org.testng.TestNG.runSuitesLocally(TestNG.java:1102)
at org.testng.TestNG.runSuites(TestNG.java:1032)
at org.testng.TestNG.run(TestNG.java:1000)
at org.testng.remote.AbstractRemoteTestNG.run(AbstractRemoteTestNG.java:115)
at org.testng.remote.RemoteTestNG.initAndRun(RemoteTestNG.java:251)
at org.testng.remote.RemoteTestNG.main(RemoteTestNG.java:77)
]]>
    </failure>
  </testcase> <!-- @BeforeMethod initList -->
  <testcase classname="ItrTest_10_A_addToRearB_AB" name="@BeforeMethod initList" time="-1.574187124139E9">
    <skipped/>
  </testcase> <!-- @BeforeMethod initList -->
  <testcase classname="ItrTest_10_A_addToRearB_AB" name="@BeforeMethod initList" time="-1.574187124143E9">
    <skipped/>
  </testcase> <!-- @BeforeMethod initList -->
  <testcase classname="ItrTest_10_A_addToRearB_AB" name="@BeforeMethod initList" time="-1.574187124147E9">
    <skipped/>
  </testcase> <!-- @BeforeMethod initList -->
  <testcase classname="ItrTest_10_A_addToRearB_AB" name="@BeforeMethod initList" time="-1.57418712415E9">
    <skipped/>
  </testcase> <!-- @BeforeMethod initList -->
  <testcase classname="ItrTest_10_A_addToRearB_AB" name="@BeforeMethod initList" time="-1.574187124154E9">
    <skipped/>
  </testcase> <!-- @BeforeMethod initList -->
  <testcase classname="ItrTest_10_A_addToRearB_AB" name="@BeforeMethod initList" time="-1.574187124157E9">
    <skipped/>
  </testcase> <!-- @BeforeMethod initList -->
  <testcase classname="ItrTest_10_A_addToRearB_AB" name="@BeforeMethod initList" time="-1.57418712416E9">
    <skipped/>
  </testcase> <!-- @BeforeMethod initList -->
  <testcase classname="ItrTest_10_A_addToRearB_AB" name="@BeforeMethod initList" time="-1.574187124164E9">
    <skipped/>
  </testcase> <!-- @BeforeMethod initList -->
  <testcase classname="ItrTest_10_A_addToRearB_AB" name="@BeforeMethod initList" time="-1.574187124167E9">
    <skipped/>
  </testcase> <!-- @BeforeMethod initList -->
  <testcase classname="ItrTest_10_A_addToRearB_AB" name="@BeforeMethod initList" time="-1.57418712417E9">
    <skipped/>
  </testcase> <!-- @BeforeMethod initList -->
  <testcase classname="ItrTest_10_A_addToRearB_AB" name="@BeforeMethod initList" time="-1.574187124174E9">
    <skipped/>
  </testcase> <!-- @BeforeMethod initList -->
  <testcase classname="ItrTest_10_A_addToRearB_AB" name="@BeforeMethod initList" time="-1.574187124177E9">
    <skipped/>
  </testcase> <!-- @BeforeMethod initList -->
  <testcase classname="ItrTest_10_A_addToRearB_AB" name="@BeforeMethod initList" time="-1.57418712418E9">
    <skipped/>
  </testcase> <!-- @BeforeMethod initList -->
  <testcase classname="ItrTest_10_A_addToRearB_AB" name="@BeforeMethod initList" time="-1.574187124183E9">
    <skipped/>
  </testcase> <!-- @BeforeMethod initList -->
  <testcase classname="ItrTest_10_A_addToRearB_AB" name="@BeforeMethod initList" time="-1.574187124186E9">
    <skipped/>
  </testcase> <!-- @BeforeMethod initList -->
  <testcase classname="ItrTest_10_A_addToRearB_AB" name="@BeforeMethod initList" time="-1.574187124188E9">
    <skipped/>
  </testcase> <!-- @BeforeMethod initList -->
  <testcase classname="ItrTest_10_A_addToRearB_AB" name="@BeforeMethod initList" time="-1.574187124191E9">
    <skipped/>
  </testcase> <!-- @BeforeMethod initList -->
  <testcase classname="ItrTest_11_A_addAfterBA_AB" name="@BeforeMethod initList" time="0.0">
    <failure type="java.lang.NullPointerException">
      <![CDATA[java.lang.NullPointerException
at ItrTest_11_A_addAfterBA_AB.initList(ItrTest_11_A_addAfterBA_AB.java:42)
at java.base/jdk.internal.reflect.NativeMethodAccessorImpl.invoke0(Native Method)
at java.base/jdk.internal.reflect.NativeMethodAccessorImpl.invoke(NativeMethodAccessorImpl.java:62)
at java.base/jdk.internal.reflect.DelegatingMethodAccessorImpl.invoke(DelegatingMethodAccessorImpl.java:43)
at java.base/java.lang.reflect.Method.invoke(Method.java:564)
at org.testng.internal.MethodInvocationHelper.invokeMethod(MethodInvocationHelper.java:133)
at org.testng.internal.MethodInvocationHelper.invokeMethodConsideringTimeout(MethodInvocationHelper.java:62)
at org.testng.internal.ConfigInvoker.invokeConfigurationMethod(ConfigInvoker.java:340)
at org.testng.internal.ConfigInvoker.invokeConfigurations(ConfigInvoker.java:294)
at org.testng.internal.TestInvoker.runConfigMethods(TestInvoker.java:683)
at org.testng.internal.TestInvoker.invokeMethod(TestInvoker.java:510)
at org.testng.internal.TestInvoker.invokeTestMethod(TestInvoker.java:172)
at org.testng.internal.MethodRunner.runInSequence(MethodRunner.java:46)
at org.testng.internal.TestInvoker$MethodInvocationAgent.invoke(TestInvoker.java:804)
at org.testng.internal.TestInvoker.invokeTestMethods(TestInvoker.java:145)
at org.testng.internal.TestMethodWorker.invokeTestMethods(TestMethodWorker.java:146)
at org.testng.internal.TestMethodWorker.run(TestMethodWorker.java:128)
at java.base/java.util.ArrayList.forEach(ArrayList.java:1378)
at org.testng.TestRunner.privateRun(TestRunner.java:770)
at org.testng.TestRunner.run(TestRunner.java:591)
at org.testng.SuiteRunner.runTest(SuiteRunner.java:402)
at org.testng.SuiteRunner.runSequentially(SuiteRunner.java:396)
at org.testng.SuiteRunner.privateRun(SuiteRunner.java:355)
at org.testng.SuiteRunner.run(SuiteRunner.java:304)
at org.testng.SuiteRunnerWorker.runSuite(SuiteRunnerWorker.java:53)
at org.testng.SuiteRunnerWorker.run(SuiteRunnerWorker.java:96)
at org.testng.TestNG.runSuitesSequentially(TestNG.java:1180)
at org.testng.TestNG.runSuitesLocally(TestNG.java:1102)
at org.testng.TestNG.runSuites(TestNG.java:1032)
at org.testng.TestNG.run(TestNG.java:1000)
at org.testng.remote.AbstractRemoteTestNG.run(AbstractRemoteTestNG.java:115)
at org.testng.remote.RemoteTestNG.initAndRun(RemoteTestNG.java:251)
at org.testng.remote.RemoteTestNG.main(RemoteTestNG.java:77)
]]>
    </failure>
  </testcase> <!-- @BeforeMethod initList -->
  <testcase classname="ItrTest_11_A_addAfterBA_AB" name="@BeforeMethod initList" time="-1.574187124197E9">
    <skipped/>
  </testcase> <!-- @BeforeMethod initList -->
  <testcase classname="ItrTest_11_A_addAfterBA_AB" name="@BeforeMethod initList" time="-1.574187124199E9">
    <skipped/>
  </testcase> <!-- @BeforeMethod initList -->
  <testcase classname="ItrTest_11_A_addAfterBA_AB" name="@BeforeMethod initList" time="-1.574187124201E9">
    <skipped/>
  </testcase> <!-- @BeforeMethod initList -->
  <testcase classname="ItrTest_11_A_addAfterBA_AB" name="@BeforeMethod initList" time="-1.574187124203E9">
    <skipped/>
  </testcase> <!-- @BeforeMethod initList -->
  <testcase classname="ItrTest_11_A_addAfterBA_AB" name="@BeforeMethod initList" time="-1.574187124205E9">
    <skipped/>
  </testcase> <!-- @BeforeMethod initList -->
  <testcase classname="ItrTest_11_A_addAfterBA_AB" name="@BeforeMethod initList" time="-1.574187124207E9">
    <skipped/>
  </testcase> <!-- @BeforeMethod initList -->
  <testcase classname="ItrTest_11_A_addAfterBA_AB" name="@BeforeMethod initList" time="-1.57418712421E9">
    <skipped/>
  </testcase> <!-- @BeforeMethod initList -->
  <testcase classname="ItrTest_11_A_addAfterBA_AB" name="@BeforeMethod initList" time="-1.574187124212E9">
    <skipped/>
  </testcase> <!-- @BeforeMethod initList -->
  <testcase classname="ItrTest_11_A_addAfterBA_AB" name="@BeforeMethod initList" time="-1.574187124214E9">
    <skipped/>
  </testcase> <!-- @BeforeMethod initList -->
  <testcase classname="ItrTest_11_A_addAfterBA_AB" name="@BeforeMethod initList" time="-1.574187124227E9">
    <skipped/>
  </testcase> <!-- @BeforeMethod initList -->
  <testcase classname="ItrTest_11_A_addAfterBA_AB" name="@BeforeMethod initList" time="-1.574187124229E9">
    <skipped/>
  </testcase> <!-- @BeforeMethod initList -->
  <testcase classname="ItrTest_11_A_addAfterBA_AB" name="@BeforeMethod initList" time="-1.574187124231E9">
    <skipped/>
  </testcase> <!-- @BeforeMethod initList -->
  <testcase classname="ItrTest_11_A_addAfterBA_AB" name="@BeforeMethod initList" time="-1.574187124234E9">
    <skipped/>
  </testcase> <!-- @BeforeMethod initList -->
  <testcase classname="ItrTest_11_A_addAfterBA_AB" name="@BeforeMethod initList" time="-1.574187124236E9">
    <skipped/>
  </testcase> <!-- @BeforeMethod initList -->
  <testcase classname="ItrTest_11_A_addAfterBA_AB" name="@BeforeMethod initList" time="-1.574187124239E9">
    <skipped/>
  </testcase> <!-- @BeforeMethod initList -->
  <testcase classname="ItrTest_11_A_addAfterBA_AB" name="@BeforeMethod initList" time="-1.57418712424E9">
    <skipped/>
  </testcase> <!-- @BeforeMethod initList -->
  <testcase classname="ItrTest_11_A_addAfterBA_AB" name="@BeforeMethod initList" time="-1.574187124242E9">
    <skipped/>
  </testcase> <!-- @BeforeMethod initList -->
  <testcase classname="ItrTest_12_A_remove0_emptyList" name="@BeforeMethod initList" time="0.0">
    <failure type="java.lang.NullPointerException">
      <![CDATA[java.lang.NullPointerException
at ItrTest_12_A_remove0_emptyList.initList(ItrTest_12_A_remove0_emptyList.java:40)
at java.base/jdk.internal.reflect.NativeMethodAccessorImpl.invoke0(Native Method)
at java.base/jdk.internal.reflect.NativeMethodAccessorImpl.invoke(NativeMethodAccessorImpl.java:62)
at java.base/jdk.internal.reflect.DelegatingMethodAccessorImpl.invoke(DelegatingMethodAccessorImpl.java:43)
at java.base/java.lang.reflect.Method.invoke(Method.java:564)
at org.testng.internal.MethodInvocationHelper.invokeMethod(MethodInvocationHelper.java:133)
at org.testng.internal.MethodInvocationHelper.invokeMethodConsideringTimeout(MethodInvocationHelper.java:62)
at org.testng.internal.ConfigInvoker.invokeConfigurationMethod(ConfigInvoker.java:340)
at org.testng.internal.ConfigInvoker.invokeConfigurations(ConfigInvoker.java:294)
at org.testng.internal.TestInvoker.runConfigMethods(TestInvoker.java:683)
at org.testng.internal.TestInvoker.invokeMethod(TestInvoker.java:510)
at org.testng.internal.TestInvoker.invokeTestMethod(TestInvoker.java:172)
at org.testng.internal.MethodRunner.runInSequence(MethodRunner.java:46)
at org.testng.internal.TestInvoker$MethodInvocationAgent.invoke(TestInvoker.java:804)
at org.testng.internal.TestInvoker.invokeTestMethods(TestInvoker.java:145)
at org.testng.internal.TestMethodWorker.invokeTestMethods(TestMethodWorker.java:146)
at org.testng.internal.TestMethodWorker.run(TestMethodWorker.java:128)
at java.base/java.util.ArrayList.forEach(ArrayList.java:1378)
at org.testng.TestRunner.privateRun(TestRunner.java:770)
at org.testng.TestRunner.run(TestRunner.java:591)
at org.testng.SuiteRunner.runTest(SuiteRunner.java:402)
at org.testng.SuiteRunner.runSequentially(SuiteRunner.java:396)
at org.testng.SuiteRunner.privateRun(SuiteRunner.java:355)
at org.testng.SuiteRunner.run(SuiteRunner.java:304)
at org.testng.SuiteRunnerWorker.runSuite(SuiteRunnerWorker.java:53)
at org.testng.SuiteRunnerWorker.run(SuiteRunnerWorker.java:96)
at org.testng.TestNG.runSuitesSequentially(TestNG.java:1180)
at org.testng.TestNG.runSuitesLocally(TestNG.java:1102)
at org.testng.TestNG.runSuites(TestNG.java:1032)
at org.testng.TestNG.run(TestNG.java:1000)
at org.testng.remote.AbstractRemoteTestNG.run(AbstractRemoteTestNG.java:115)
at org.testng.remote.RemoteTestNG.initAndRun(RemoteTestNG.java:251)
at org.testng.remote.RemoteTestNG.main(RemoteTestNG.java:77)
]]>
    </failure>
  </testcase> <!-- @BeforeMethod initList -->
  <testcase classname="ItrTest_12_A_remove0_emptyList" name="@BeforeMethod initList" time="-1.574187124248E9">
    <skipped/>
  </testcase> <!-- @BeforeMethod initList -->
  <testcase classname="ItrTest_12_A_remove0_emptyList" name="@BeforeMethod initList" time="-1.57418712425E9">
    <skipped/>
  </testcase> <!-- @BeforeMethod initList -->
  <testcase classname="ItrTest_13_A_set0B_B" name="@BeforeMethod initList" time="0.001">
    <failure type="java.lang.NullPointerException">
      <![CDATA[java.lang.NullPointerException
at ItrTest_13_A_set0B_B.initList(ItrTest_13_A_set0B_B.java:39)
at java.base/jdk.internal.reflect.NativeMethodAccessorImpl.invoke0(Native Method)
at java.base/jdk.internal.reflect.NativeMethodAccessorImpl.invoke(NativeMethodAccessorImpl.java:62)
at java.base/jdk.internal.reflect.DelegatingMethodAccessorImpl.invoke(DelegatingMethodAccessorImpl.java:43)
at java.base/java.lang.reflect.Method.invoke(Method.java:564)
at org.testng.internal.MethodInvocationHelper.invokeMethod(MethodInvocationHelper.java:133)
at org.testng.internal.MethodInvocationHelper.invokeMethodConsideringTimeout(MethodInvocationHelper.java:62)
at org.testng.internal.ConfigInvoker.invokeConfigurationMethod(ConfigInvoker.java:340)
at org.testng.internal.ConfigInvoker.invokeConfigurations(ConfigInvoker.java:294)
at org.testng.internal.TestInvoker.runConfigMethods(TestInvoker.java:683)
at org.testng.internal.TestInvoker.invokeMethod(TestInvoker.java:510)
at org.testng.internal.TestInvoker.invokeTestMethod(TestInvoker.java:172)
at org.testng.internal.MethodRunner.runInSequence(MethodRunner.java:46)
at org.testng.internal.TestInvoker$MethodInvocationAgent.invoke(TestInvoker.java:804)
at org.testng.internal.TestInvoker.invokeTestMethods(TestInvoker.java:145)
at org.testng.internal.TestMethodWorker.invokeTestMethods(TestMethodWorker.java:146)
at org.testng.internal.TestMethodWorker.run(TestMethodWorker.java:128)
at java.base/java.util.ArrayList.forEach(ArrayList.java:1378)
at org.testng.TestRunner.privateRun(TestRunner.java:770)
at org.testng.TestRunner.run(TestRunner.java:591)
at org.testng.SuiteRunner.runTest(SuiteRunner.java:402)
at org.testng.SuiteRunner.runSequentially(SuiteRunner.java:396)
at org.testng.SuiteRunner.privateRun(SuiteRunner.java:355)
at org.testng.SuiteRunner.run(SuiteRunner.java:304)
at org.testng.SuiteRunnerWorker.runSuite(SuiteRunnerWorker.java:53)
at org.testng.SuiteRunnerWorker.run(SuiteRunnerWorker.java:96)
at org.testng.TestNG.runSuitesSequentially(TestNG.java:1180)
at org.testng.TestNG.runSuitesLocally(TestNG.java:1102)
at org.testng.TestNG.runSuites(TestNG.java:1032)
at org.testng.TestNG.run(TestNG.java:1000)
at org.testng.remote.AbstractRemoteTestNG.run(AbstractRemoteTestNG.java:115)
at org.testng.remote.RemoteTestNG.initAndRun(RemoteTestNG.java:251)
at org.testng.remote.RemoteTestNG.main(RemoteTestNG.java:77)
]]>
    </failure>
  </testcase> <!-- @BeforeMethod initList -->
  <testcase classname="ItrTest_13_A_set0B_B" name="@BeforeMethod initList" time="-1.574187124256E9">
    <skipped/>
  </testcase> <!-- @BeforeMethod initList -->
  <testcase classname="ItrTest_13_A_set0B_B" name="@BeforeMethod initList" time="-1.574187124258E9">
    <skipped/>
  </testcase> <!-- @BeforeMethod initList -->
  <testcase classname="ItrTest_13_A_set0B_B" name="@BeforeMethod initList" time="-1.574187124259E9">
    <skipped/>
  </testcase> <!-- @BeforeMethod initList -->
  <testcase classname="ItrTest_13_A_set0B_B" name="@BeforeMethod initList" time="-1.574187124261E9">
    <skipped/>
  </testcase> <!-- @BeforeMethod initList -->
  <testcase classname="ItrTest_13_A_set0B_B" name="@BeforeMethod initList" time="-1.574187124262E9">
    <skipped/>
  </testcase> <!-- @BeforeMethod initList -->
  <testcase classname="ItrTest_13_A_set0B_B" name="@BeforeMethod initList" time="-1.574187124264E9">
    <skipped/>
  </testcase> <!-- @BeforeMethod initList -->
  <testcase classname="ItrTest_13_A_set0B_B" name="@BeforeMethod initList" time="-1.574187124266E9">
    <skipped/>
  </testcase> <!-- @BeforeMethod initList -->
  <testcase classname="ItrTest_13_A_set0B_B" name="@BeforeMethod initList" time="-1.574187124268E9">
    <skipped/>
  </testcase> <!-- @BeforeMethod initList -->
  <testcase classname="ItrTest_14_A_add0B_BA" name="@BeforeMethod initList" time="0.0">
    <failure type="java.lang.NullPointerException">
      <![CDATA[java.lang.NullPointerException
at ItrTest_14_A_add0B_BA.initList(ItrTest_14_A_add0B_BA.java:41)
at java.base/jdk.internal.reflect.NativeMethodAccessorImpl.invoke0(Native Method)
at java.base/jdk.internal.reflect.NativeMethodAccessorImpl.invoke(NativeMethodAccessorImpl.java:62)
at java.base/jdk.internal.reflect.DelegatingMethodAccessorImpl.invoke(DelegatingMethodAccessorImpl.java:43)
at java.base/java.lang.reflect.Method.invoke(Method.java:564)
at org.testng.internal.MethodInvocationHelper.invokeMethod(MethodInvocationHelper.java:133)
at org.testng.internal.MethodInvocationHelper.invokeMethodConsideringTimeout(MethodInvocationHelper.java:62)
at org.testng.internal.ConfigInvoker.invokeConfigurationMethod(ConfigInvoker.java:340)
at org.testng.internal.ConfigInvoker.invokeConfigurations(ConfigInvoker.java:294)
at org.testng.internal.TestInvoker.runConfigMethods(TestInvoker.java:683)
at org.testng.internal.TestInvoker.invokeMethod(TestInvoker.java:510)
at org.testng.internal.TestInvoker.invokeTestMethod(TestInvoker.java:172)
at org.testng.internal.MethodRunner.runInSequence(MethodRunner.java:46)
at org.testng.internal.TestInvoker$MethodInvocationAgent.invoke(TestInvoker.java:804)
at org.testng.internal.TestInvoker.invokeTestMethods(TestInvoker.java:145)
at org.testng.internal.TestMethodWorker.invokeTestMethods(TestMethodWorker.java:146)
at org.testng.internal.TestMethodWorker.run(TestMethodWorker.java:128)
at java.base/java.util.ArrayList.forEach(ArrayList.java:1378)
at org.testng.TestRunner.privateRun(TestRunner.java:770)
at org.testng.TestRunner.run(TestRunner.java:591)
at org.testng.SuiteRunner.runTest(SuiteRunner.java:402)
at org.testng.SuiteRunner.runSequentially(SuiteRunner.java:396)
at org.testng.SuiteRunner.privateRun(SuiteRunner.java:355)
at org.testng.SuiteRunner.run(SuiteRunner.java:304)
at org.testng.SuiteRunnerWorker.runSuite(SuiteRunnerWorker.java:53)
at org.testng.SuiteRunnerWorker.run(SuiteRunnerWorker.java:96)
at org.testng.TestNG.runSuitesSequentially(TestNG.java:1180)
at org.testng.TestNG.runSuitesLocally(TestNG.java:1102)
at org.testng.TestNG.runSuites(TestNG.java:1032)
at org.testng.TestNG.run(TestNG.java:1000)
at org.testng.remote.AbstractRemoteTestNG.run(AbstractRemoteTestNG.java:115)
at org.testng.remote.RemoteTestNG.initAndRun(RemoteTestNG.java:251)
at org.testng.remote.RemoteTestNG.main(RemoteTestNG.java:77)
]]>
    </failure>
  </testcase> <!-- @BeforeMethod initList -->
  <testcase classname="ItrTest_14_A_add0B_BA" name="@BeforeMethod initList" time="-1.574187124274E9">
    <skipped/>
  </testcase> <!-- @BeforeMethod initList -->
  <testcase classname="ItrTest_14_A_add0B_BA" name="@BeforeMethod initList" time="-1.574187124276E9">
    <skipped/>
  </testcase> <!-- @BeforeMethod initList -->
  <testcase classname="ItrTest_14_A_add0B_BA" name="@BeforeMethod initList" time="-1.574187124278E9">
    <skipped/>
  </testcase> <!-- @BeforeMethod initList -->
  <testcase classname="ItrTest_14_A_add0B_BA" name="@BeforeMethod initList" time="-1.57418712428E9">
    <skipped/>
  </testcase> <!-- @BeforeMethod initList -->
  <testcase classname="ItrTest_14_A_add0B_BA" name="@BeforeMethod initList" time="-1.574187124281E9">
    <skipped/>
  </testcase> <!-- @BeforeMethod initList -->
  <testcase classname="ItrTest_14_A_add0B_BA" name="@BeforeMethod initList" time="-1.574187124283E9">
    <skipped/>
  </testcase> <!-- @BeforeMethod initList -->
  <testcase classname="ItrTest_14_A_add0B_BA" name="@BeforeMethod initList" time="-1.574187124285E9">
    <skipped/>
  </testcase> <!-- @BeforeMethod initList -->
  <testcase classname="ItrTest_14_A_add0B_BA" name="@BeforeMethod initList" time="-1.574187124287E9">
    <skipped/>
  </testcase> <!-- @BeforeMethod initList -->
  <testcase classname="ItrTest_14_A_add0B_BA" name="@BeforeMethod initList" time="-1.574187124289E9">
    <skipped/>
  </testcase> <!-- @BeforeMethod initList -->
  <testcase classname="ItrTest_14_A_add0B_BA" name="@BeforeMethod initList" time="-1.574187124291E9">
    <skipped/>
  </testcase> <!-- @BeforeMethod initList -->
  <testcase classname="ItrTest_14_A_add0B_BA" name="@BeforeMethod initList" time="-1.574187124293E9">
    <skipped/>
  </testcase> <!-- @BeforeMethod initList -->
  <testcase classname="ItrTest_14_A_add0B_BA" name="@BeforeMethod initList" time="-1.574187124295E9">
    <skipped/>
  </testcase> <!-- @BeforeMethod initList -->
  <testcase classname="ItrTest_14_A_add0B_BA" name="@BeforeMethod initList" time="-1.574187124297E9">
    <skipped/>
  </testcase> <!-- @BeforeMethod initList -->
  <testcase classname="ItrTest_14_A_add0B_BA" name="@BeforeMethod initList" time="-1.574187124299E9">
    <skipped/>
  </testcase> <!-- @BeforeMethod initList -->
  <testcase classname="ItrTest_14_A_add0B_BA" name="@BeforeMethod initList" time="-1.574187124301E9">
    <skipped/>
  </testcase> <!-- @BeforeMethod initList -->
  <testcase classname="ItrTest_14_A_add0B_BA" name="@BeforeMethod initList" time="-1.574187124303E9">
    <skipped/>
  </testcase> <!-- @BeforeMethod initList -->
  <testcase classname="ItrTest_14_A_add0B_BA" name="@BeforeMethod initList" time="-1.574187124305E9">
    <skipped/>
  </testcase> <!-- @BeforeMethod initList -->
  <testcase classname="ItrTest_15_A_add1B_AB" name="@BeforeMethod initList" time="0.0">
    <failure type="java.lang.NullPointerException">
      <![CDATA[java.lang.NullPointerException
at ItrTest_15_A_add1B_AB.initList(ItrTest_15_A_add1B_AB.java:42)
at java.base/jdk.internal.reflect.NativeMethodAccessorImpl.invoke0(Native Method)
at java.base/jdk.internal.reflect.NativeMethodAccessorImpl.invoke(NativeMethodAccessorImpl.java:62)
at java.base/jdk.internal.reflect.DelegatingMethodAccessorImpl.invoke(DelegatingMethodAccessorImpl.java:43)
at java.base/java.lang.reflect.Method.invoke(Method.java:564)
at org.testng.internal.MethodInvocationHelper.invokeMethod(MethodInvocationHelper.java:133)
at org.testng.internal.MethodInvocationHelper.invokeMethodConsideringTimeout(MethodInvocationHelper.java:62)
at org.testng.internal.ConfigInvoker.invokeConfigurationMethod(ConfigInvoker.java:340)
at org.testng.internal.ConfigInvoker.invokeConfigurations(ConfigInvoker.java:294)
at org.testng.internal.TestInvoker.runConfigMethods(TestInvoker.java:683)
at org.testng.internal.TestInvoker.invokeMethod(TestInvoker.java:510)
at org.testng.internal.TestInvoker.invokeTestMethod(TestInvoker.java:172)
at org.testng.internal.MethodRunner.runInSequence(MethodRunner.java:46)
at org.testng.internal.TestInvoker$MethodInvocationAgent.invoke(TestInvoker.java:804)
at org.testng.internal.TestInvoker.invokeTestMethods(TestInvoker.java:145)
at org.testng.internal.TestMethodWorker.invokeTestMethods(TestMethodWorker.java:146)
at org.testng.internal.TestMethodWorker.run(TestMethodWorker.java:128)
at java.base/java.util.ArrayList.forEach(ArrayList.java:1378)
at org.testng.TestRunner.privateRun(TestRunner.java:770)
at org.testng.TestRunner.run(TestRunner.java:591)
at org.testng.SuiteRunner.runTest(SuiteRunner.java:402)
at org.testng.SuiteRunner.runSequentially(SuiteRunner.java:396)
at org.testng.SuiteRunner.privateRun(SuiteRunner.java:355)
at org.testng.SuiteRunner.run(SuiteRunner.java:304)
at org.testng.SuiteRunnerWorker.runSuite(SuiteRunnerWorker.java:53)
at org.testng.SuiteRunnerWorker.run(SuiteRunnerWorker.java:96)
at org.testng.TestNG.runSuitesSequentially(TestNG.java:1180)
at org.testng.TestNG.runSuitesLocally(TestNG.java:1102)
at org.testng.TestNG.runSuites(TestNG.java:1032)
at org.testng.TestNG.run(TestNG.java:1000)
at org.testng.remote.AbstractRemoteTestNG.run(AbstractRemoteTestNG.java:115)
at org.testng.remote.RemoteTestNG.initAndRun(RemoteTestNG.java:251)
at org.testng.remote.RemoteTestNG.main(RemoteTestNG.java:77)
]]>
    </failure>
  </testcase> <!-- @BeforeMethod initList -->
  <testcase classname="ItrTest_15_A_add1B_AB" name="@BeforeMethod initList" time="-1.57418712431E9">
    <skipped/>
  </testcase> <!-- @BeforeMethod initList -->
  <testcase classname="ItrTest_15_A_add1B_AB" name="@BeforeMethod initList" time="-1.574187124312E9">
    <skipped/>
  </testcase> <!-- @BeforeMethod initList -->
  <testcase classname="ItrTest_15_A_add1B_AB" name="@BeforeMethod initList" time="-1.574187124313E9">
    <skipped/>
  </testcase> <!-- @BeforeMethod initList -->
  <testcase classname="ItrTest_15_A_add1B_AB" name="@BeforeMethod initList" time="-1.574187124315E9">
    <skipped/>
  </testcase> <!-- @BeforeMethod initList -->
  <testcase classname="ItrTest_15_A_add1B_AB" name="@BeforeMethod initList" time="-1.574187124316E9">
    <skipped/>
  </testcase> <!-- @BeforeMethod initList -->
  <testcase classname="ItrTest_15_A_add1B_AB" name="@BeforeMethod initList" time="-1.574187124317E9">
    <skipped/>
  </testcase> <!-- @BeforeMethod initList -->
  <testcase classname="ItrTest_15_A_add1B_AB" name="@BeforeMethod initList" time="-1.574187124319E9">
    <skipped/>
  </testcase> <!-- @BeforeMethod initList -->
  <testcase classname="ItrTest_15_A_add1B_AB" name="@BeforeMethod initList" time="-1.57418712432E9">
    <skipped/>
  </testcase> <!-- @BeforeMethod initList -->
  <testcase classname="ItrTest_15_A_add1B_AB" name="@BeforeMethod initList" time="-1.574187124322E9">
    <skipped/>
  </testcase> <!-- @BeforeMethod initList -->
  <testcase classname="ItrTest_15_A_add1B_AB" name="@BeforeMethod initList" time="-1.574187124324E9">
    <skipped/>
  </testcase> <!-- @BeforeMethod initList -->
  <testcase classname="ItrTest_15_A_add1B_AB" name="@BeforeMethod initList" time="-1.574187124325E9">
    <skipped/>
  </testcase> <!-- @BeforeMethod initList -->
  <testcase classname="ItrTest_15_A_add1B_AB" name="@BeforeMethod initList" time="-1.574187124327E9">
    <skipped/>
  </testcase> <!-- @BeforeMethod initList -->
  <testcase classname="ItrTest_15_A_add1B_AB" name="@BeforeMethod initList" time="-1.574187124328E9">
    <skipped/>
  </testcase> <!-- @BeforeMethod initList -->
  <testcase classname="ItrTest_15_A_add1B_AB" name="@BeforeMethod initList" time="-1.574187124329E9">
    <skipped/>
  </testcase> <!-- @BeforeMethod initList -->
  <testcase classname="ItrTest_15_A_add1B_AB" name="@BeforeMethod initList" time="-1.574187124331E9">
    <skipped/>
  </testcase> <!-- @BeforeMethod initList -->
  <testcase classname="ItrTest_15_A_add1B_AB" name="@BeforeMethod initList" time="-1.574187124332E9">
    <skipped/>
  </testcase> <!-- @BeforeMethod initList -->
  <testcase classname="ItrTest_15_A_add1B_AB" name="@BeforeMethod initList" time="-1.574187124334E9">
    <skipped/>
  </testcase> <!-- @BeforeMethod initList -->
  <testcase classname="ItrTest_16_AB_removeFirst_B" name="@BeforeMethod initList" time="0.001">
    <failure type="java.lang.NullPointerException">
      <![CDATA[java.lang.NullPointerException
at ItrTest_16_AB_removeFirst_B.initList(ItrTest_16_AB_removeFirst_B.java:39)
at java.base/jdk.internal.reflect.NativeMethodAccessorImpl.invoke0(Native Method)
at java.base/jdk.internal.reflect.NativeMethodAccessorImpl.invoke(NativeMethodAccessorImpl.java:62)
at java.base/jdk.internal.reflect.DelegatingMethodAccessorImpl.invoke(DelegatingMethodAccessorImpl.java:43)
at java.base/java.lang.reflect.Method.invoke(Method.java:564)
at org.testng.internal.MethodInvocationHelper.invokeMethod(MethodInvocationHelper.java:133)
at org.testng.internal.MethodInvocationHelper.invokeMethodConsideringTimeout(MethodInvocationHelper.java:62)
at org.testng.internal.ConfigInvoker.invokeConfigurationMethod(ConfigInvoker.java:340)
at org.testng.internal.ConfigInvoker.invokeConfigurations(ConfigInvoker.java:294)
at org.testng.internal.TestInvoker.runConfigMethods(TestInvoker.java:683)
at org.testng.internal.TestInvoker.invokeMethod(TestInvoker.java:510)
at org.testng.internal.TestInvoker.invokeTestMethod(TestInvoker.java:172)
at org.testng.internal.MethodRunner.runInSequence(MethodRunner.java:46)
at org.testng.internal.TestInvoker$MethodInvocationAgent.invoke(TestInvoker.java:804)
at org.testng.internal.TestInvoker.invokeTestMethods(TestInvoker.java:145)
at org.testng.internal.TestMethodWorker.invokeTestMethods(TestMethodWorker.java:146)
at org.testng.internal.TestMethodWorker.run(TestMethodWorker.java:128)
at java.base/java.util.ArrayList.forEach(ArrayList.java:1378)
at org.testng.TestRunner.privateRun(TestRunner.java:770)
at org.testng.TestRunner.run(TestRunner.java:591)
at org.testng.SuiteRunner.runTest(SuiteRunner.java:402)
at org.testng.SuiteRunner.runSequentially(SuiteRunner.java:396)
at org.testng.SuiteRunner.privateRun(SuiteRunner.java:355)
at org.testng.SuiteRunner.run(SuiteRunner.java:304)
at org.testng.SuiteRunnerWorker.runSuite(SuiteRunnerWorker.java:53)
at org.testng.SuiteRunnerWorker.run(SuiteRunnerWorker.java:96)
at org.testng.TestNG.runSuitesSequentially(TestNG.java:1180)
at org.testng.TestNG.runSuitesLocally(TestNG.java:1102)
at org.testng.TestNG.runSuites(TestNG.java:1032)
at org.testng.TestNG.run(TestNG.java:1000)
at org.testng.remote.AbstractRemoteTestNG.run(AbstractRemoteTestNG.java:115)
at org.testng.remote.RemoteTestNG.initAndRun(RemoteTestNG.java:251)
at org.testng.remote.RemoteTestNG.main(RemoteTestNG.java:77)
]]>
    </failure>
  </testcase> <!-- @BeforeMethod initList -->
  <testcase classname="ItrTest_16_AB_removeFirst_B" name="@BeforeMethod initList" time="-1.574187124338E9">
    <skipped/>
  </testcase> <!-- @BeforeMethod initList -->
  <testcase classname="ItrTest_16_AB_removeFirst_B" name="@BeforeMethod initList" time="-1.57418712434E9">
    <skipped/>
  </testcase> <!-- @BeforeMethod initList -->
  <testcase classname="ItrTest_16_AB_removeFirst_B" name="@BeforeMethod initList" time="-1.574187124341E9">
    <skipped/>
  </testcase> <!-- @BeforeMethod initList -->
  <testcase classname="ItrTest_16_AB_removeFirst_B" name="@BeforeMethod initList" time="-1.574187124343E9">
    <skipped/>
  </testcase> <!-- @BeforeMethod initList -->
  <testcase classname="ItrTest_16_AB_removeFirst_B" name="@BeforeMethod initList" time="-1.574187124344E9">
    <skipped/>
  </testcase> <!-- @BeforeMethod initList -->
  <testcase classname="ItrTest_16_AB_removeFirst_B" name="@BeforeMethod initList" time="-1.574187124345E9">
    <skipped/>
  </testcase> <!-- @BeforeMethod initList -->
  <testcase classname="ItrTest_16_AB_removeFirst_B" name="@BeforeMethod initList" time="-1.574187124346E9">
    <skipped/>
  </testcase> <!-- @BeforeMethod initList -->
  <testcase classname="ItrTest_16_AB_removeFirst_B" name="@BeforeMethod initList" time="-1.574187124348E9">
    <skipped/>
  </testcase> <!-- @BeforeMethod initList -->
  <testcase classname="ItrTest_17_AB_removeLast_A" name="@BeforeMethod initList" time="0.0">
    <failure type="java.lang.NullPointerException">
      <![CDATA[java.lang.NullPointerException
at ItrTest_17_AB_removeLast_A.initList(ItrTest_17_AB_removeLast_A.java:39)
at java.base/jdk.internal.reflect.NativeMethodAccessorImpl.invoke0(Native Method)
at java.base/jdk.internal.reflect.NativeMethodAccessorImpl.invoke(NativeMethodAccessorImpl.java:62)
at java.base/jdk.internal.reflect.DelegatingMethodAccessorImpl.invoke(DelegatingMethodAccessorImpl.java:43)
at java.base/java.lang.reflect.Method.invoke(Method.java:564)
at org.testng.internal.MethodInvocationHelper.invokeMethod(MethodInvocationHelper.java:133)
at org.testng.internal.MethodInvocationHelper.invokeMethodConsideringTimeout(MethodInvocationHelper.java:62)
at org.testng.internal.ConfigInvoker.invokeConfigurationMethod(ConfigInvoker.java:340)
at org.testng.internal.ConfigInvoker.invokeConfigurations(ConfigInvoker.java:294)
at org.testng.internal.TestInvoker.runConfigMethods(TestInvoker.java:683)
at org.testng.internal.TestInvoker.invokeMethod(TestInvoker.java:510)
at org.testng.internal.TestInvoker.invokeTestMethod(TestInvoker.java:172)
at org.testng.internal.MethodRunner.runInSequence(MethodRunner.java:46)
at org.testng.internal.TestInvoker$MethodInvocationAgent.invoke(TestInvoker.java:804)
at org.testng.internal.TestInvoker.invokeTestMethods(TestInvoker.java:145)
at org.testng.internal.TestMethodWorker.invokeTestMethods(TestMethodWorker.java:146)
at org.testng.internal.TestMethodWorker.run(TestMethodWorker.java:128)
at java.base/java.util.ArrayList.forEach(ArrayList.java:1378)
at org.testng.TestRunner.privateRun(TestRunner.java:770)
at org.testng.TestRunner.run(TestRunner.java:591)
at org.testng.SuiteRunner.runTest(SuiteRunner.java:402)
at org.testng.SuiteRunner.runSequentially(SuiteRunner.java:396)
at org.testng.SuiteRunner.privateRun(SuiteRunner.java:355)
at org.testng.SuiteRunner.run(SuiteRunner.java:304)
at org.testng.SuiteRunnerWorker.runSuite(SuiteRunnerWorker.java:53)
at org.testng.SuiteRunnerWorker.run(SuiteRunnerWorker.java:96)
at org.testng.TestNG.runSuitesSequentially(TestNG.java:1180)
at org.testng.TestNG.runSuitesLocally(TestNG.java:1102)
at org.testng.TestNG.runSuites(TestNG.java:1032)
at org.testng.TestNG.run(TestNG.java:1000)
at org.testng.remote.AbstractRemoteTestNG.run(AbstractRemoteTestNG.java:115)
at org.testng.remote.RemoteTestNG.initAndRun(RemoteTestNG.java:251)
at org.testng.remote.RemoteTestNG.main(RemoteTestNG.java:77)
]]>
    </failure>
  </testcase> <!-- @BeforeMethod initList -->
  <testcase classname="ItrTest_17_AB_removeLast_A" name="@BeforeMethod initList" time="-1.574187124352E9">
    <skipped/>
  </testcase> <!-- @BeforeMethod initList -->
  <testcase classname="ItrTest_17_AB_removeLast_A" name="@BeforeMethod initList" time="-1.574187124353E9">
    <skipped/>
  </testcase> <!-- @BeforeMethod initList -->
  <testcase classname="ItrTest_17_AB_removeLast_A" name="@BeforeMethod initList" time="-1.574187124355E9">
    <skipped/>
  </testcase> <!-- @BeforeMethod initList -->
  <testcase classname="ItrTest_17_AB_removeLast_A" name="@BeforeMethod initList" time="-1.574187124356E9">
    <skipped/>
  </testcase> <!-- @BeforeMethod initList -->
  <testcase classname="ItrTest_17_AB_removeLast_A" name="@BeforeMethod initList" time="-1.574187124358E9">
    <skipped/>
  </testcase> <!-- @BeforeMethod initList -->
  <testcase classname="ItrTest_17_AB_removeLast_A" name="@BeforeMethod initList" time="-1.574187124359E9">
    <skipped/>
  </testcase> <!-- @BeforeMethod initList -->
  <testcase classname="ItrTest_17_AB_removeLast_A" name="@BeforeMethod initList" time="-1.574187124361E9">
    <skipped/>
  </testcase> <!-- @BeforeMethod initList -->
  <testcase classname="ItrTest_17_AB_removeLast_A" name="@BeforeMethod initList" time="-1.574187124362E9">
    <skipped/>
  </testcase> <!-- @BeforeMethod initList -->
  <testcase classname="ItrTest_18_AB_removeA_B" name="@BeforeMethod initList" time="0.001">
    <failure type="java.lang.NullPointerException">
      <![CDATA[java.lang.NullPointerException
at ItrTest_18_AB_removeA_B.initList(ItrTest_18_AB_removeA_B.java:39)
at java.base/jdk.internal.reflect.NativeMethodAccessorImpl.invoke0(Native Method)
at java.base/jdk.internal.reflect.NativeMethodAccessorImpl.invoke(NativeMethodAccessorImpl.java:62)
at java.base/jdk.internal.reflect.DelegatingMethodAccessorImpl.invoke(DelegatingMethodAccessorImpl.java:43)
at java.base/java.lang.reflect.Method.invoke(Method.java:564)
at org.testng.internal.MethodInvocationHelper.invokeMethod(MethodInvocationHelper.java:133)
at org.testng.internal.MethodInvocationHelper.invokeMethodConsideringTimeout(MethodInvocationHelper.java:62)
at org.testng.internal.ConfigInvoker.invokeConfigurationMethod(ConfigInvoker.java:340)
at org.testng.internal.ConfigInvoker.invokeConfigurations(ConfigInvoker.java:294)
at org.testng.internal.TestInvoker.runConfigMethods(TestInvoker.java:683)
at org.testng.internal.TestInvoker.invokeMethod(TestInvoker.java:510)
at org.testng.internal.TestInvoker.invokeTestMethod(TestInvoker.java:172)
at org.testng.internal.MethodRunner.runInSequence(MethodRunner.java:46)
at org.testng.internal.TestInvoker$MethodInvocationAgent.invoke(TestInvoker.java:804)
at org.testng.internal.TestInvoker.invokeTestMethods(TestInvoker.java:145)
at org.testng.internal.TestMethodWorker.invokeTestMethods(TestMethodWorker.java:146)
at org.testng.internal.TestMethodWorker.run(TestMethodWorker.java:128)
at java.base/java.util.ArrayList.forEach(ArrayList.java:1378)
at org.testng.TestRunner.privateRun(TestRunner.java:770)
at org.testng.TestRunner.run(TestRunner.java:591)
at org.testng.SuiteRunner.runTest(SuiteRunner.java:402)
at org.testng.SuiteRunner.runSequentially(SuiteRunner.java:396)
at org.testng.SuiteRunner.privateRun(SuiteRunner.java:355)
at org.testng.SuiteRunner.run(SuiteRunner.java:304)
at org.testng.SuiteRunnerWorker.runSuite(SuiteRunnerWorker.java:53)
at org.testng.SuiteRunnerWorker.run(SuiteRunnerWorker.java:96)
at org.testng.TestNG.runSuitesSequentially(TestNG.java:1180)
at org.testng.TestNG.runSuitesLocally(TestNG.java:1102)
at org.testng.TestNG.runSuites(TestNG.java:1032)
at org.testng.TestNG.run(TestNG.java:1000)
at org.testng.remote.AbstractRemoteTestNG.run(AbstractRemoteTestNG.java:115)
at org.testng.remote.RemoteTestNG.initAndRun(RemoteTestNG.java:251)
at org.testng.remote.RemoteTestNG.main(RemoteTestNG.java:77)
]]>
    </failure>
  </testcase> <!-- @BeforeMethod initList -->
  <testcase classname="ItrTest_18_AB_removeA_B" name="@BeforeMethod initList" time="-1.574187124366E9">
    <skipped/>
  </testcase> <!-- @BeforeMethod initList -->
  <testcase classname="ItrTest_18_AB_removeA_B" name="@BeforeMethod initList" time="-1.574187124367E9">
    <skipped/>
  </testcase> <!-- @BeforeMethod initList -->
  <testcase classname="ItrTest_18_AB_removeA_B" name="@BeforeMethod initList" time="-1.574187124368E9">
    <skipped/>
  </testcase> <!-- @BeforeMethod initList -->
  <testcase classname="ItrTest_18_AB_removeA_B" name="@BeforeMethod initList" time="-1.57418712437E9">
    <skipped/>
  </testcase> <!-- @BeforeMethod initList -->
  <testcase classname="ItrTest_18_AB_removeA_B" name="@BeforeMethod initList" time="-1.574187124371E9">
    <skipped/>
  </testcase> <!-- @BeforeMethod initList -->
  <testcase classname="ItrTest_18_AB_removeA_B" name="@BeforeMethod initList" time="-1.574187124373E9">
    <skipped/>
  </testcase> <!-- @BeforeMethod initList -->
  <testcase classname="ItrTest_18_AB_removeA_B" name="@BeforeMethod initList" time="-1.574187124374E9">
    <skipped/>
  </testcase> <!-- @BeforeMethod initList -->
  <testcase classname="ItrTest_18_AB_removeA_B" name="@BeforeMethod initList" time="-1.574187124375E9">
    <skipped/>
  </testcase> <!-- @BeforeMethod initList -->
  <testcase classname="ItrTest_19_AB_removeB_A" name="@BeforeMethod initList" time="0.0">
    <failure type="java.lang.NullPointerException">
      <![CDATA[java.lang.NullPointerException
at ItrTest_19_AB_removeB_A.initList(ItrTest_19_AB_removeB_A.java:39)
at java.base/jdk.internal.reflect.NativeMethodAccessorImpl.invoke0(Native Method)
at java.base/jdk.internal.reflect.NativeMethodAccessorImpl.invoke(NativeMethodAccessorImpl.java:62)
at java.base/jdk.internal.reflect.DelegatingMethodAccessorImpl.invoke(DelegatingMethodAccessorImpl.java:43)
at java.base/java.lang.reflect.Method.invoke(Method.java:564)
at org.testng.internal.MethodInvocationHelper.invokeMethod(MethodInvocationHelper.java:133)
at org.testng.internal.MethodInvocationHelper.invokeMethodConsideringTimeout(MethodInvocationHelper.java:62)
at org.testng.internal.ConfigInvoker.invokeConfigurationMethod(ConfigInvoker.java:340)
at org.testng.internal.ConfigInvoker.invokeConfigurations(ConfigInvoker.java:294)
at org.testng.internal.TestInvoker.runConfigMethods(TestInvoker.java:683)
at org.testng.internal.TestInvoker.invokeMethod(TestInvoker.java:510)
at org.testng.internal.TestInvoker.invokeTestMethod(TestInvoker.java:172)
at org.testng.internal.MethodRunner.runInSequence(MethodRunner.java:46)
at org.testng.internal.TestInvoker$MethodInvocationAgent.invoke(TestInvoker.java:804)
at org.testng.internal.TestInvoker.invokeTestMethods(TestInvoker.java:145)
at org.testng.internal.TestMethodWorker.invokeTestMethods(TestMethodWorker.java:146)
at org.testng.internal.TestMethodWorker.run(TestMethodWorker.java:128)
at java.base/java.util.ArrayList.forEach(ArrayList.java:1378)
at org.testng.TestRunner.privateRun(TestRunner.java:770)
at org.testng.TestRunner.run(TestRunner.java:591)
at org.testng.SuiteRunner.runTest(SuiteRunner.java:402)
at org.testng.SuiteRunner.runSequentially(SuiteRunner.java:396)
at org.testng.SuiteRunner.privateRun(SuiteRunner.java:355)
at org.testng.SuiteRunner.run(SuiteRunner.java:304)
at org.testng.SuiteRunnerWorker.runSuite(SuiteRunnerWorker.java:53)
at org.testng.SuiteRunnerWorker.run(SuiteRunnerWorker.java:96)
at org.testng.TestNG.runSuitesSequentially(TestNG.java:1180)
at org.testng.TestNG.runSuitesLocally(TestNG.java:1102)
at org.testng.TestNG.runSuites(TestNG.java:1032)
at org.testng.TestNG.run(TestNG.java:1000)
at org.testng.remote.AbstractRemoteTestNG.run(AbstractRemoteTestNG.java:115)
at org.testng.remote.RemoteTestNG.initAndRun(RemoteTestNG.java:251)
at org.testng.remote.RemoteTestNG.main(RemoteTestNG.java:77)
]]>
    </failure>
  </testcase> <!-- @BeforeMethod initList -->
  <testcase classname="ItrTest_19_AB_removeB_A" name="@BeforeMethod initList" time="-1.574187124379E9">
    <skipped/>
  </testcase> <!-- @BeforeMethod initList -->
  <testcase classname="ItrTest_19_AB_removeB_A" name="@BeforeMethod initList" time="-1.57418712438E9">
    <skipped/>
  </testcase> <!-- @BeforeMethod initList -->
  <testcase classname="ItrTest_19_AB_removeB_A" name="@BeforeMethod initList" time="-1.574187124381E9">
    <skipped/>
  </testcase> <!-- @BeforeMethod initList -->
  <testcase classname="ItrTest_19_AB_removeB_A" name="@BeforeMethod initList" time="-1.574187124382E9">
    <skipped/>
  </testcase> <!-- @BeforeMethod initList -->
  <testcase classname="ItrTest_19_AB_removeB_A" name="@BeforeMethod initList" time="-1.574187124384E9">
    <skipped/>
  </testcase> <!-- @BeforeMethod initList -->
  <testcase classname="ItrTest_19_AB_removeB_A" name="@BeforeMethod initList" time="-1.574187124385E9">
    <skipped/>
  </testcase> <!-- @BeforeMethod initList -->
  <testcase classname="ItrTest_19_AB_removeB_A" name="@BeforeMethod initList" time="-1.574187124386E9">
    <skipped/>
  </testcase> <!-- @BeforeMethod initList -->
  <testcase classname="ItrTest_19_AB_removeB_A" name="@BeforeMethod initList" time="-1.574187124388E9">
    <skipped/>
  </testcase> <!-- @BeforeMethod initList -->
  <testcase classname="ItrTest_2_emptyList_addToFrontA_A" name="@BeforeMethod initList" time="0.0">
    <failure type="java.lang.NullPointerException">
      <![CDATA[java.lang.NullPointerException
at ItrTest_2_emptyList_addToFrontA_A.initList(ItrTest_2_emptyList_addToFrontA_A.java:39)
at java.base/jdk.internal.reflect.NativeMethodAccessorImpl.invoke0(Native Method)
at java.base/jdk.internal.reflect.NativeMethodAccessorImpl.invoke(NativeMethodAccessorImpl.java:62)
at java.base/jdk.internal.reflect.DelegatingMethodAccessorImpl.invoke(DelegatingMethodAccessorImpl.java:43)
at java.base/java.lang.reflect.Method.invoke(Method.java:564)
at org.testng.internal.MethodInvocationHelper.invokeMethod(MethodInvocationHelper.java:133)
at org.testng.internal.MethodInvocationHelper.invokeMethodConsideringTimeout(MethodInvocationHelper.java:62)
at org.testng.internal.ConfigInvoker.invokeConfigurationMethod(ConfigInvoker.java:340)
at org.testng.internal.ConfigInvoker.invokeConfigurations(ConfigInvoker.java:294)
at org.testng.internal.TestInvoker.runConfigMethods(TestInvoker.java:683)
at org.testng.internal.TestInvoker.invokeMethod(TestInvoker.java:510)
at org.testng.internal.TestInvoker.invokeTestMethod(TestInvoker.java:172)
at org.testng.internal.MethodRunner.runInSequence(MethodRunner.java:46)
at org.testng.internal.TestInvoker$MethodInvocationAgent.invoke(TestInvoker.java:804)
at org.testng.internal.TestInvoker.invokeTestMethods(TestInvoker.java:145)
at org.testng.internal.TestMethodWorker.invokeTestMethods(TestMethodWorker.java:146)
at org.testng.internal.TestMethodWorker.run(TestMethodWorker.java:128)
at java.base/java.util.ArrayList.forEach(ArrayList.java:1378)
at org.testng.TestRunner.privateRun(TestRunner.java:770)
at org.testng.TestRunner.run(TestRunner.java:591)
at org.testng.SuiteRunner.runTest(SuiteRunner.java:402)
at org.testng.SuiteRunner.runSequentially(SuiteRunner.java:396)
at org.testng.SuiteRunner.privateRun(SuiteRunner.java:355)
at org.testng.SuiteRunner.run(SuiteRunner.java:304)
at org.testng.SuiteRunnerWorker.runSuite(SuiteRunnerWorker.java:53)
at org.testng.SuiteRunnerWorker.run(SuiteRunnerWorker.java:96)
at org.testng.TestNG.runSuitesSequentially(TestNG.java:1180)
at org.testng.TestNG.runSuitesLocally(TestNG.java:1102)
at org.testng.TestNG.runSuites(TestNG.java:1032)
at org.testng.TestNG.run(TestNG.java:1000)
at org.testng.remote.AbstractRemoteTestNG.run(AbstractRemoteTestNG.java:115)
at org.testng.remote.RemoteTestNG.initAndRun(RemoteTestNG.java:251)
at org.testng.remote.RemoteTestNG.main(RemoteTestNG.java:77)
]]>
    </failure>
  </testcase> <!-- @BeforeMethod initList -->
  <testcase classname="ItrTest_2_emptyList_addToFrontA_A" name="@BeforeMethod initList" time="-1.574187124392E9">
    <skipped/>
  </testcase> <!-- @BeforeMethod initList -->
  <testcase classname="ItrTest_2_emptyList_addToFrontA_A" name="@BeforeMethod initList" time="-1.574187124393E9">
    <skipped/>
  </testcase> <!-- @BeforeMethod initList -->
  <testcase classname="ItrTest_2_emptyList_addToFrontA_A" name="@BeforeMethod initList" time="-1.574187124394E9">
    <skipped/>
  </testcase> <!-- @BeforeMethod initList -->
  <testcase classname="ItrTest_2_emptyList_addToFrontA_A" name="@BeforeMethod initList" time="-1.574187124395E9">
    <skipped/>
  </testcase> <!-- @BeforeMethod initList -->
  <testcase classname="ItrTest_2_emptyList_addToFrontA_A" name="@BeforeMethod initList" time="-1.574187124396E9">
    <skipped/>
  </testcase> <!-- @BeforeMethod initList -->
  <testcase classname="ItrTest_2_emptyList_addToFrontA_A" name="@BeforeMethod initList" time="-1.574187124397E9">
    <skipped/>
  </testcase> <!-- @BeforeMethod initList -->
  <testcase classname="ItrTest_2_emptyList_addToFrontA_A" name="@BeforeMethod initList" time="-1.574187124399E9">
    <skipped/>
  </testcase> <!-- @BeforeMethod initList -->
  <testcase classname="ItrTest_2_emptyList_addToFrontA_A" name="@BeforeMethod initList" time="-1.5741871244E9">
    <skipped/>
  </testcase> <!-- @BeforeMethod initList -->
  <testcase classname="ItrTest_20_AB_addToFrontC_CAB" name="@BeforeMethod initList" time="0.0">
    <failure type="java.lang.NullPointerException">
      <![CDATA[java.lang.NullPointerException
at ItrTest_20_AB_addToFrontC_CAB.initList(ItrTest_20_AB_addToFrontC_CAB.java:43)
at java.base/jdk.internal.reflect.NativeMethodAccessorImpl.invoke0(Native Method)
at java.base/jdk.internal.reflect.NativeMethodAccessorImpl.invoke(NativeMethodAccessorImpl.java:62)
at java.base/jdk.internal.reflect.DelegatingMethodAccessorImpl.invoke(DelegatingMethodAccessorImpl.java:43)
at java.base/java.lang.reflect.Method.invoke(Method.java:564)
at org.testng.internal.MethodInvocationHelper.invokeMethod(MethodInvocationHelper.java:133)
at org.testng.internal.MethodInvocationHelper.invokeMethodConsideringTimeout(MethodInvocationHelper.java:62)
at org.testng.internal.ConfigInvoker.invokeConfigurationMethod(ConfigInvoker.java:340)
at org.testng.internal.ConfigInvoker.invokeConfigurations(ConfigInvoker.java:294)
at org.testng.internal.TestInvoker.runConfigMethods(TestInvoker.java:683)
at org.testng.internal.TestInvoker.invokeMethod(TestInvoker.java:510)
at org.testng.internal.TestInvoker.invokeTestMethod(TestInvoker.java:172)
at org.testng.internal.MethodRunner.runInSequence(MethodRunner.java:46)
at org.testng.internal.TestInvoker$MethodInvocationAgent.invoke(TestInvoker.java:804)
at org.testng.internal.TestInvoker.invokeTestMethods(TestInvoker.java:145)
at org.testng.internal.TestMethodWorker.invokeTestMethods(TestMethodWorker.java:146)
at org.testng.internal.TestMethodWorker.run(TestMethodWorker.java:128)
at java.base/java.util.ArrayList.forEach(ArrayList.java:1378)
at org.testng.TestRunner.privateRun(TestRunner.java:770)
at org.testng.TestRunner.run(TestRunner.java:591)
at org.testng.SuiteRunner.runTest(SuiteRunner.java:402)
at org.testng.SuiteRunner.runSequentially(SuiteRunner.java:396)
at org.testng.SuiteRunner.privateRun(SuiteRunner.java:355)
at org.testng.SuiteRunner.run(SuiteRunner.java:304)
at org.testng.SuiteRunnerWorker.runSuite(SuiteRunnerWorker.java:53)
at org.testng.SuiteRunnerWorker.run(SuiteRunnerWorker.java:96)
at org.testng.TestNG.runSuitesSequentially(TestNG.java:1180)
at org.testng.TestNG.runSuitesLocally(TestNG.java:1102)
at org.testng.TestNG.runSuites(TestNG.java:1032)
at org.testng.TestNG.run(TestNG.java:1000)
at org.testng.remote.AbstractRemoteTestNG.run(AbstractRemoteTestNG.java:115)
at org.testng.remote.RemoteTestNG.initAndRun(RemoteTestNG.java:251)
at org.testng.remote.RemoteTestNG.main(RemoteTestNG.java:77)
]]>
    </failure>
  </testcase> <!-- @BeforeMethod initList -->
  <testcase classname="ItrTest_20_AB_addToFrontC_CAB" name="@BeforeMethod initList" time="-1.574187124404E9">
    <skipped/>
  </testcase> <!-- @BeforeMethod initList -->
  <testcase classname="ItrTest_20_AB_addToFrontC_CAB" name="@BeforeMethod initList" time="-1.574187124405E9">
    <skipped/>
  </testcase> <!-- @BeforeMethod initList -->
  <testcase classname="ItrTest_20_AB_addToFrontC_CAB" name="@BeforeMethod initList" time="-1.574187124407E9">
    <skipped/>
  </testcase> <!-- @BeforeMethod initList -->
  <testcase classname="ItrTest_20_AB_addToFrontC_CAB" name="@BeforeMethod initList" time="-1.574187124408E9">
    <skipped/>
  </testcase> <!-- @BeforeMethod initList -->
  <testcase classname="ItrTest_20_AB_addToFrontC_CAB" name="@BeforeMethod initList" time="-1.574187124409E9">
    <skipped/>
  </testcase> <!-- @BeforeMethod initList -->
  <testcase classname="ItrTest_20_AB_addToFrontC_CAB" name="@BeforeMethod initList" time="-1.57418712441E9">
    <skipped/>
  </testcase> <!-- @BeforeMethod initList -->
  <testcase classname="ItrTest_20_AB_addToFrontC_CAB" name="@BeforeMethod initList" time="-1.574187124411E9">
    <skipped/>
  </testcase> <!-- @BeforeMethod initList -->
  <testcase classname="ItrTest_20_AB_addToFrontC_CAB" name="@BeforeMethod initList" time="-1.574187124413E9">
    <skipped/>
  </testcase> <!-- @BeforeMethod initList -->
  <testcase classname="ItrTest_20_AB_addToFrontC_CAB" name="@BeforeMethod initList" time="-1.574187124414E9">
    <skipped/>
  </testcase> <!-- @BeforeMethod initList -->
  <testcase classname="ItrTest_20_AB_addToFrontC_CAB" name="@BeforeMethod initList" time="-1.574187124415E9">
    <skipped/>
  </testcase> <!-- @BeforeMethod initList -->
  <testcase classname="ItrTest_20_AB_addToFrontC_CAB" name="@BeforeMethod initList" time="-1.574187124416E9">
    <skipped/>
  </testcase> <!-- @BeforeMethod initList -->
  <testcase classname="ItrTest_20_AB_addToFrontC_CAB" name="@BeforeMethod initList" time="-1.574187124417E9">
    <skipped/>
  </testcase> <!-- @BeforeMethod initList -->
  <testcase classname="ItrTest_20_AB_addToFrontC_CAB" name="@BeforeMethod initList" time="-1.574187124418E9">
    <skipped/>
  </testcase> <!-- @BeforeMethod initList -->
  <testcase classname="ItrTest_20_AB_addToFrontC_CAB" name="@BeforeMethod initList" time="-1.574187124419E9">
    <skipped/>
  </testcase> <!-- @BeforeMethod initList -->
  <testcase classname="ItrTest_20_AB_addToFrontC_CAB" name="@BeforeMethod initList" time="-1.57418712442E9">
    <skipped/>
  </testcase> <!-- @BeforeMethod initList -->
  <testcase classname="ItrTest_20_AB_addToFrontC_CAB" name="@BeforeMethod initList" time="-1.574187124421E9">
    <skipped/>
  </testcase> <!-- @BeforeMethod initList -->
  <testcase classname="ItrTest_20_AB_addToFrontC_CAB" name="@BeforeMethod initList" time="-1.574187124422E9">
    <skipped/>
  </testcase> <!-- @BeforeMethod initList -->
  <testcase classname="ItrTest_20_AB_addToFrontC_CAB" name="@BeforeMethod initList" time="-1.574187124423E9">
    <skipped/>
  </testcase> <!-- @BeforeMethod initList -->
  <testcase classname="ItrTest_20_AB_addToFrontC_CAB" name="@BeforeMethod initList" time="-1.574187124425E9">
    <skipped/>
  </testcase> <!-- @BeforeMethod initList -->
  <testcase classname="ItrTest_20_AB_addToFrontC_CAB" name="@BeforeMethod initList" time="-1.574187124426E9">
    <skipped/>
  </testcase> <!-- @BeforeMethod initList -->
  <testcase classname="ItrTest_20_AB_addToFrontC_CAB" name="@BeforeMethod initList" time="-1.574187124427E9">
    <skipped/>
  </testcase> <!-- @BeforeMethod initList -->
  <testcase classname="ItrTest_20_AB_addToFrontC_CAB" name="@BeforeMethod initList" time="-1.574187124428E9">
    <skipped/>
  </testcase> <!-- @BeforeMethod initList -->
  <testcase classname="ItrTest_20_AB_addToFrontC_CAB" name="@BeforeMethod initList" time="-1.574187124429E9">
    <skipped/>
  </testcase> <!-- @BeforeMethod initList -->
  <testcase classname="ItrTest_20_AB_addToFrontC_CAB" name="@BeforeMethod initList" time="-1.57418712443E9">
    <skipped/>
  </testcase> <!-- @BeforeMethod initList -->
  <testcase classname="ItrTest_20_AB_addToFrontC_CAB" name="@BeforeMethod initList" time="-1.574187124432E9">
    <skipped/>
  </testcase> <!-- @BeforeMethod initList -->
  <testcase classname="ItrTest_20_AB_addToFrontC_CAB" name="@BeforeMethod initList" time="-1.574187124433E9">
    <skipped/>
  </testcase> <!-- @BeforeMethod initList -->
  <testcase classname="ItrTest_21_AB_addToRearC_ABC" name="@BeforeMethod initList" time="0.0">
    <failure type="java.lang.NullPointerException">
      <![CDATA[java.lang.NullPointerException
at ItrTest_21_AB_addToRearC_ABC.initList(ItrTest_21_AB_addToRearC_ABC.java:43)
at java.base/jdk.internal.reflect.NativeMethodAccessorImpl.invoke0(Native Method)
at java.base/jdk.internal.reflect.NativeMethodAccessorImpl.invoke(NativeMethodAccessorImpl.java:62)
at java.base/jdk.internal.reflect.DelegatingMethodAccessorImpl.invoke(DelegatingMethodAccessorImpl.java:43)
at java.base/java.lang.reflect.Method.invoke(Method.java:564)
at org.testng.internal.MethodInvocationHelper.invokeMethod(MethodInvocationHelper.java:133)
at org.testng.internal.MethodInvocationHelper.invokeMethodConsideringTimeout(MethodInvocationHelper.java:62)
at org.testng.internal.ConfigInvoker.invokeConfigurationMethod(ConfigInvoker.java:340)
at org.testng.internal.ConfigInvoker.invokeConfigurations(ConfigInvoker.java:294)
at org.testng.internal.TestInvoker.runConfigMethods(TestInvoker.java:683)
at org.testng.internal.TestInvoker.invokeMethod(TestInvoker.java:510)
at org.testng.internal.TestInvoker.invokeTestMethod(TestInvoker.java:172)
at org.testng.internal.MethodRunner.runInSequence(MethodRunner.java:46)
at org.testng.internal.TestInvoker$MethodInvocationAgent.invoke(TestInvoker.java:804)
at org.testng.internal.TestInvoker.invokeTestMethods(TestInvoker.java:145)
at org.testng.internal.TestMethodWorker.invokeTestMethods(TestMethodWorker.java:146)
at org.testng.internal.TestMethodWorker.run(TestMethodWorker.java:128)
at java.base/java.util.ArrayList.forEach(ArrayList.java:1378)
at org.testng.TestRunner.privateRun(TestRunner.java:770)
at org.testng.TestRunner.run(TestRunner.java:591)
at org.testng.SuiteRunner.runTest(SuiteRunner.java:402)
at org.testng.SuiteRunner.runSequentially(SuiteRunner.java:396)
at org.testng.SuiteRunner.privateRun(SuiteRunner.java:355)
at org.testng.SuiteRunner.run(SuiteRunner.java:304)
at org.testng.SuiteRunnerWorker.runSuite(SuiteRunnerWorker.java:53)
at org.testng.SuiteRunnerWorker.run(SuiteRunnerWorker.java:96)
at org.testng.TestNG.runSuitesSequentially(TestNG.java:1180)
at org.testng.TestNG.runSuitesLocally(TestNG.java:1102)
at org.testng.TestNG.runSuites(TestNG.java:1032)
at org.testng.TestNG.run(TestNG.java:1000)
at org.testng.remote.AbstractRemoteTestNG.run(AbstractRemoteTestNG.java:115)
at org.testng.remote.RemoteTestNG.initAndRun(RemoteTestNG.java:251)
at org.testng.remote.RemoteTestNG.main(RemoteTestNG.java:77)
]]>
    </failure>
  </testcase> <!-- @BeforeMethod initList -->
  <testcase classname="ItrTest_21_AB_addToRearC_ABC" name="@BeforeMethod initList" time="-1.574187124436E9">
    <skipped/>
  </testcase> <!-- @BeforeMethod initList -->
  <testcase classname="ItrTest_21_AB_addToRearC_ABC" name="@BeforeMethod initList" time="-1.574187124438E9">
    <skipped/>
  </testcase> <!-- @BeforeMethod initList -->
  <testcase classname="ItrTest_21_AB_addToRearC_ABC" name="@BeforeMethod initList" time="-1.574187124439E9">
    <skipped/>
  </testcase> <!-- @BeforeMethod initList -->
  <testcase classname="ItrTest_21_AB_addToRearC_ABC" name="@BeforeMethod initList" time="-1.57418712444E9">
    <skipped/>
  </testcase> <!-- @BeforeMethod initList -->
  <testcase classname="ItrTest_21_AB_addToRearC_ABC" name="@BeforeMethod initList" time="-1.574187124442E9">
    <skipped/>
  </testcase> <!-- @BeforeMethod initList -->
  <testcase classname="ItrTest_21_AB_addToRearC_ABC" name="@BeforeMethod initList" time="-1.574187124443E9">
    <skipped/>
  </testcase> <!-- @BeforeMethod initList -->
  <testcase classname="ItrTest_21_AB_addToRearC_ABC" name="@BeforeMethod initList" time="-1.574187124444E9">
    <skipped/>
  </testcase> <!-- @BeforeMethod initList -->
  <testcase classname="ItrTest_21_AB_addToRearC_ABC" name="@BeforeMethod initList" time="-1.574187124445E9">
    <skipped/>
  </testcase> <!-- @BeforeMethod initList -->
  <testcase classname="ItrTest_21_AB_addToRearC_ABC" name="@BeforeMethod initList" time="-1.574187124447E9">
    <skipped/>
  </testcase> <!-- @BeforeMethod initList -->
  <testcase classname="ItrTest_21_AB_addToRearC_ABC" name="@BeforeMethod initList" time="-1.574187124448E9">
    <skipped/>
  </testcase> <!-- @BeforeMethod initList -->
  <testcase classname="ItrTest_21_AB_addToRearC_ABC" name="@BeforeMethod initList" time="-1.574187124449E9">
    <skipped/>
  </testcase> <!-- @BeforeMethod initList -->
  <testcase classname="ItrTest_21_AB_addToRearC_ABC" name="@BeforeMethod initList" time="-1.574187124451E9">
    <skipped/>
  </testcase> <!-- @BeforeMethod initList -->
  <testcase classname="ItrTest_21_AB_addToRearC_ABC" name="@BeforeMethod initList" time="-1.574187124452E9">
    <skipped/>
  </testcase> <!-- @BeforeMethod initList -->
  <testcase classname="ItrTest_21_AB_addToRearC_ABC" name="@BeforeMethod initList" time="-1.574187124454E9">
    <skipped/>
  </testcase> <!-- @BeforeMethod initList -->
  <testcase classname="ItrTest_21_AB_addToRearC_ABC" name="@BeforeMethod initList" time="-1.574187124455E9">
    <skipped/>
  </testcase> <!-- @BeforeMethod initList -->
  <testcase classname="ItrTest_21_AB_addToRearC_ABC" name="@BeforeMethod initList" time="-1.574187124457E9">
    <skipped/>
  </testcase> <!-- @BeforeMethod initList -->
  <testcase classname="ItrTest_21_AB_addToRearC_ABC" name="@BeforeMethod initList" time="-1.574187124458E9">
    <skipped/>
  </testcase> <!-- @BeforeMethod initList -->
  <testcase classname="ItrTest_21_AB_addToRearC_ABC" name="@BeforeMethod initList" time="-1.574187124459E9">
    <skipped/>
  </testcase> <!-- @BeforeMethod initList -->
  <testcase classname="ItrTest_21_AB_addToRearC_ABC" name="@BeforeMethod initList" time="-1.57418712446E9">
    <skipped/>
  </testcase> <!-- @BeforeMethod initList -->
  <testcase classname="ItrTest_21_AB_addToRearC_ABC" name="@BeforeMethod initList" time="-1.574187124462E9">
    <skipped/>
  </testcase> <!-- @BeforeMethod initList -->
  <testcase classname="ItrTest_21_AB_addToRearC_ABC" name="@BeforeMethod initList" time="-1.574187124463E9">
    <skipped/>
  </testcase> <!-- @BeforeMethod initList -->
  <testcase classname="ItrTest_21_AB_addToRearC_ABC" name="@BeforeMethod initList" time="-1.574187124464E9">
    <skipped/>
  </testcase> <!-- @BeforeMethod initList -->
  <testcase classname="ItrTest_21_AB_addToRearC_ABC" name="@BeforeMethod initList" time="-1.574187124465E9">
    <skipped/>
  </testcase> <!-- @BeforeMethod initList -->
  <testcase classname="ItrTest_21_AB_addToRearC_ABC" name="@BeforeMethod initList" time="-1.574187124467E9">
    <skipped/>
  </testcase> <!-- @BeforeMethod initList -->
  <testcase classname="ItrTest_21_AB_addToRearC_ABC" name="@BeforeMethod initList" time="-1.574187124468E9">
    <skipped/>
  </testcase> <!-- @BeforeMethod initList -->
  <testcase classname="ItrTest_21_AB_addToRearC_ABC" name="@BeforeMethod initList" time="-1.574187124469E9">
    <skipped/>
  </testcase> <!-- @BeforeMethod initList -->
  <testcase classname="ItrTest_22_AB_addAfterCA_ACB" name="@BeforeMethod initList" time="0.001">
    <failure type="java.lang.NullPointerException">
      <![CDATA[java.lang.NullPointerException
at ItrTest_22_AB_addAfterCA_ACB.initList(ItrTest_22_AB_addAfterCA_ACB.java:43)
at java.base/jdk.internal.reflect.NativeMethodAccessorImpl.invoke0(Native Method)
at java.base/jdk.internal.reflect.NativeMethodAccessorImpl.invoke(NativeMethodAccessorImpl.java:62)
at java.base/jdk.internal.reflect.DelegatingMethodAccessorImpl.invoke(DelegatingMethodAccessorImpl.java:43)
at java.base/java.lang.reflect.Method.invoke(Method.java:564)
at org.testng.internal.MethodInvocationHelper.invokeMethod(MethodInvocationHelper.java:133)
at org.testng.internal.MethodInvocationHelper.invokeMethodConsideringTimeout(MethodInvocationHelper.java:62)
at org.testng.internal.ConfigInvoker.invokeConfigurationMethod(ConfigInvoker.java:340)
at org.testng.internal.ConfigInvoker.invokeConfigurations(ConfigInvoker.java:294)
at org.testng.internal.TestInvoker.runConfigMethods(TestInvoker.java:683)
at org.testng.internal.TestInvoker.invokeMethod(TestInvoker.java:510)
at org.testng.internal.TestInvoker.invokeTestMethod(TestInvoker.java:172)
at org.testng.internal.MethodRunner.runInSequence(MethodRunner.java:46)
at org.testng.internal.TestInvoker$MethodInvocationAgent.invoke(TestInvoker.java:804)
at org.testng.internal.TestInvoker.invokeTestMethods(TestInvoker.java:145)
at org.testng.internal.TestMethodWorker.invokeTestMethods(TestMethodWorker.java:146)
at org.testng.internal.TestMethodWorker.run(TestMethodWorker.java:128)
at java.base/java.util.ArrayList.forEach(ArrayList.java:1378)
at org.testng.TestRunner.privateRun(TestRunner.java:770)
at org.testng.TestRunner.run(TestRunner.java:591)
at org.testng.SuiteRunner.runTest(SuiteRunner.java:402)
at org.testng.SuiteRunner.runSequentially(SuiteRunner.java:396)
at org.testng.SuiteRunner.privateRun(SuiteRunner.java:355)
at org.testng.SuiteRunner.run(SuiteRunner.java:304)
at org.testng.SuiteRunnerWorker.runSuite(SuiteRunnerWorker.java:53)
at org.testng.SuiteRunnerWorker.run(SuiteRunnerWorker.java:96)
at org.testng.TestNG.runSuitesSequentially(TestNG.java:1180)
at org.testng.TestNG.runSuitesLocally(TestNG.java:1102)
at org.testng.TestNG.runSuites(TestNG.java:1032)
at org.testng.TestNG.run(TestNG.java:1000)
at org.testng.remote.AbstractRemoteTestNG.run(AbstractRemoteTestNG.java:115)
at org.testng.remote.RemoteTestNG.initAndRun(RemoteTestNG.java:251)
at org.testng.remote.RemoteTestNG.main(RemoteTestNG.java:77)
]]>
    </failure>
  </testcase> <!-- @BeforeMethod initList -->
  <testcase classname="ItrTest_22_AB_addAfterCA_ACB" name="@BeforeMethod initList" time="-1.574187124473E9">
    <skipped/>
  </testcase> <!-- @BeforeMethod initList -->
  <testcase classname="ItrTest_22_AB_addAfterCA_ACB" name="@BeforeMethod initList" time="-1.574187124475E9">
    <skipped/>
  </testcase> <!-- @BeforeMethod initList -->
  <testcase classname="ItrTest_22_AB_addAfterCA_ACB" name="@BeforeMethod initList" time="-1.574187124476E9">
    <skipped/>
  </testcase> <!-- @BeforeMethod initList -->
  <testcase classname="ItrTest_22_AB_addAfterCA_ACB" name="@BeforeMethod initList" time="-1.574187124477E9">
    <skipped/>
  </testcase> <!-- @BeforeMethod initList -->
  <testcase classname="ItrTest_22_AB_addAfterCA_ACB" name="@BeforeMethod initList" time="-1.574187124478E9">
    <skipped/>
  </testcase> <!-- @BeforeMethod initList -->
  <testcase classname="ItrTest_22_AB_addAfterCA_ACB" name="@BeforeMethod initList" time="-1.574187124479E9">
    <skipped/>
  </testcase> <!-- @BeforeMethod initList -->
  <testcase classname="ItrTest_22_AB_addAfterCA_ACB" name="@BeforeMethod initList" time="-1.57418712448E9">
    <skipped/>
  </testcase> <!-- @BeforeMethod initList -->
  <testcase classname="ItrTest_22_AB_addAfterCA_ACB" name="@BeforeMethod initList" time="-1.57418712448E9">
    <skipped/>
  </testcase> <!-- @BeforeMethod initList -->
  <testcase classname="ItrTest_22_AB_addAfterCA_ACB" name="@BeforeMethod initList" time="-1.574187124482E9">
    <skipped/>
  </testcase> <!-- @BeforeMethod initList -->
  <testcase classname="ItrTest_22_AB_addAfterCA_ACB" name="@BeforeMethod initList" time="-1.574187124483E9">
    <skipped/>
  </testcase> <!-- @BeforeMethod initList -->
  <testcase classname="ItrTest_22_AB_addAfterCA_ACB" name="@BeforeMethod initList" time="-1.574187124484E9">
    <skipped/>
  </testcase> <!-- @BeforeMethod initList -->
  <testcase classname="ItrTest_22_AB_addAfterCA_ACB" name="@BeforeMethod initList" time="-1.574187124485E9">
    <skipped/>
  </testcase> <!-- @BeforeMethod initList -->
  <testcase classname="ItrTest_22_AB_addAfterCA_ACB" name="@BeforeMethod initList" time="-1.574187124487E9">
    <skipped/>
  </testcase> <!-- @BeforeMethod initList -->
  <testcase classname="ItrTest_22_AB_addAfterCA_ACB" name="@BeforeMethod initList" time="-1.574187124488E9">
    <skipped/>
  </testcase> <!-- @BeforeMethod initList -->
  <testcase classname="ItrTest_22_AB_addAfterCA_ACB" name="@BeforeMethod initList" time="-1.574187124489E9">
    <skipped/>
  </testcase> <!-- @BeforeMethod initList -->
  <testcase classname="ItrTest_22_AB_addAfterCA_ACB" name="@BeforeMethod initList" time="-1.57418712449E9">
    <skipped/>
  </testcase> <!-- @BeforeMethod initList -->
  <testcase classname="ItrTest_22_AB_addAfterCA_ACB" name="@BeforeMethod initList" time="-1.574187124492E9">
    <skipped/>
  </testcase> <!-- @BeforeMethod initList -->
  <testcase classname="ItrTest_22_AB_addAfterCA_ACB" name="@BeforeMethod initList" time="-1.574187124493E9">
    <skipped/>
  </testcase> <!-- @BeforeMethod initList -->
  <testcase classname="ItrTest_22_AB_addAfterCA_ACB" name="@BeforeMethod initList" time="-1.574187124494E9">
    <skipped/>
  </testcase> <!-- @BeforeMethod initList -->
  <testcase classname="ItrTest_22_AB_addAfterCA_ACB" name="@BeforeMethod initList" time="-1.574187124495E9">
    <skipped/>
  </testcase> <!-- @BeforeMethod initList -->
  <testcase classname="ItrTest_22_AB_addAfterCA_ACB" name="@BeforeMethod initList" time="-1.574187124496E9">
    <skipped/>
  </testcase> <!-- @BeforeMethod initList -->
  <testcase classname="ItrTest_22_AB_addAfterCA_ACB" name="@BeforeMethod initList" time="-1.574187124497E9">
    <skipped/>
  </testcase> <!-- @BeforeMethod initList -->
  <testcase classname="ItrTest_22_AB_addAfterCA_ACB" name="@BeforeMethod initList" time="-1.574187124499E9">
    <skipped/>
  </testcase> <!-- @BeforeMethod initList -->
  <testcase classname="ItrTest_22_AB_addAfterCA_ACB" name="@BeforeMethod initList" time="-1.5741871245E9">
    <skipped/>
  </testcase> <!-- @BeforeMethod initList -->
  <testcase classname="ItrTest_22_AB_addAfterCA_ACB" name="@BeforeMethod initList" time="-1.574187124501E9">
    <skipped/>
  </testcase> <!-- @BeforeMethod initList -->
  <testcase classname="ItrTest_22_AB_addAfterCA_ACB" name="@BeforeMethod initList" time="-1.574187124502E9">
    <skipped/>
  </testcase> <!-- @BeforeMethod initList -->
  <testcase classname="ItrTest_23_AB_addAfterCB_ABC" name="@BeforeMethod initList" time="0.0">
    <failure type="java.lang.NullPointerException">
      <![CDATA[java.lang.NullPointerException
at ItrTest_23_AB_addAfterCB_ABC.initList(ItrTest_23_AB_addAfterCB_ABC.java:43)
at java.base/jdk.internal.reflect.NativeMethodAccessorImpl.invoke0(Native Method)
at java.base/jdk.internal.reflect.NativeMethodAccessorImpl.invoke(NativeMethodAccessorImpl.java:62)
at java.base/jdk.internal.reflect.DelegatingMethodAccessorImpl.invoke(DelegatingMethodAccessorImpl.java:43)
at java.base/java.lang.reflect.Method.invoke(Method.java:564)
at org.testng.internal.MethodInvocationHelper.invokeMethod(MethodInvocationHelper.java:133)
at org.testng.internal.MethodInvocationHelper.invokeMethodConsideringTimeout(MethodInvocationHelper.java:62)
at org.testng.internal.ConfigInvoker.invokeConfigurationMethod(ConfigInvoker.java:340)
at org.testng.internal.ConfigInvoker.invokeConfigurations(ConfigInvoker.java:294)
at org.testng.internal.TestInvoker.runConfigMethods(TestInvoker.java:683)
at org.testng.internal.TestInvoker.invokeMethod(TestInvoker.java:510)
at org.testng.internal.TestInvoker.invokeTestMethod(TestInvoker.java:172)
at org.testng.internal.MethodRunner.runInSequence(MethodRunner.java:46)
at org.testng.internal.TestInvoker$MethodInvocationAgent.invoke(TestInvoker.java:804)
at org.testng.internal.TestInvoker.invokeTestMethods(TestInvoker.java:145)
at org.testng.internal.TestMethodWorker.invokeTestMethods(TestMethodWorker.java:146)
at org.testng.internal.TestMethodWorker.run(TestMethodWorker.java:128)
at java.base/java.util.ArrayList.forEach(ArrayList.java:1378)
at org.testng.TestRunner.privateRun(TestRunner.java:770)
at org.testng.TestRunner.run(TestRunner.java:591)
at org.testng.SuiteRunner.runTest(SuiteRunner.java:402)
at org.testng.SuiteRunner.runSequentially(SuiteRunner.java:396)
at org.testng.SuiteRunner.privateRun(SuiteRunner.java:355)
at org.testng.SuiteRunner.run(SuiteRunner.java:304)
at org.testng.SuiteRunnerWorker.runSuite(SuiteRunnerWorker.java:53)
at org.testng.SuiteRunnerWorker.run(SuiteRunnerWorker.java:96)
at org.testng.TestNG.runSuitesSequentially(TestNG.java:1180)
at org.testng.TestNG.runSuitesLocally(TestNG.java:1102)
at org.testng.TestNG.runSuites(TestNG.java:1032)
at org.testng.TestNG.run(TestNG.java:1000)
at org.testng.remote.AbstractRemoteTestNG.run(AbstractRemoteTestNG.java:115)
at org.testng.remote.RemoteTestNG.initAndRun(RemoteTestNG.java:251)
at org.testng.remote.RemoteTestNG.main(RemoteTestNG.java:77)
]]>
    </failure>
  </testcase> <!-- @BeforeMethod initList -->
  <testcase classname="ItrTest_23_AB_addAfterCB_ABC" name="@BeforeMethod initList" time="-1.574187124506E9">
    <skipped/>
  </testcase> <!-- @BeforeMethod initList -->
  <testcase classname="ItrTest_23_AB_addAfterCB_ABC" name="@BeforeMethod initList" time="-1.574187124507E9">
    <skipped/>
  </testcase> <!-- @BeforeMethod initList -->
  <testcase classname="ItrTest_23_AB_addAfterCB_ABC" name="@BeforeMethod initList" time="-1.574187124509E9">
    <skipped/>
  </testcase> <!-- @BeforeMethod initList -->
  <testcase classname="ItrTest_23_AB_addAfterCB_ABC" name="@BeforeMethod initList" time="-1.574187124511E9">
    <skipped/>
  </testcase> <!-- @BeforeMethod initList -->
  <testcase classname="ItrTest_23_AB_addAfterCB_ABC" name="@BeforeMethod initList" time="-1.574187124512E9">
    <skipped/>
  </testcase> <!-- @BeforeMethod initList -->
  <testcase classname="ItrTest_23_AB_addAfterCB_ABC" name="@BeforeMethod initList" time="-1.574187124513E9">
    <skipped/>
  </testcase> <!-- @BeforeMethod initList -->
  <testcase classname="ItrTest_23_AB_addAfterCB_ABC" name="@BeforeMethod initList" time="-1.574187124514E9">
    <skipped/>
  </testcase> <!-- @BeforeMethod initList -->
  <testcase classname="ItrTest_23_AB_addAfterCB_ABC" name="@BeforeMethod initList" time="-1.574187124515E9">
    <skipped/>
  </testcase> <!-- @BeforeMethod initList -->
  <testcase classname="ItrTest_23_AB_addAfterCB_ABC" name="@BeforeMethod initList" time="-1.574187124516E9">
    <skipped/>
  </testcase> <!-- @BeforeMethod initList -->
  <testcase classname="ItrTest_23_AB_addAfterCB_ABC" name="@BeforeMethod initList" time="-1.574187124518E9">
    <skipped/>
  </testcase> <!-- @BeforeMethod initList -->
  <testcase classname="ItrTest_23_AB_addAfterCB_ABC" name="@BeforeMethod initList" time="-1.574187124519E9">
    <skipped/>
  </testcase> <!-- @BeforeMethod initList -->
  <testcase classname="ItrTest_23_AB_addAfterCB_ABC" name="@BeforeMethod initList" time="-1.57418712452E9">
    <skipped/>
  </testcase> <!-- @BeforeMethod initList -->
  <testcase classname="ItrTest_23_AB_addAfterCB_ABC" name="@BeforeMethod initList" time="-1.574187124524E9">
    <skipped/>
  </testcase> <!-- @BeforeMethod initList -->
  <testcase classname="ItrTest_23_AB_addAfterCB_ABC" name="@BeforeMethod initList" time="-1.574187124525E9">
    <skipped/>
  </testcase> <!-- @BeforeMethod initList -->
  <testcase classname="ItrTest_23_AB_addAfterCB_ABC" name="@BeforeMethod initList" time="-1.574187124526E9">
    <skipped/>
  </testcase> <!-- @BeforeMethod initList -->
  <testcase classname="ItrTest_23_AB_addAfterCB_ABC" name="@BeforeMethod initList" time="-1.574187124527E9">
    <skipped/>
  </testcase> <!-- @BeforeMethod initList -->
  <testcase classname="ItrTest_23_AB_addAfterCB_ABC" name="@BeforeMethod initList" time="-1.574187124528E9">
    <skipped/>
  </testcase> <!-- @BeforeMethod initList -->
  <testcase classname="ItrTest_23_AB_addAfterCB_ABC" name="@BeforeMethod initList" time="-1.574187124529E9">
    <skipped/>
  </testcase> <!-- @BeforeMethod initList -->
  <testcase classname="ItrTest_23_AB_addAfterCB_ABC" name="@BeforeMethod initList" time="-1.574187124529E9">
    <skipped/>
  </testcase> <!-- @BeforeMethod initList -->
  <testcase classname="ItrTest_23_AB_addAfterCB_ABC" name="@BeforeMethod initList" time="-1.57418712453E9">
    <skipped/>
  </testcase> <!-- @BeforeMethod initList -->
  <testcase classname="ItrTest_23_AB_addAfterCB_ABC" name="@BeforeMethod initList" time="-1.574187124531E9">
    <skipped/>
  </testcase> <!-- @BeforeMethod initList -->
  <testcase classname="ItrTest_23_AB_addAfterCB_ABC" name="@BeforeMethod initList" time="-1.574187124532E9">
    <skipped/>
  </testcase> <!-- @BeforeMethod initList -->
  <testcase classname="ItrTest_23_AB_addAfterCB_ABC" name="@BeforeMethod initList" time="-1.574187124533E9">
    <skipped/>
  </testcase> <!-- @BeforeMethod initList -->
  <testcase classname="ItrTest_23_AB_addAfterCB_ABC" name="@BeforeMethod initList" time="-1.574187124534E9">
    <skipped/>
  </testcase> <!-- @BeforeMethod initList -->
  <testcase classname="ItrTest_23_AB_addAfterCB_ABC" name="@BeforeMethod initList" time="-1.574187124535E9">
    <skipped/>
  </testcase> <!-- @BeforeMethod initList -->
  <testcase classname="ItrTest_23_AB_addAfterCB_ABC" name="@BeforeMethod initList" time="-1.574187124536E9">
    <skipped/>
  </testcase> <!-- @BeforeMethod initList -->
  <testcase classname="ItrTest_24_AB_remove0_B" name="@BeforeMethod initList" time="0.0">
    <failure type="java.lang.NullPointerException">
      <![CDATA[java.lang.NullPointerException
at ItrTest_24_AB_remove0_B.initList(ItrTest_24_AB_remove0_B.java:39)
at java.base/jdk.internal.reflect.NativeMethodAccessorImpl.invoke0(Native Method)
at java.base/jdk.internal.reflect.NativeMethodAccessorImpl.invoke(NativeMethodAccessorImpl.java:62)
at java.base/jdk.internal.reflect.DelegatingMethodAccessorImpl.invoke(DelegatingMethodAccessorImpl.java:43)
at java.base/java.lang.reflect.Method.invoke(Method.java:564)
at org.testng.internal.MethodInvocationHelper.invokeMethod(MethodInvocationHelper.java:133)
at org.testng.internal.MethodInvocationHelper.invokeMethodConsideringTimeout(MethodInvocationHelper.java:62)
at org.testng.internal.ConfigInvoker.invokeConfigurationMethod(ConfigInvoker.java:340)
at org.testng.internal.ConfigInvoker.invokeConfigurations(ConfigInvoker.java:294)
at org.testng.internal.TestInvoker.runConfigMethods(TestInvoker.java:683)
at org.testng.internal.TestInvoker.invokeMethod(TestInvoker.java:510)
at org.testng.internal.TestInvoker.invokeTestMethod(TestInvoker.java:172)
at org.testng.internal.MethodRunner.runInSequence(MethodRunner.java:46)
at org.testng.internal.TestInvoker$MethodInvocationAgent.invoke(TestInvoker.java:804)
at org.testng.internal.TestInvoker.invokeTestMethods(TestInvoker.java:145)
at org.testng.internal.TestMethodWorker.invokeTestMethods(TestMethodWorker.java:146)
at org.testng.internal.TestMethodWorker.run(TestMethodWorker.java:128)
at java.base/java.util.ArrayList.forEach(ArrayList.java:1378)
at org.testng.TestRunner.privateRun(TestRunner.java:770)
at org.testng.TestRunner.run(TestRunner.java:591)
at org.testng.SuiteRunner.runTest(SuiteRunner.java:402)
at org.testng.SuiteRunner.runSequentially(SuiteRunner.java:396)
at org.testng.SuiteRunner.privateRun(SuiteRunner.java:355)
at org.testng.SuiteRunner.run(SuiteRunner.java:304)
at org.testng.SuiteRunnerWorker.runSuite(SuiteRunnerWorker.java:53)
at org.testng.SuiteRunnerWorker.run(SuiteRunnerWorker.java:96)
at org.testng.TestNG.runSuitesSequentially(TestNG.java:1180)
at org.testng.TestNG.runSuitesLocally(TestNG.java:1102)
at org.testng.TestNG.runSuites(TestNG.java:1032)
at org.testng.TestNG.run(TestNG.java:1000)
at org.testng.remote.AbstractRemoteTestNG.run(AbstractRemoteTestNG.java:115)
at org.testng.remote.RemoteTestNG.initAndRun(RemoteTestNG.java:251)
at org.testng.remote.RemoteTestNG.main(RemoteTestNG.java:77)
]]>
    </failure>
  </testcase> <!-- @BeforeMethod initList -->
  <testcase classname="ItrTest_24_AB_remove0_B" name="@BeforeMethod initList" time="-1.574187124539E9">
    <skipped/>
  </testcase> <!-- @BeforeMethod initList -->
  <testcase classname="ItrTest_24_AB_remove0_B" name="@BeforeMethod initList" time="-1.57418712454E9">
    <skipped/>
  </testcase> <!-- @BeforeMethod initList -->
  <testcase classname="ItrTest_24_AB_remove0_B" name="@BeforeMethod initList" time="-1.574187124541E9">
    <skipped/>
  </testcase> <!-- @BeforeMethod initList -->
  <testcase classname="ItrTest_24_AB_remove0_B" name="@BeforeMethod initList" time="-1.574187124543E9">
    <skipped/>
  </testcase> <!-- @BeforeMethod initList -->
[...]
    <skipped/>
  </testcase> <!-- testItrNext_remove -->
  <testcase classname="ItrTest_39_ABC_remove2_AB" name="testItr_hasNext" time="0.0">
    <skipped/>
  </testcase> <!-- testItr_hasNext -->
  <testcase classname="ItrTest_39_ABC_remove2_AB" name="testItr_next" time="0.0">
    <skipped/>
  </testcase> <!-- testItr_next -->
  <testcase classname="ItrTest_39_ABC_remove2_AB" name="testItr_remove" time="0.0">
    <skipped/>
  </testcase> <!-- testItr_remove -->
  <testcase classname="ItrTest_4_emptyList_addA_A" name="testItrNextRemove_hasNext" time="0.0">
    <skipped/>
  </testcase> <!-- testItrNextRemove_hasNext -->
  <testcase classname="ItrTest_4_emptyList_addA_A" name="testItrNextRemove_next" time="0.0">
    <skipped/>
  </testcase> <!-- testItrNextRemove_next -->
  <testcase classname="ItrTest_4_emptyList_addA_A" name="testItrNextRemove_remove" time="0.0">
    <skipped/>
  </testcase> <!-- testItrNextRemove_remove -->
  <testcase classname="ItrTest_4_emptyList_addA_A" name="testItrNext_hasNext" time="0.0">
    <skipped/>
  </testcase> <!-- testItrNext_hasNext -->
  <testcase classname="ItrTest_4_emptyList_addA_A" name="testItrNext_next" time="0.0">
    <skipped/>
  </testcase> <!-- testItrNext_next -->
  <testcase classname="ItrTest_4_emptyList_addA_A" name="testItrNext_remove" time="0.0">
    <skipped/>
  </testcase> <!-- testItrNext_remove -->
  <testcase classname="ItrTest_4_emptyList_addA_A" name="testItr_hasNext" time="0.0">
    <skipped/>
  </testcase> <!-- testItr_hasNext -->
  <testcase classname="ItrTest_4_emptyList_addA_A" name="testItr_next" time="0.0">
    <skipped/>
  </testcase> <!-- testItr_next -->
  <testcase classname="ItrTest_4_emptyList_addA_A" name="testItr_remove" time="0.0">
    <skipped/>
  </testcase> <!-- testItr_remove -->
  <testcase classname="ItrTest_40_ABC_set0D_DBC" name="testItrNextNextNextRemove_hasNext" time="0.0">
    <skipped/>
  </testcase> <!-- testItrNextNextNextRemove_hasNext -->
  <testcase classname="ItrTest_40_ABC_set0D_DBC" name="testItrNextNextNextRemove_next" time="0.0">
    <skipped/>
  </testcase> <!-- testItrNextNextNextRemove_next -->
  <testcase classname="ItrTest_40_ABC_set0D_DBC" name="testItrNextNextNextRemove_remove" time="0.0">
    <skipped/>
  </testcase> <!-- testItrNextNextNextRemove_remove -->
  <testcase classname="ItrTest_40_ABC_set0D_DBC" name="testItrNextNextNext_hasNext" time="0.0">
    <skipped/>
  </testcase> <!-- testItrNextNextNext_hasNext -->
  <testcase classname="ItrTest_40_ABC_set0D_DBC" name="testItrNextNextNext_next" time="0.0">
    <skipped/>
  </testcase> <!-- testItrNextNextNext_next -->
  <testcase classname="ItrTest_40_ABC_set0D_DBC" name="testItrNextNextNext_remove" time="0.0">
    <skipped/>
  </testcase> <!-- testItrNextNextNext_remove -->
  <testcase classname="ItrTest_40_ABC_set0D_DBC" name="testItrNextNextRemoveNext_hasNext" time="0.0">
    <skipped/>
  </testcase> <!-- testItrNextNextRemoveNext_hasNext -->
  <testcase classname="ItrTest_40_ABC_set0D_DBC" name="testItrNextNextRemoveNext_next" time="0.0">
    <skipped/>
  </testcase> <!-- testItrNextNextRemoveNext_next -->
  <testcase classname="ItrTest_40_ABC_set0D_DBC" name="testItrNextNextRemoveNext_remove" time="0.0">
    <skipped/>
  </testcase> <!-- testItrNextNextRemoveNext_remove -->
  <testcase classname="ItrTest_40_ABC_set0D_DBC" name="testItrNextNextRemove_hasNext" time="0.0">
    <skipped/>
  </testcase> <!-- testItrNextNextRemove_hasNext -->
  <testcase classname="ItrTest_40_ABC_set0D_DBC" name="testItrNextNextRemove_next" time="0.0">
    <skipped/>
  </testcase> <!-- testItrNextNextRemove_next -->
  <testcase classname="ItrTest_40_ABC_set0D_DBC" name="testItrNextNextRemove_remove" time="0.0">
    <skipped/>
  </testcase> <!-- testItrNextNextRemove_remove -->
  <testcase classname="ItrTest_40_ABC_set0D_DBC" name="testItrNextNext_hasNext" time="0.0">
    <skipped/>
  </testcase> <!-- testItrNextNext_hasNext -->
  <testcase classname="ItrTest_40_ABC_set0D_DBC" name="testItrNextNext_next" time="0.0">
    <skipped/>
  </testcase> <!-- testItrNextNext_next -->
  <testcase classname="ItrTest_40_ABC_set0D_DBC" name="testItrNextNext_remove" time="0.0">
    <skipped/>
  </testcase> <!-- testItrNextNext_remove -->
  <testcase classname="ItrTest_40_ABC_set0D_DBC" name="testItrNextRemoveNext_hasNext" time="0.0">
    <skipped/>
  </testcase> <!-- testItrNextRemoveNext_hasNext -->
  <testcase classname="ItrTest_40_ABC_set0D_DBC" name="testItrNextRemoveNext_next" time="0.0">
    <skipped/>
  </testcase> <!-- testItrNextRemoveNext_next -->
  <testcase classname="ItrTest_40_ABC_set0D_DBC" name="testItrNextRemoveNext_remove" time="0.0">
    <skipped/>
  </testcase> <!-- testItrNextRemoveNext_remove -->
  <testcase classname="ItrTest_40_ABC_set0D_DBC" name="testItrNextRemove_hasNext" time="0.0">
    <skipped/>
  </testcase> <!-- testItrNextRemove_hasNext -->
  <testcase classname="ItrTest_40_ABC_set0D_DBC" name="testItrNextRemove_next" time="0.0">
    <skipped/>
  </testcase> <!-- testItrNextRemove_next -->
  <testcase classname="ItrTest_40_ABC_set0D_DBC" name="testItrNextRemove_remove" time="0.0">
    <skipped/>
  </testcase> <!-- testItrNextRemove_remove -->
  <testcase classname="ItrTest_40_ABC_set0D_DBC" name="testItrNext_hasNext" time="0.0">
    <skipped/>
  </testcase> <!-- testItrNext_hasNext -->
  <testcase classname="ItrTest_40_ABC_set0D_DBC" name="testItrNext_next" time="0.0">
    <skipped/>
  </testcase> <!-- testItrNext_next -->
  <testcase classname="ItrTest_40_ABC_set0D_DBC" name="testItrNext_remove" time="0.0">
    <skipped/>
  </testcase> <!-- testItrNext_remove -->
  <testcase classname="ItrTest_40_ABC_set0D_DBC" name="testItr_hasNext" time="0.0">
    <skipped/>
  </testcase> <!-- testItr_hasNext -->
  <testcase classname="ItrTest_40_ABC_set0D_DBC" name="testItr_next" time="0.0">
    <skipped/>
  </testcase> <!-- testItr_next -->
  <testcase classname="ItrTest_40_ABC_set0D_DBC" name="testItr_remove" time="0.0">
    <skipped/>
  </testcase> <!-- testItr_remove -->
  <testcase classname="ItrTest_41_ABC_set1D_ADC" name="testItrNextNextNextRemove_hasNext" time="0.0">
    <skipped/>
  </testcase> <!-- testItrNextNextNextRemove_hasNext -->
  <testcase classname="ItrTest_41_ABC_set1D_ADC" name="testItrNextNextNextRemove_next" time="0.0">
    <skipped/>
  </testcase> <!-- testItrNextNextNextRemove_next -->
  <testcase classname="ItrTest_41_ABC_set1D_ADC" name="testItrNextNextNextRemove_remove" time="0.0">
    <skipped/>
  </testcase> <!-- testItrNextNextNextRemove_remove -->
  <testcase classname="ItrTest_41_ABC_set1D_ADC" name="testItrNextNextNext_hasNext" time="0.0">
    <skipped/>
  </testcase> <!-- testItrNextNextNext_hasNext -->
  <testcase classname="ItrTest_41_ABC_set1D_ADC" name="testItrNextNextNext_next" time="0.0">
    <skipped/>
  </testcase> <!-- testItrNextNextNext_next -->
  <testcase classname="ItrTest_41_ABC_set1D_ADC" name="testItrNextNextNext_remove" time="0.0">
    <skipped/>
  </testcase> <!-- testItrNextNextNext_remove -->
  <testcase classname="ItrTest_41_ABC_set1D_ADC" name="testItrNextNextRemoveNext_hasNext" time="0.0">
    <skipped/>
  </testcase> <!-- testItrNextNextRemoveNext_hasNext -->
  <testcase classname="ItrTest_41_ABC_set1D_ADC" name="testItrNextNextRemoveNext_next" time="0.0">
    <skipped/>
  </testcase> <!-- testItrNextNextRemoveNext_next -->
  <testcase classname="ItrTest_41_ABC_set1D_ADC" name="testItrNextNextRemoveNext_remove" time="0.0">
    <skipped/>
  </testcase> <!-- testItrNextNextRemoveNext_remove -->
  <testcase classname="ItrTest_41_ABC_set1D_ADC" name="testItrNextNextRemove_hasNext" time="0.0">
    <skipped/>
  </testcase> <!-- testItrNextNextRemove_hasNext -->
  <testcase classname="ItrTest_41_ABC_set1D_ADC" name="testItrNextNextRemove_next" time="0.0">
    <skipped/>
  </testcase> <!-- testItrNextNextRemove_next -->
  <testcase classname="ItrTest_41_ABC_set1D_ADC" name="testItrNextNextRemove_remove" time="0.0">
    <skipped/>
  </testcase> <!-- testItrNextNextRemove_remove -->
  <testcase classname="ItrTest_41_ABC_set1D_ADC" name="testItrNextNext_hasNext" time="0.0">
    <skipped/>
  </testcase> <!-- testItrNextNext_hasNext -->
  <testcase classname="ItrTest_41_ABC_set1D_ADC" name="testItrNextNext_next" time="0.0">
    <skipped/>
  </testcase> <!-- testItrNextNext_next -->
  <testcase classname="ItrTest_41_ABC_set1D_ADC" name="testItrNextNext_remove" time="0.0">
    <skipped/>
  </testcase> <!-- testItrNextNext_remove -->
  <testcase classname="ItrTest_41_ABC_set1D_ADC" name="testItrNextRemoveNext_hasNext" time="0.0">
    <skipped/>
  </testcase> <!-- testItrNextRemoveNext_hasNext -->
  <testcase classname="ItrTest_41_ABC_set1D_ADC" name="testItrNextRemoveNext_next" time="0.0">
    <skipped/>
  </testcase> <!-- testItrNextRemoveNext_next -->
  <testcase classname="ItrTest_41_ABC_set1D_ADC" name="testItrNextRemoveNext_remove" time="0.0">
    <skipped/>
  </testcase> <!-- testItrNextRemoveNext_remove -->
  <testcase classname="ItrTest_41_ABC_set1D_ADC" name="testItrNextRemove_hasNext" time="0.0">
    <skipped/>
  </testcase> <!-- testItrNextRemove_hasNext -->
  <testcase classname="ItrTest_41_ABC_set1D_ADC" name="testItrNextRemove_next" time="0.0">
    <skipped/>
  </testcase> <!-- testItrNextRemove_next -->
  <testcase classname="ItrTest_41_ABC_set1D_ADC" name="testItrNextRemove_remove" time="0.0">
    <skipped/>
  </testcase> <!-- testItrNextRemove_remove -->
  <testcase classname="ItrTest_41_ABC_set1D_ADC" name="testItrNext_hasNext" time="0.0">
    <skipped/>
  </testcase> <!-- testItrNext_hasNext -->
  <testcase classname="ItrTest_41_ABC_set1D_ADC" name="testItrNext_next" time="0.0">
    <skipped/>
  </testcase> <!-- testItrNext_next -->
  <testcase classname="ItrTest_41_ABC_set1D_ADC" name="testItrNext_remove" time="0.0">
    <skipped/>
  </testcase> <!-- testItrNext_remove -->
  <testcase classname="ItrTest_41_ABC_set1D_ADC" name="testItr_hasNext" time="0.0">
    <skipped/>
  </testcase> <!-- testItr_hasNext -->
  <testcase classname="ItrTest_41_ABC_set1D_ADC" name="testItr_next" time="0.0">
    <skipped/>
  </testcase> <!-- testItr_next -->
  <testcase classname="ItrTest_41_ABC_set1D_ADC" name="testItr_remove" time="0.0">
    <skipped/>
  </testcase> <!-- testItr_remove -->
  <testcase classname="ItrTest_42_ABC_set2D_ABD" name="testItrNextNextNextRemove_hasNext" time="0.0">
    <skipped/>
  </testcase> <!-- testItrNextNextNextRemove_hasNext -->
  <testcase classname="ItrTest_42_ABC_set2D_ABD" name="testItrNextNextNextRemove_next" time="0.0">
    <skipped/>
  </testcase> <!-- testItrNextNextNextRemove_next -->
  <testcase classname="ItrTest_42_ABC_set2D_ABD" name="testItrNextNextNextRemove_remove" time="0.0">
    <skipped/>
  </testcase> <!-- testItrNextNextNextRemove_remove -->
  <testcase classname="ItrTest_42_ABC_set2D_ABD" name="testItrNextNextNext_hasNext" time="0.0">
    <skipped/>
  </testcase> <!-- testItrNextNextNext_hasNext -->
  <testcase classname="ItrTest_42_ABC_set2D_ABD" name="testItrNextNextNext_next" time="0.0">
    <skipped/>
  </testcase> <!-- testItrNextNextNext_next -->
  <testcase classname="ItrTest_42_ABC_set2D_ABD" name="testItrNextNextNext_remove" time="0.0">
    <skipped/>
  </testcase> <!-- testItrNextNextNext_remove -->
  <testcase classname="ItrTest_42_ABC_set2D_ABD" name="testItrNextNextRemoveNext_hasNext" time="0.0">
    <skipped/>
  </testcase> <!-- testItrNextNextRemoveNext_hasNext -->
  <testcase classname="ItrTest_42_ABC_set2D_ABD" name="testItrNextNextRemoveNext_next" time="0.0">
    <skipped/>
  </testcase> <!-- testItrNextNextRemoveNext_next -->
  <testcase classname="ItrTest_42_ABC_set2D_ABD" name="testItrNextNextRemoveNext_remove" time="0.0">
    <skipped/>
  </testcase> <!-- testItrNextNextRemoveNext_remove -->
  <testcase classname="ItrTest_42_ABC_set2D_ABD" name="testItrNextNextRemove_hasNext" time="0.0">
    <skipped/>
  </testcase> <!-- testItrNextNextRemove_hasNext -->
  <testcase classname="ItrTest_42_ABC_set2D_ABD" name="testItrNextNextRemove_next" time="0.0">
    <skipped/>
  </testcase> <!-- testItrNextNextRemove_next -->
  <testcase classname="ItrTest_42_ABC_set2D_ABD" name="testItrNextNextRemove_remove" time="0.0">
    <skipped/>
  </testcase> <!-- testItrNextNextRemove_remove -->
  <testcase classname="ItrTest_42_ABC_set2D_ABD" name="testItrNextNext_hasNext" time="0.0">
    <skipped/>
  </testcase> <!-- testItrNextNext_hasNext -->
  <testcase classname="ItrTest_42_ABC_set2D_ABD" name="testItrNextNext_next" time="0.0">
    <skipped/>
  </testcase> <!-- testItrNextNext_next -->
  <testcase classname="ItrTest_42_ABC_set2D_ABD" name="testItrNextNext_remove" time="0.0">
    <skipped/>
  </testcase> <!-- testItrNextNext_remove -->
  <testcase classname="ItrTest_42_ABC_set2D_ABD" name="testItrNextRemoveNext_hasNext" time="0.0">
    <skipped/>
  </testcase> <!-- testItrNextRemoveNext_hasNext -->
  <testcase classname="ItrTest_42_ABC_set2D_ABD" name="testItrNextRemoveNext_next" time="0.0">
    <skipped/>
  </testcase> <!-- testItrNextRemoveNext_next -->
  <testcase classname="ItrTest_42_ABC_set2D_ABD" name="testItrNextRemoveNext_remove" time="0.0">
    <skipped/>
  </testcase> <!-- testItrNextRemoveNext_remove -->
  <testcase classname="ItrTest_42_ABC_set2D_ABD" name="testItrNextRemove_hasNext" time="0.0">
    <skipped/>
  </testcase> <!-- testItrNextRemove_hasNext -->
  <testcase classname="ItrTest_42_ABC_set2D_ABD" name="testItrNextRemove_next" time="0.0">
    <skipped/>
  </testcase> <!-- testItrNextRemove_next -->
  <testcase classname="ItrTest_42_ABC_set2D_ABD" name="testItrNextRemove_remove" time="0.0">
    <skipped/>
  </testcase> <!-- testItrNextRemove_remove -->
  <testcase classname="ItrTest_42_ABC_set2D_ABD" name="testItrNext_hasNext" time="0.0">
    <skipped/>
  </testcase> <!-- testItrNext_hasNext -->
  <testcase classname="ItrTest_42_ABC_set2D_ABD" name="testItrNext_next" time="0.0">
    <skipped/>
  </testcase> <!-- testItrNext_next -->
  <testcase classname="ItrTest_42_ABC_set2D_ABD" name="testItrNext_remove" time="0.0">
    <skipped/>
  </testcase> <!-- testItrNext_remove -->
  <testcase classname="ItrTest_42_ABC_set2D_ABD" name="testItr_hasNext" time="0.0">
    <skipped/>
  </testcase> <!-- testItr_hasNext -->
  <testcase classname="ItrTest_42_ABC_set2D_ABD" name="testItr_next" time="0.0">
    <skipped/>
  </testcase> <!-- testItr_next -->
  <testcase classname="ItrTest_42_ABC_set2D_ABD" name="testItr_remove" time="0.0">
    <skipped/>
  </testcase> <!-- testItr_remove -->
  <testcase classname="ItrTest_5_emptyList_add0A_A" name="testItrNextRemove_hasNext" time="0.0">
    <skipped/>
  </testcase> <!-- testItrNextRemove_hasNext -->
  <testcase classname="ItrTest_5_emptyList_add0A_A" name="testItrNextRemove_next" time="0.0">
    <skipped/>
  </testcase> <!-- testItrNextRemove_next -->
  <testcase classname="ItrTest_5_emptyList_add0A_A" name="testItrNextRemove_remove" time="0.0">
    <skipped/>
  </testcase> <!-- testItrNextRemove_remove -->
  <testcase classname="ItrTest_5_emptyList_add0A_A" name="testItrNext_hasNext" time="0.0">
    <skipped/>
  </testcase> <!-- testItrNext_hasNext -->
  <testcase classname="ItrTest_5_emptyList_add0A_A" name="testItrNext_next" time="0.0">
    <skipped/>
  </testcase> <!-- testItrNext_next -->
  <testcase classname="ItrTest_5_emptyList_add0A_A" name="testItrNext_remove" time="0.0">
    <skipped/>
  </testcase> <!-- testItrNext_remove -->
  <testcase classname="ItrTest_5_emptyList_add0A_A" name="testItr_hasNext" time="0.0">
    <skipped/>
  </testcase> <!-- testItr_hasNext -->
  <testcase classname="ItrTest_5_emptyList_add0A_A" name="testItr_next" time="0.0">
    <skipped/>
  </testcase> <!-- testItr_next -->
  <testcase classname="ItrTest_5_emptyList_add0A_A" name="testItr_remove" time="0.0">
    <skipped/>
  </testcase> <!-- testItr_remove -->
  <testcase classname="ItrTest_6_A_removeFirst_emptyList" name="testItr_hasNext" time="0.0">
    <skipped/>
  </testcase> <!-- testItr_hasNext -->
  <testcase classname="ItrTest_6_A_removeFirst_emptyList" name="testItr_next" time="0.0">
    <skipped/>
  </testcase> <!-- testItr_next -->
  <testcase classname="ItrTest_6_A_removeFirst_emptyList" name="testItr_remove" time="0.0">
    <skipped/>
  </testcase> <!-- testItr_remove -->
  <testcase classname="ItrTest_7_A_removeLast_emptyList" name="testItr_hasNext" time="0.0">
    <skipped/>
  </testcase> <!-- testItr_hasNext -->
  <testcase classname="ItrTest_7_A_removeLast_emptyList" name="testItr_next" time="0.0">
    <skipped/>
  </testcase> <!-- testItr_next -->
  <testcase classname="ItrTest_7_A_removeLast_emptyList" name="testItr_remove" time="0.0">
    <skipped/>
  </testcase> <!-- testItr_remove -->
  <testcase classname="ItrTest_8_A_removeA_emptyList" name="testItr_hasNext" time="0.0">
    <skipped/>
  </testcase> <!-- testItr_hasNext -->
  <testcase classname="ItrTest_8_A_removeA_emptyList" name="testItr_next" time="0.0">
    <skipped/>
  </testcase> <!-- testItr_next -->
  <testcase classname="ItrTest_8_A_removeA_emptyList" name="testItr_remove" time="0.0">
    <skipped/>
  </testcase> <!-- testItr_remove -->
  <testcase classname="ItrTest_9_A_addToFrontB_BA" name="testItrNextNextRemove_hasNext" time="0.0">
    <skipped/>
  </testcase> <!-- testItrNextNextRemove_hasNext -->
  <testcase classname="ItrTest_9_A_addToFrontB_BA" name="testItrNextNextRemove_next" time="0.0">
    <skipped/>
  </testcase> <!-- testItrNextNextRemove_next -->
  <testcase classname="ItrTest_9_A_addToFrontB_BA" name="testItrNextNextRemove_remove" time="0.0">
    <skipped/>
  </testcase> <!-- testItrNextNextRemove_remove -->
  <testcase classname="ItrTest_9_A_addToFrontB_BA" name="testItrNextNext_hasNext" time="0.0">
    <skipped/>
  </testcase> <!-- testItrNextNext_hasNext -->
  <testcase classname="ItrTest_9_A_addToFrontB_BA" name="testItrNextNext_next" time="0.0">
    <skipped/>
  </testcase> <!-- testItrNextNext_next -->
  <testcase classname="ItrTest_9_A_addToFrontB_BA" name="testItrNextNext_remove" time="0.0">
    <skipped/>
  </testcase> <!-- testItrNextNext_remove -->
  <testcase classname="ItrTest_9_A_addToFrontB_BA" name="testItrNextRemoveNext_hasNext" time="0.0">
    <skipped/>
  </testcase> <!-- testItrNextRemoveNext_hasNext -->
  <testcase classname="ItrTest_9_A_addToFrontB_BA" name="testItrNextRemoveNext_next" time="0.0">
    <skipped/>
  </testcase> <!-- testItrNextRemoveNext_next -->
  <testcase classname="ItrTest_9_A_addToFrontB_BA" name="testItrNextRemoveNext_remove" time="0.0">
    <skipped/>
  </testcase> <!-- testItrNextRemoveNext_remove -->
  <testcase classname="ItrTest_9_A_addToFrontB_BA" name="testItrNextRemove_hasNext" time="0.0">
    <skipped/>
  </testcase> <!-- testItrNextRemove_hasNext -->
  <testcase classname="ItrTest_9_A_addToFrontB_BA" name="testItrNextRemove_next" time="0.0">
    <skipped/>
  </testcase> <!-- testItrNextRemove_next -->
  <testcase classname="ItrTest_9_A_addToFrontB_BA" name="testItrNextRemove_remove" time="0.0">
    <skipped/>
  </testcase> <!-- testItrNextRemove_remove -->
  <testcase classname="ItrTest_9_A_addToFrontB_BA" name="testItrNext_hasNext" time="0.0">
    <skipped/>
  </testcase> <!-- testItrNext_hasNext -->
  <testcase classname="ItrTest_9_A_addToFrontB_BA" name="testItrNext_next" time="0.0">
    <skipped/>
  </testcase> <!-- testItrNext_next -->
  <testcase classname="ItrTest_9_A_addToFrontB_BA" name="testItrNext_remove" time="0.0">
    <skipped/>
  </testcase> <!-- testItrNext_remove -->
  <testcase classname="ItrTest_9_A_addToFrontB_BA" name="testItr_hasNext" time="0.0">
    <skipped/>
  </testcase> <!-- testItr_hasNext -->
  <testcase classname="ItrTest_9_A_addToFrontB_BA" name="testItr_next" time="0.0">
    <skipped/>
  </testcase> <!-- testItr_next -->
  <testcase classname="ItrTest_9_A_addToFrontB_BA" name="testItr_remove" time="0.0">
    <skipped/>
  </testcase> <!-- testItr_remove -->
</testsuite> <!-- IUSingleList -->
