<?xml version="1.0" encoding="UTF-8"?>
<!-- Generated by org.testng.reporters.JUnitXMLReporter -->
<testsuite ignored="0" hostname="daniels-mbp.boisestate.edu" failures="0" tests="27" name="Default test" time="0.117" errors="0" timestamp="2019-11-01T12:55:53 MDT">
  <testcase classname="ItrTest_22_AB_addAfterCA_ACB" name="@BeforeMethod initList" time="-1.572634553657E9">
    <failure type="org.testng.TestNGException" message="
Parameter &amp;apos;listType&amp;apos; is required by BeforeMethod on method initList but has not been marked @Optional or defined
in /private/var/folders/jn/1xmdp9956hl73gvrq36x_d740000gn/T/testng-eclipse-606047515/testng-customsuite.xml">
      <![CDATA[org.testng.TestNGException: 
Parameter 'listType' is required by BeforeMethod on method initList but has not been marked @Optional or defined
in /private/var/folders/jn/1xmdp9956hl73gvrq36x_d740000gn/T/testng-eclipse-606047515/testng-customsuite.xml
at org.testng.internal.Parameters.createParams(Parameters.java:289)
at org.testng.internal.Parameters.createParametersForMethod(Parameters.java:377)
at org.testng.internal.Parameters.createParameters(Parameters.java:721)
at org.testng.internal.Parameters.createConfigurationParameters(Parameters.java:164)
at org.testng.internal.ConfigInvoker.invokeConfigurations(ConfigInvoker.java:275)
at org.testng.internal.TestInvoker.runConfigMethods(TestInvoker.java:683)
at org.testng.internal.TestInvoker.invokeMethod(TestInvoker.java:510)
at org.testng.internal.TestInvoker.invokeTestMethod(TestInvoker.java:172)
at org.testng.internal.MethodRunner.runInSequence(MethodRunner.java:46)
at org.testng.internal.TestInvoker$MethodInvocationAgent.invoke(TestInvoker.java:804)
at org.testng.internal.TestInvoker.invokeTestMethods(TestInvoker.java:145)
at org.testng.internal.TestMethodWorker.invokeTestMethods(TestMethodWorker.java:146)
at org.testng.internal.TestMethodWorker.run(TestMethodWorker.java:128)
at java.base/java.util.ArrayList.forEach(ArrayList.java:1378)
at org.testng.TestRunner.privateRun(TestRunner.java:770)
at org.testng.TestRunner.run(TestRunner.java:591)
at org.testng.SuiteRunner.runTest(SuiteRunner.java:402)
at org.testng.SuiteRunner.runSequentially(SuiteRunner.java:396)
at org.testng.SuiteRunner.privateRun(SuiteRunner.java:355)
at org.testng.SuiteRunner.run(SuiteRunner.java:304)
at org.testng.SuiteRunnerWorker.runSuite(SuiteRunnerWorker.java:53)
at org.testng.SuiteRunnerWorker.run(SuiteRunnerWorker.java:96)
at org.testng.TestNG.runSuitesSequentially(TestNG.java:1180)
at org.testng.TestNG.runSuitesLocally(TestNG.java:1102)
at org.testng.TestNG.runSuites(TestNG.java:1032)
at org.testng.TestNG.run(TestNG.java:1000)
at org.testng.remote.AbstractRemoteTestNG.run(AbstractRemoteTestNG.java:115)
at org.testng.remote.RemoteTestNG.initAndRun(RemoteTestNG.java:251)
at org.testng.remote.RemoteTestNG.main(RemoteTestNG.java:77)
]]>
    </failure>
  </testcase> <!-- @BeforeMethod initList -->
  <testcase classname="ItrTest_22_AB_addAfterCA_ACB" name="@BeforeMethod initList" time="-1.572634553671E9">
    <skipped/>
  </testcase> <!-- @BeforeMethod initList -->
  <testcase classname="ItrTest_22_AB_addAfterCA_ACB" name="@BeforeMethod initList" time="-1.572634553676E9">
    <skipped/>
  </testcase> <!-- @BeforeMethod initList -->
  <testcase classname="ItrTest_22_AB_addAfterCA_ACB" name="@BeforeMethod initList" time="-1.57263455368E9">
    <skipped/>
  </testcase> <!-- @BeforeMethod initList -->
  <testcase classname="ItrTest_22_AB_addAfterCA_ACB" name="@BeforeMethod initList" time="-1.572634553684E9">
    <skipped/>
  </testcase> <!-- @BeforeMethod initList -->
  <testcase classname="ItrTest_22_AB_addAfterCA_ACB" name="@BeforeMethod initList" time="-1.572634553687E9">
    <skipped/>
  </testcase> <!-- @BeforeMethod initList -->
  <testcase classname="ItrTest_22_AB_addAfterCA_ACB" name="@BeforeMethod initList" time="-1.572634553691E9">
    <skipped/>
  </testcase> <!-- @BeforeMethod initList -->
  <testcase classname="ItrTest_22_AB_addAfterCA_ACB" name="@BeforeMethod initList" time="-1.572634553694E9">
    <skipped/>
  </testcase> <!-- @BeforeMethod initList -->
  <testcase classname="ItrTest_22_AB_addAfterCA_ACB" name="@BeforeMethod initList" time="-1.572634553698E9">
    <skipped/>
  </testcase> <!-- @BeforeMethod initList -->
  <testcase classname="ItrTest_22_AB_addAfterCA_ACB" name="@BeforeMethod initList" time="-1.572634553701E9">
    <skipped/>
  </testcase> <!-- @BeforeMethod initList -->
  <testcase classname="ItrTest_22_AB_addAfterCA_ACB" name="@BeforeMethod initList" time="-1.572634553705E9">
    <skipped/>
  </testcase> <!-- @BeforeMethod initList -->
  <testcase classname="ItrTest_22_AB_addAfterCA_ACB" name="@BeforeMethod initList" time="-1.572634553709E9">
    <skipped/>
  </testcase> <!-- @BeforeMethod initList -->
  <testcase classname="ItrTest_22_AB_addAfterCA_ACB" name="@BeforeMethod initList" time="-1.572634553713E9">
    <skipped/>
  </testcase> <!-- @BeforeMethod initList -->
  <testcase classname="ItrTest_22_AB_addAfterCA_ACB" name="@BeforeMethod initList" time="-1.572634553717E9">
    <skipped/>
  </testcase> <!-- @BeforeMethod initList -->
  <testcase classname="ItrTest_22_AB_addAfterCA_ACB" name="@BeforeMethod initList" time="-1.57263455372E9">
    <skipped/>
  </testcase> <!-- @BeforeMethod initList -->
  <testcase classname="ItrTest_22_AB_addAfterCA_ACB" name="@BeforeMethod initList" time="-1.572634553723E9">
    <skipped/>
  </testcase> <!-- @BeforeMethod initList -->
  <testcase classname="ItrTest_22_AB_addAfterCA_ACB" name="@BeforeMethod initList" time="-1.572634553727E9">
    <skipped/>
  </testcase> <!-- @BeforeMethod initList -->
  <testcase classname="ItrTest_22_AB_addAfterCA_ACB" name="@BeforeMethod initList" time="-1.57263455373E9">
    <skipped/>
  </testcase> <!-- @BeforeMethod initList -->
  <testcase classname="ItrTest_22_AB_addAfterCA_ACB" name="@BeforeMethod initList" time="-1.572634553733E9">
    <skipped/>
  </testcase> <!-- @BeforeMethod initList -->
  <testcase classname="ItrTest_22_AB_addAfterCA_ACB" name="@BeforeMethod initList" time="-1.572634553736E9">
    <skipped/>
  </testcase> <!-- @BeforeMethod initList -->
  <testcase classname="ItrTest_22_AB_addAfterCA_ACB" name="@BeforeMethod initList" time="-1.572634553738E9">
    <skipped/>
  </testcase> <!-- @BeforeMethod initList -->
  <testcase classname="ItrTest_22_AB_addAfterCA_ACB" name="@BeforeMethod initList" time="-1.57263455374E9">
    <skipped/>
  </testcase> <!-- @BeforeMethod initList -->
  <testcase classname="ItrTest_22_AB_addAfterCA_ACB" name="@BeforeMethod initList" time="-1.572634553743E9">
    <skipped/>
  </testcase> <!-- @BeforeMethod initList -->
  <testcase classname="ItrTest_22_AB_addAfterCA_ACB" name="@BeforeMethod initList" time="-1.572634553745E9">
    <skipped/>
  </testcase> <!-- @BeforeMethod initList -->
  <testcase classname="ItrTest_22_AB_addAfterCA_ACB" name="@BeforeMethod initList" time="-1.572634553747E9">
    <skipped/>
  </testcase> <!-- @BeforeMethod initList -->
  <testcase classname="ItrTest_22_AB_addAfterCA_ACB" name="@BeforeMethod initList" time="-1.57263455375E9">
    <skipped/>
  </testcase> <!-- @BeforeMethod initList -->
  <testcase classname="ItrTest_22_AB_addAfterCA_ACB" name="@BeforeMethod initList" time="-1.572634553752E9">
    <skipped/>
  </testcase> <!-- @BeforeMethod initList -->
  <testcase classname="ItrTest_22_AB_addAfterCA_ACB" name="testItrNextNextNextRemove_hasNext" time="0.0">
    <skipped/>
  </testcase> <!-- testItrNextNextNextRemove_hasNext -->
  <testcase classname="ItrTest_22_AB_addAfterCA_ACB" name="testItrNextNextNextRemove_next" time="0.0">
    <skipped/>
  </testcase> <!-- testItrNextNextNextRemove_next -->
  <testcase classname="ItrTest_22_AB_addAfterCA_ACB" name="testItrNextNextNextRemove_remove" time="0.001">
    <skipped/>
  </testcase> <!-- testItrNextNextNextRemove_remove -->
  <testcase classname="ItrTest_22_AB_addAfterCA_ACB" name="testItrNextNextNext_hasNext" time="0.0">
    <skipped/>
  </testcase> <!-- testItrNextNextNext_hasNext -->
  <testcase classname="ItrTest_22_AB_addAfterCA_ACB" name="testItrNextNextNext_next" time="0.0">
    <skipped/>
  </testcase> <!-- testItrNextNextNext_next -->
  <testcase classname="ItrTest_22_AB_addAfterCA_ACB" name="testItrNextNextNext_remove" time="0.0">
    <skipped/>
  </testcase> <!-- testItrNextNextNext_remove -->
  <testcase classname="ItrTest_22_AB_addAfterCA_ACB" name="testItrNextNextRemoveNext_hasNext" time="0.0">
    <skipped/>
  </testcase> <!-- testItrNextNextRemoveNext_hasNext -->
  <testcase classname="ItrTest_22_AB_addAfterCA_ACB" name="testItrNextNextRemoveNext_next" time="0.0">
    <skipped/>
  </testcase> <!-- testItrNextNextRemoveNext_next -->
  <testcase classname="ItrTest_22_AB_addAfterCA_ACB" name="testItrNextNextRemoveNext_remove" time="0.0">
    <skipped/>
  </testcase> <!-- testItrNextNextRemoveNext_remove -->
  <testcase classname="ItrTest_22_AB_addAfterCA_ACB" name="testItrNextNextRemove_hasNext" time="0.0">
    <skipped/>
  </testcase> <!-- testItrNextNextRemove_hasNext -->
  <testcase classname="ItrTest_22_AB_addAfterCA_ACB" name="testItrNextNextRemove_next" time="0.0">
    <skipped/>
  </testcase> <!-- testItrNextNextRemove_next -->
  <testcase classname="ItrTest_22_AB_addAfterCA_ACB" name="testItrNextNextRemove_remove" time="0.0">
    <skipped/>
  </testcase> <!-- testItrNextNextRemove_remove -->
  <testcase classname="ItrTest_22_AB_addAfterCA_ACB" name="testItrNextNext_hasNext" time="0.0">
    <skipped/>
  </testcase> <!-- testItrNextNext_hasNext -->
  <testcase classname="ItrTest_22_AB_addAfterCA_ACB" name="testItrNextNext_next" time="0.001">
    <skipped/>
  </testcase> <!-- testItrNextNext_next -->
  <testcase classname="ItrTest_22_AB_addAfterCA_ACB" name="testItrNextNext_remove" time="0.0">
    <skipped/>
  </testcase> <!-- testItrNextNext_remove -->
  <testcase classname="ItrTest_22_AB_addAfterCA_ACB" name="testItrNextRemoveNext_hasNext" time="0.0">
    <skipped/>
  </testcase> <!-- testItrNextRemoveNext_hasNext -->
  <testcase classname="ItrTest_22_AB_addAfterCA_ACB" name="testItrNextRemoveNext_next" time="0.0">
    <skipped/>
  </testcase> <!-- testItrNextRemoveNext_next -->
  <testcase classname="ItrTest_22_AB_addAfterCA_ACB" name="testItrNextRemoveNext_remove" time="0.0">
    <skipped/>
  </testcase> <!-- testItrNextRemoveNext_remove -->
  <testcase classname="ItrTest_22_AB_addAfterCA_ACB" name="testItrNextRemove_hasNext" time="0.0">
    <skipped/>
  </testcase> <!-- testItrNextRemove_hasNext -->
  <testcase classname="ItrTest_22_AB_addAfterCA_ACB" name="testItrNextRemove_next" time="0.0">
    <skipped/>
  </testcase> <!-- testItrNextRemove_next -->
  <testcase classname="ItrTest_22_AB_addAfterCA_ACB" name="testItrNextRemove_remove" time="0.0">
    <skipped/>
  </testcase> <!-- testItrNextRemove_remove -->
  <testcase classname="ItrTest_22_AB_addAfterCA_ACB" name="testItrNext_hasNext" time="0.0">
    <skipped/>
  </testcase> <!-- testItrNext_hasNext -->
  <testcase classname="ItrTest_22_AB_addAfterCA_ACB" name="testItrNext_next" time="0.0">
    <skipped/>
  </testcase> <!-- testItrNext_next -->
  <testcase classname="ItrTest_22_AB_addAfterCA_ACB" name="testItrNext_remove" time="0.0">
    <skipped/>
  </testcase> <!-- testItrNext_remove -->
  <testcase classname="ItrTest_22_AB_addAfterCA_ACB" name="testItr_hasNext" time="0.0">
    <skipped/>
  </testcase> <!-- testItr_hasNext -->
  <testcase classname="ItrTest_22_AB_addAfterCA_ACB" name="testItr_next" time="0.0">
    <skipped/>
  </testcase> <!-- testItr_next -->
  <testcase classname="ItrTest_22_AB_addAfterCA_ACB" name="testItr_remove" time="0.0">
    <skipped/>
  </testcase> <!-- testItr_remove -->
</testsuite> <!-- Default test -->
