<?xml version="1.0" encoding="UTF-8"?>
<!-- Generated by org.testng.reporters.JUnitXMLReporter -->
<testsuite ignored="0" hostname="Daniels-MacBook-Pro.local" failures="0" tests="38" name="SortTest" time="0.213" errors="0" timestamp="2019-12-13T17:18:20 MST">
  <testcase classname="SortTest" name="testSortComparator_A" time="0.006"/>
  <testcase classname="SortTest" name="testSortComparator_AA" time="0.001"/>
  <testcase classname="SortTest" name="testSortComparator_AAB" time="0.002"/>
  <testcase classname="SortTest" name="testSortComparator_AB" time="0.001"/>
  <testcase classname="SortTest" name="testSortComparator_ABA" time="0.001"/>
  <testcase classname="SortTest" name="testSortComparator_ABC" time="0.0"/>
  <testcase classname="SortTest" name="testSortComparator_ACB" time="0.001"/>
  <testcase classname="SortTest" name="testSortComparator_BA" time="0.001"/>
  <testcase classname="SortTest" name="testSortComparator_BAA" time="0.001"/>
  <testcase classname="SortTest" name="testSortComparator_BAB" time="0.0"/>
  <testcase classname="SortTest" name="testSortComparator_BAC" time="0.001"/>
  <testcase classname="SortTest" name="testSortComparator_BCA" time="0.001"/>
  <testcase classname="SortTest" name="testSortComparator_BDAC" time="0.001"/>
  <testcase classname="SortTest" name="testSortComparator_BigList" time="0.057"/>
  <testcase classname="SortTest" name="testSortComparator_CAB" time="0.001"/>
  <testcase classname="SortTest" name="testSortComparator_CACB" time="0.001"/>
  <testcase classname="SortTest" name="testSortComparator_CADB" time="0.001"/>
  <testcase classname="SortTest" name="testSortComparator_CBA" time="0.001"/>
  <testcase classname="SortTest" name="testSortComparator_newList" time="0.0"/>
  <testcase classname="SortTest" name="testSort_A" time="0.0"/>
  <testcase classname="SortTest" name="testSort_AA" time="0.001"/>
  <testcase classname="SortTest" name="testSort_AAB" time="0.001"/>
  <testcase classname="SortTest" name="testSort_AB" time="0.001"/>
  <testcase classname="SortTest" name="testSort_ABA" time="0.001"/>
  <testcase classname="SortTest" name="testSort_ABC" time="0.001"/>
  <testcase classname="SortTest" name="testSort_ACB" time="0.001"/>
  <testcase classname="SortTest" name="testSort_BA" time="0.001"/>
  <testcase classname="SortTest" name="testSort_BAA" time="0.001"/>
  <testcase classname="SortTest" name="testSort_BAB" time="0.001"/>
  <testcase classname="SortTest" name="testSort_BAC" time="0.002"/>
  <testcase classname="SortTest" name="testSort_BCA" time="0.001"/>
  <testcase classname="SortTest" name="testSort_BDAC" time="0.001"/>
  <testcase classname="SortTest" name="testSort_BigList" time="0.048"/>
  <testcase classname="SortTest" name="testSort_CAB" time="0.001"/>
  <testcase classname="SortTest" name="testSort_CACB" time="0.001"/>
  <testcase classname="SortTest" name="testSort_CADB" time="0.001"/>
  <testcase classname="SortTest" name="testSort_CBA" time="0.0"/>
  <testcase classname="SortTest" name="testSort_newList" time="0.001"/>
</testsuite> <!-- SortTest -->
